<!doctype html>
<html lang="">
<head>
    <meta charset="UTF-8">
    <meta name="viewport"
          content="width=device-width, user-scalable=no, initial-scale=1.0, maximum-scale=1.0, minimum-scale=1.0">
    <meta http-equiv="X-UA-Compatible" content="ie=edge">
    <title>Test Results Report - Check login and logout successfully</title>

    <link href="reportng.css" rel="stylesheet" type="text/css"/>
</head>
<body>
<div id="meta">
Generated by <a href="http://www.testng.org" target="_blank">TestNG</a> with <a href="https://github.com/testng-team/reportng" target="_blank">ReportNG</a>
at 18:52 IST on Thursday 28 May 2020
    <br/><span
    id="systemInfo">Nasreenk@WJLP-1098&nbsp;/&nbsp;Java 11.0.7 (Oracle Corporation)&nbsp;/&nbsp;Windows 10 10.0 (amd64)</span>
</div>
<h1>Check login and logout successfully</h1>

<p>
    <a href="index.html">Suites</a>
        &#183; <a href="output.html">Log Output</a>
</p>

<p>Test duration
    : 225.296s</p>


    <table class="resultsTable">
        <tr>
            <th colspan="3" class="header failed">Failed Tests</th>
        </tr>
            <tr>
                <td class="group" colspan="3">pages.TestPageConsinment</td>
            </tr>
    <tr>
        <td class="method">
                clickONFinaliseButton
        </td>
        <td class="duration">
            12.033s
        </td>
        <td class="result">
            <!-- Display the dependencies for skipped test methods -->


            <!-- Show logger output for the test -->

                <a href="javascript:toggleElement('exception-0', 'block')"
                   title="Click to expand/collapse">
                    <b>org.openqa.selenium.WebDriverException: chrome not reachable<br/>
&nbsp; (Session info: chrome=83.0.4103.61)<br/>
Build info: version: &apos;3.141.59&apos;, revision: &apos;e82be7d358&apos;, time: &apos;2018-11-14T08:17:03&apos;<br/>
System info: host: &apos;WJLP-1098&apos;, ip: &apos;192.168.65.1&apos;, os.name: &apos;Windows 10&apos;, os.arch: &apos;amd64&apos;, os.version: &apos;10.0&apos;, java.version: &apos;11.0.7&apos;<br/>
Driver info: org.openqa.selenium.chrome.ChromeDriver<br/>
Capabilities {acceptInsecureCerts: false, browserName: chrome, browserVersion: 83.0.4103.61, chrome: {chromedriverVersion: 83.0.4103.39 (ccbf011cb2d2b..., userDataDir: C:\Users\nasreenk\AppData\L...}, goog:chromeOptions: {debuggerAddress: localhost:60519}, javascriptEnabled: true, networkConnectionEnabled: false, pageLoadStrategy: none, platform: WINDOWS, platformName: WINDOWS, proxy: Proxy(), setWindowRect: true, strictFileInteractability: false, timeouts: {implicit: 0, pageLoad: 300000, script: 30000}, unhandledPromptBehavior: dismiss and notify, webauthn:virtualAuthenticators: true}<br/>
Session ID: 3ff2554af2eeba38a2908ab4b5bd0be3<br/>
*** Element info: {Using=xpath, value=//button[@id=&apos;FinaliseConsignment&apos;]}</b>
                </a>
                <br/>
                <div class="stackTrace" id="exception-0">
                        java.base/jdk.internal.reflect.NativeConstructorAccessorImpl.newInstance0(Native Method)<br/>
                        java.base/jdk.internal.reflect.NativeConstructorAccessorImpl.newInstance(NativeConstructorAccessorImpl.java:62)<br/>
                        java.base/jdk.internal.reflect.DelegatingConstructorAccessorImpl.newInstance(DelegatingConstructorAccessorImpl.java:45)<br/>
                        java.base/java.lang.reflect.Constructor.newInstance(Constructor.java:490)<br/>
                        org.openqa.selenium.remote.http.W3CHttpResponseCodec.createException(W3CHttpResponseCodec.java:187)<br/>
                        org.openqa.selenium.remote.http.W3CHttpResponseCodec.decode(W3CHttpResponseCodec.java:122)<br/>
                        org.openqa.selenium.remote.http.W3CHttpResponseCodec.decode(W3CHttpResponseCodec.java:49)<br/>
                        org.openqa.selenium.remote.HttpCommandExecutor.execute(HttpCommandExecutor.java:158)<br/>
                        org.openqa.selenium.remote.service.DriverCommandExecutor.execute(DriverCommandExecutor.java:83)<br/>
                        org.openqa.selenium.remote.RemoteWebDriver.execute(RemoteWebDriver.java:552)<br/>
                        org.openqa.selenium.remote.RemoteWebDriver.findElement(RemoteWebDriver.java:323)<br/>
                        org.openqa.selenium.remote.RemoteWebDriver.findElementByXPath(RemoteWebDriver.java:428)<br/>
                        org.openqa.selenium.By$ByXPath.findElement(By.java:353)<br/>
                        org.openqa.selenium.remote.RemoteWebDriver.findElement(RemoteWebDriver.java:315)<br/>
                        jdk.internal.reflect.GeneratedMethodAccessor5.invoke(Unknown Source)<br/>
                        java.base/jdk.internal.reflect.DelegatingMethodAccessorImpl.invoke(DelegatingMethodAccessorImpl.java:43)<br/>
                        java.base/java.lang.reflect.Method.invoke(Method.java:566)<br/>
                        org.openqa.selenium.support.events.EventFiringWebDriver.lambda$new$1(EventFiringWebDriver.java:105)<br/>
                        com.sun.proxy.$Proxy14.findElement(Unknown Source)<br/>
                        org.openqa.selenium.support.events.EventFiringWebDriver.findElement(EventFiringWebDriver.java:194)<br/>
                        org.openqa.selenium.support.pagefactory.DefaultElementLocator.findElement(DefaultElementLocator.java:69)<br/>
                        org.openqa.selenium.support.pagefactory.AjaxElementLocator.access$001(AjaxElementLocator.java:39)<br/>
                        org.openqa.selenium.support.pagefactory.AjaxElementLocator$SlowLoadingElement.isLoaded(AjaxElementLocator.java:165)<br/>
                        org.openqa.selenium.support.ui.SlowLoadableComponent.get(SlowLoadableComponent.java:51)<br/>
                        org.openqa.selenium.support.pagefactory.AjaxElementLocator.findElement(AjaxElementLocator.java:95)<br/>
                        org.openqa.selenium.support.pagefactory.internal.LocatingElementHandler.invoke(LocatingElementHandler.java:38)<br/>
                        com.sun.proxy.$Proxy21.isDisplayed(Unknown Source)<br/>
                        org.openqa.selenium.support.ui.ExpectedConditions.elementIfVisible(ExpectedConditions.java:314)<br/>
                        org.openqa.selenium.support.ui.ExpectedConditions.access$000(ExpectedConditions.java:43)<br/>
                        org.openqa.selenium.support.ui.ExpectedConditions$10.apply(ExpectedConditions.java:300)<br/>
                        org.openqa.selenium.support.ui.ExpectedConditions$10.apply(ExpectedConditions.java:297)<br/>
                        org.openqa.selenium.support.ui.ExpectedConditions$23.apply(ExpectedConditions.java:670)<br/>
                        org.openqa.selenium.support.ui.ExpectedConditions$23.apply(ExpectedConditions.java:666)<br/>
                        org.openqa.selenium.support.ui.FluentWait.until(FluentWait.java:249)<br/>
                        pages.PageConsinment.clickOnFinaliseConsignment(PageConsinment.java:277)<br/>
                        pages.TestPageConsinment.clickONFinaliseButton(TestPageConsinment.java:128)<br/>
                        java.base/jdk.internal.reflect.NativeMethodAccessorImpl.invoke0(Native Method)<br/>
                        java.base/jdk.internal.reflect.NativeMethodAccessorImpl.invoke(NativeMethodAccessorImpl.java:62)<br/>
                        java.base/jdk.internal.reflect.DelegatingMethodAccessorImpl.invoke(DelegatingMethodAccessorImpl.java:43)<br/>
                        java.base/java.lang.reflect.Method.invoke(Method.java:566)<br/>
                        org.testng.internal.MethodInvocationHelper.invokeMethod(MethodInvocationHelper.java:134)<br/>
                        org.testng.internal.TestInvoker.invokeMethod(TestInvoker.java:597)<br/>
                        org.testng.internal.TestInvoker.invokeTestMethod(TestInvoker.java:173)<br/>
                        org.testng.internal.MethodRunner.runInSequence(MethodRunner.java:46)<br/>
                        org.testng.internal.TestInvoker$MethodInvocationAgent.invoke(TestInvoker.java:816)<br/>
                        org.testng.internal.TestInvoker.invokeTestMethods(TestInvoker.java:146)<br/>
                        org.testng.internal.TestMethodWorker.invokeTestMethods(TestMethodWorker.java:146)<br/>
                        org.testng.internal.TestMethodWorker.run(TestMethodWorker.java:128)<br/>
                        java.base/java.util.ArrayList.forEach(ArrayList.java:1540)<br/>
                        org.testng.TestRunner.privateRun(TestRunner.java:766)<br/>
                        org.testng.TestRunner.run(TestRunner.java:587)<br/>
                        org.testng.SuiteRunner.runTest(SuiteRunner.java:384)<br/>
                        org.testng.SuiteRunner.runSequentially(SuiteRunner.java:378)<br/>
                        org.testng.SuiteRunner.privateRun(SuiteRunner.java:337)<br/>
                        org.testng.SuiteRunner.run(SuiteRunner.java:286)<br/>
                        org.testng.SuiteRunnerWorker.runSuite(SuiteRunnerWorker.java:53)<br/>
                        org.testng.SuiteRunnerWorker.run(SuiteRunnerWorker.java:96)<br/>
                        org.testng.TestNG.runSuitesSequentially(TestNG.java:1187)<br/>
                        org.testng.TestNG.runSuitesSequentially(TestNG.java:1182)<br/>
                        org.testng.TestNG.runSuitesLocally(TestNG.java:1109)<br/>
                        org.testng.TestNG.runSuites(TestNG.java:1039)<br/>
                        org.testng.TestNG.run(TestNG.java:1007)<br/>
                        com.intellij.rt.testng.IDEARemoteTestNG.run(IDEARemoteTestNG.java:66)<br/>
                        com.intellij.rt.testng.RemoteTestNGStarter.main(RemoteTestNGStarter.java:110)<br/>
                </div>
        </td>
    </tr>
    <tr>
        <td class="method">
                clickOnStepRequirement
        </td>
        <td class="duration">
            12.031s
        </td>
        <td class="result">
            <!-- Display the dependencies for skipped test methods -->


            <!-- Show logger output for the test -->

                <a href="javascript:toggleElement('exception-1', 'block')"
                   title="Click to expand/collapse">
                    <b>org.openqa.selenium.WebDriverException: chrome not reachable<br/>
&nbsp; (Session info: chrome=83.0.4103.61)<br/>
Build info: version: &apos;3.141.59&apos;, revision: &apos;e82be7d358&apos;, time: &apos;2018-11-14T08:17:03&apos;<br/>
System info: host: &apos;WJLP-1098&apos;, ip: &apos;192.168.65.1&apos;, os.name: &apos;Windows 10&apos;, os.arch: &apos;amd64&apos;, os.version: &apos;10.0&apos;, java.version: &apos;11.0.7&apos;<br/>
Driver info: org.openqa.selenium.chrome.ChromeDriver<br/>
Capabilities {acceptInsecureCerts: false, browserName: chrome, browserVersion: 83.0.4103.61, chrome: {chromedriverVersion: 83.0.4103.39 (ccbf011cb2d2b..., userDataDir: C:\Users\nasreenk\AppData\L...}, goog:chromeOptions: {debuggerAddress: localhost:60519}, javascriptEnabled: true, networkConnectionEnabled: false, pageLoadStrategy: none, platform: WINDOWS, platformName: WINDOWS, proxy: Proxy(), setWindowRect: true, strictFileInteractability: false, timeouts: {implicit: 0, pageLoad: 300000, script: 30000}, unhandledPromptBehavior: dismiss and notify, webauthn:virtualAuthenticators: true}<br/>
Session ID: 3ff2554af2eeba38a2908ab4b5bd0be3<br/>
*** Element info: {Using=xpath, value=//div[@id=&apos;stepRequirements&apos;]}</b>
                </a>
                <br/>
                <div class="stackTrace" id="exception-1">
                        java.base/jdk.internal.reflect.NativeConstructorAccessorImpl.newInstance0(Native Method)<br/>
                        java.base/jdk.internal.reflect.NativeConstructorAccessorImpl.newInstance(NativeConstructorAccessorImpl.java:62)<br/>
                        java.base/jdk.internal.reflect.DelegatingConstructorAccessorImpl.newInstance(DelegatingConstructorAccessorImpl.java:45)<br/>
                        java.base/java.lang.reflect.Constructor.newInstance(Constructor.java:490)<br/>
                        org.openqa.selenium.remote.http.W3CHttpResponseCodec.createException(W3CHttpResponseCodec.java:187)<br/>
                        org.openqa.selenium.remote.http.W3CHttpResponseCodec.decode(W3CHttpResponseCodec.java:122)<br/>
                        org.openqa.selenium.remote.http.W3CHttpResponseCodec.decode(W3CHttpResponseCodec.java:49)<br/>
                        org.openqa.selenium.remote.HttpCommandExecutor.execute(HttpCommandExecutor.java:158)<br/>
                        org.openqa.selenium.remote.service.DriverCommandExecutor.execute(DriverCommandExecutor.java:83)<br/>
                        org.openqa.selenium.remote.RemoteWebDriver.execute(RemoteWebDriver.java:552)<br/>
                        org.openqa.selenium.remote.RemoteWebDriver.findElement(RemoteWebDriver.java:323)<br/>
                        org.openqa.selenium.remote.RemoteWebDriver.findElementByXPath(RemoteWebDriver.java:428)<br/>
                        org.openqa.selenium.By$ByXPath.findElement(By.java:353)<br/>
                        org.openqa.selenium.remote.RemoteWebDriver.findElement(RemoteWebDriver.java:315)<br/>
                        jdk.internal.reflect.GeneratedMethodAccessor5.invoke(Unknown Source)<br/>
                        java.base/jdk.internal.reflect.DelegatingMethodAccessorImpl.invoke(DelegatingMethodAccessorImpl.java:43)<br/>
                        java.base/java.lang.reflect.Method.invoke(Method.java:566)<br/>
                        org.openqa.selenium.support.events.EventFiringWebDriver.lambda$new$1(EventFiringWebDriver.java:105)<br/>
                        com.sun.proxy.$Proxy14.findElement(Unknown Source)<br/>
                        org.openqa.selenium.support.events.EventFiringWebDriver.findElement(EventFiringWebDriver.java:194)<br/>
                        org.openqa.selenium.support.pagefactory.DefaultElementLocator.findElement(DefaultElementLocator.java:69)<br/>
                        org.openqa.selenium.support.pagefactory.AjaxElementLocator.access$001(AjaxElementLocator.java:39)<br/>
                        org.openqa.selenium.support.pagefactory.AjaxElementLocator$SlowLoadingElement.isLoaded(AjaxElementLocator.java:165)<br/>
                        org.openqa.selenium.support.ui.SlowLoadableComponent.get(SlowLoadableComponent.java:51)<br/>
                        org.openqa.selenium.support.pagefactory.AjaxElementLocator.findElement(AjaxElementLocator.java:95)<br/>
                        org.openqa.selenium.support.pagefactory.internal.LocatingElementHandler.invoke(LocatingElementHandler.java:38)<br/>
                        com.sun.proxy.$Proxy21.isDisplayed(Unknown Source)<br/>
                        org.openqa.selenium.support.ui.ExpectedConditions.elementIfVisible(ExpectedConditions.java:314)<br/>
                        org.openqa.selenium.support.ui.ExpectedConditions.access$000(ExpectedConditions.java:43)<br/>
                        org.openqa.selenium.support.ui.ExpectedConditions$10.apply(ExpectedConditions.java:300)<br/>
                        org.openqa.selenium.support.ui.ExpectedConditions$10.apply(ExpectedConditions.java:297)<br/>
                        org.openqa.selenium.support.ui.ExpectedConditions$23.apply(ExpectedConditions.java:670)<br/>
                        org.openqa.selenium.support.ui.ExpectedConditions$23.apply(ExpectedConditions.java:666)<br/>
                        org.openqa.selenium.support.ui.FluentWait.until(FluentWait.java:249)<br/>
                        pages.PageConsinment.clickOnStepRequirement(PageConsinment.java:209)<br/>
                        pages.TestPageConsinment.clickOnStepRequirement(TestPageConsinment.java:81)<br/>
                        java.base/jdk.internal.reflect.NativeMethodAccessorImpl.invoke0(Native Method)<br/>
                        java.base/jdk.internal.reflect.NativeMethodAccessorImpl.invoke(NativeMethodAccessorImpl.java:62)<br/>
                        java.base/jdk.internal.reflect.DelegatingMethodAccessorImpl.invoke(DelegatingMethodAccessorImpl.java:43)<br/>
                        java.base/java.lang.reflect.Method.invoke(Method.java:566)<br/>
                        org.testng.internal.MethodInvocationHelper.invokeMethod(MethodInvocationHelper.java:134)<br/>
                        org.testng.internal.TestInvoker.invokeMethod(TestInvoker.java:597)<br/>
                        org.testng.internal.TestInvoker.invokeTestMethod(TestInvoker.java:173)<br/>
                        org.testng.internal.MethodRunner.runInSequence(MethodRunner.java:46)<br/>
                        org.testng.internal.TestInvoker$MethodInvocationAgent.invoke(TestInvoker.java:816)<br/>
                        org.testng.internal.TestInvoker.invokeTestMethods(TestInvoker.java:146)<br/>
                        org.testng.internal.TestMethodWorker.invokeTestMethods(TestMethodWorker.java:146)<br/>
                        org.testng.internal.TestMethodWorker.run(TestMethodWorker.java:128)<br/>
                        java.base/java.util.ArrayList.forEach(ArrayList.java:1540)<br/>
                        org.testng.TestRunner.privateRun(TestRunner.java:766)<br/>
                        org.testng.TestRunner.run(TestRunner.java:587)<br/>
                        org.testng.SuiteRunner.runTest(SuiteRunner.java:384)<br/>
                        org.testng.SuiteRunner.runSequentially(SuiteRunner.java:378)<br/>
                        org.testng.SuiteRunner.privateRun(SuiteRunner.java:337)<br/>
                        org.testng.SuiteRunner.run(SuiteRunner.java:286)<br/>
                        org.testng.SuiteRunnerWorker.runSuite(SuiteRunnerWorker.java:53)<br/>
                        org.testng.SuiteRunnerWorker.run(SuiteRunnerWorker.java:96)<br/>
                        org.testng.TestNG.runSuitesSequentially(TestNG.java:1187)<br/>
                        org.testng.TestNG.runSuitesSequentially(TestNG.java:1182)<br/>
                        org.testng.TestNG.runSuitesLocally(TestNG.java:1109)<br/>
                        org.testng.TestNG.runSuites(TestNG.java:1039)<br/>
                        org.testng.TestNG.run(TestNG.java:1007)<br/>
                        com.intellij.rt.testng.IDEARemoteTestNG.run(IDEARemoteTestNG.java:66)<br/>
                        com.intellij.rt.testng.RemoteTestNGStarter.main(RemoteTestNGStarter.java:110)<br/>
                </div>
        </td>
    </tr>
    <tr>
        <td class="method">
                clickOnStepServices
        </td>
        <td class="duration">
            12.042s
        </td>
        <td class="result">
            <!-- Display the dependencies for skipped test methods -->


            <!-- Show logger output for the test -->

                <a href="javascript:toggleElement('exception-2', 'block')"
                   title="Click to expand/collapse">
                    <b>org.openqa.selenium.WebDriverException: chrome not reachable<br/>
&nbsp; (Session info: chrome=83.0.4103.61)<br/>
Build info: version: &apos;3.141.59&apos;, revision: &apos;e82be7d358&apos;, time: &apos;2018-11-14T08:17:03&apos;<br/>
System info: host: &apos;WJLP-1098&apos;, ip: &apos;192.168.65.1&apos;, os.name: &apos;Windows 10&apos;, os.arch: &apos;amd64&apos;, os.version: &apos;10.0&apos;, java.version: &apos;11.0.7&apos;<br/>
Driver info: org.openqa.selenium.chrome.ChromeDriver<br/>
Capabilities {acceptInsecureCerts: false, browserName: chrome, browserVersion: 83.0.4103.61, chrome: {chromedriverVersion: 83.0.4103.39 (ccbf011cb2d2b..., userDataDir: C:\Users\nasreenk\AppData\L...}, goog:chromeOptions: {debuggerAddress: localhost:60519}, javascriptEnabled: true, networkConnectionEnabled: false, pageLoadStrategy: none, platform: WINDOWS, platformName: WINDOWS, proxy: Proxy(), setWindowRect: true, strictFileInteractability: false, timeouts: {implicit: 0, pageLoad: 300000, script: 30000}, unhandledPromptBehavior: dismiss and notify, webauthn:virtualAuthenticators: true}<br/>
Session ID: 3ff2554af2eeba38a2908ab4b5bd0be3<br/>
*** Element info: {Using=xpath, value=//div[@id=&apos;stepServices&apos;]}</b>
                </a>
                <br/>
                <div class="stackTrace" id="exception-2">
                        java.base/jdk.internal.reflect.NativeConstructorAccessorImpl.newInstance0(Native Method)<br/>
                        java.base/jdk.internal.reflect.NativeConstructorAccessorImpl.newInstance(NativeConstructorAccessorImpl.java:62)<br/>
                        java.base/jdk.internal.reflect.DelegatingConstructorAccessorImpl.newInstance(DelegatingConstructorAccessorImpl.java:45)<br/>
                        java.base/java.lang.reflect.Constructor.newInstance(Constructor.java:490)<br/>
                        org.openqa.selenium.remote.http.W3CHttpResponseCodec.createException(W3CHttpResponseCodec.java:187)<br/>
                        org.openqa.selenium.remote.http.W3CHttpResponseCodec.decode(W3CHttpResponseCodec.java:122)<br/>
                        org.openqa.selenium.remote.http.W3CHttpResponseCodec.decode(W3CHttpResponseCodec.java:49)<br/>
                        org.openqa.selenium.remote.HttpCommandExecutor.execute(HttpCommandExecutor.java:158)<br/>
                        org.openqa.selenium.remote.service.DriverCommandExecutor.execute(DriverCommandExecutor.java:83)<br/>
                        org.openqa.selenium.remote.RemoteWebDriver.execute(RemoteWebDriver.java:552)<br/>
                        org.openqa.selenium.remote.RemoteWebDriver.findElement(RemoteWebDriver.java:323)<br/>
                        org.openqa.selenium.remote.RemoteWebDriver.findElementByXPath(RemoteWebDriver.java:428)<br/>
                        org.openqa.selenium.By$ByXPath.findElement(By.java:353)<br/>
                        org.openqa.selenium.remote.RemoteWebDriver.findElement(RemoteWebDriver.java:315)<br/>
                        jdk.internal.reflect.GeneratedMethodAccessor5.invoke(Unknown Source)<br/>
                        java.base/jdk.internal.reflect.DelegatingMethodAccessorImpl.invoke(DelegatingMethodAccessorImpl.java:43)<br/>
                        java.base/java.lang.reflect.Method.invoke(Method.java:566)<br/>
                        org.openqa.selenium.support.events.EventFiringWebDriver.lambda$new$1(EventFiringWebDriver.java:105)<br/>
                        com.sun.proxy.$Proxy14.findElement(Unknown Source)<br/>
                        org.openqa.selenium.support.events.EventFiringWebDriver.findElement(EventFiringWebDriver.java:194)<br/>
                        org.openqa.selenium.support.pagefactory.DefaultElementLocator.findElement(DefaultElementLocator.java:69)<br/>
                        org.openqa.selenium.support.pagefactory.AjaxElementLocator.access$001(AjaxElementLocator.java:39)<br/>
                        org.openqa.selenium.support.pagefactory.AjaxElementLocator$SlowLoadingElement.isLoaded(AjaxElementLocator.java:165)<br/>
                        org.openqa.selenium.support.ui.SlowLoadableComponent.get(SlowLoadableComponent.java:51)<br/>
                        org.openqa.selenium.support.pagefactory.AjaxElementLocator.findElement(AjaxElementLocator.java:95)<br/>
                        org.openqa.selenium.support.pagefactory.internal.LocatingElementHandler.invoke(LocatingElementHandler.java:38)<br/>
                        com.sun.proxy.$Proxy21.isDisplayed(Unknown Source)<br/>
                        org.openqa.selenium.support.ui.ExpectedConditions.elementIfVisible(ExpectedConditions.java:314)<br/>
                        org.openqa.selenium.support.ui.ExpectedConditions.access$000(ExpectedConditions.java:43)<br/>
                        org.openqa.selenium.support.ui.ExpectedConditions$10.apply(ExpectedConditions.java:300)<br/>
                        org.openqa.selenium.support.ui.ExpectedConditions$10.apply(ExpectedConditions.java:297)<br/>
                        org.openqa.selenium.support.ui.ExpectedConditions$23.apply(ExpectedConditions.java:670)<br/>
                        org.openqa.selenium.support.ui.ExpectedConditions$23.apply(ExpectedConditions.java:666)<br/>
                        org.openqa.selenium.support.ui.FluentWait.until(FluentWait.java:249)<br/>
                        pages.PageConsinment.clickonstepServices(PageConsinment.java:238)<br/>
                        pages.TestPageConsinment.clickOnStepServices(TestPageConsinment.java:97)<br/>
                        java.base/jdk.internal.reflect.NativeMethodAccessorImpl.invoke0(Native Method)<br/>
                        java.base/jdk.internal.reflect.NativeMethodAccessorImpl.invoke(NativeMethodAccessorImpl.java:62)<br/>
                        java.base/jdk.internal.reflect.DelegatingMethodAccessorImpl.invoke(DelegatingMethodAccessorImpl.java:43)<br/>
                        java.base/java.lang.reflect.Method.invoke(Method.java:566)<br/>
                        org.testng.internal.MethodInvocationHelper.invokeMethod(MethodInvocationHelper.java:134)<br/>
                        org.testng.internal.TestInvoker.invokeMethod(TestInvoker.java:597)<br/>
                        org.testng.internal.TestInvoker.invokeTestMethod(TestInvoker.java:173)<br/>
                        org.testng.internal.MethodRunner.runInSequence(MethodRunner.java:46)<br/>
                        org.testng.internal.TestInvoker$MethodInvocationAgent.invoke(TestInvoker.java:816)<br/>
                        org.testng.internal.TestInvoker.invokeTestMethods(TestInvoker.java:146)<br/>
                        org.testng.internal.TestMethodWorker.invokeTestMethods(TestMethodWorker.java:146)<br/>
                        org.testng.internal.TestMethodWorker.run(TestMethodWorker.java:128)<br/>
                        java.base/java.util.ArrayList.forEach(ArrayList.java:1540)<br/>
                        org.testng.TestRunner.privateRun(TestRunner.java:766)<br/>
                        org.testng.TestRunner.run(TestRunner.java:587)<br/>
                        org.testng.SuiteRunner.runTest(SuiteRunner.java:384)<br/>
                        org.testng.SuiteRunner.runSequentially(SuiteRunner.java:378)<br/>
                        org.testng.SuiteRunner.privateRun(SuiteRunner.java:337)<br/>
                        org.testng.SuiteRunner.run(SuiteRunner.java:286)<br/>
                        org.testng.SuiteRunnerWorker.runSuite(SuiteRunnerWorker.java:53)<br/>
                        org.testng.SuiteRunnerWorker.run(SuiteRunnerWorker.java:96)<br/>
                        org.testng.TestNG.runSuitesSequentially(TestNG.java:1187)<br/>
                        org.testng.TestNG.runSuitesSequentially(TestNG.java:1182)<br/>
                        org.testng.TestNG.runSuitesLocally(TestNG.java:1109)<br/>
                        org.testng.TestNG.runSuites(TestNG.java:1039)<br/>
                        org.testng.TestNG.run(TestNG.java:1007)<br/>
                        com.intellij.rt.testng.IDEARemoteTestNG.run(IDEARemoteTestNG.java:66)<br/>
                        com.intellij.rt.testng.RemoteTestNGStarter.main(RemoteTestNGStarter.java:110)<br/>
                </div>
        </td>
    </tr>
    <tr>
        <td class="method">
                clickOnStepValue
        </td>
        <td class="duration">
            29.903s
        </td>
        <td class="result">
            <!-- Display the dependencies for skipped test methods -->


            <!-- Show logger output for the test -->

                <a href="javascript:toggleElement('exception-3', 'block')"
                   title="Click to expand/collapse">
                    <b>org.openqa.selenium.WebDriverException: chrome not reachable<br/>
&nbsp; (Session info: chrome=83.0.4103.61)<br/>
Build info: version: &apos;3.141.59&apos;, revision: &apos;e82be7d358&apos;, time: &apos;2018-11-14T08:17:03&apos;<br/>
System info: host: &apos;WJLP-1098&apos;, ip: &apos;192.168.65.1&apos;, os.name: &apos;Windows 10&apos;, os.arch: &apos;amd64&apos;, os.version: &apos;10.0&apos;, java.version: &apos;11.0.7&apos;<br/>
Driver info: org.openqa.selenium.chrome.ChromeDriver<br/>
Capabilities {acceptInsecureCerts: false, browserName: chrome, browserVersion: 83.0.4103.61, chrome: {chromedriverVersion: 83.0.4103.39 (ccbf011cb2d2b..., userDataDir: C:\Users\nasreenk\AppData\L...}, goog:chromeOptions: {debuggerAddress: localhost:60519}, javascriptEnabled: true, networkConnectionEnabled: false, pageLoadStrategy: none, platform: WINDOWS, platformName: WINDOWS, proxy: Proxy(), setWindowRect: true, strictFileInteractability: false, timeouts: {implicit: 0, pageLoad: 300000, script: 30000}, unhandledPromptBehavior: dismiss and notify, webauthn:virtualAuthenticators: true}<br/>
Session ID: 3ff2554af2eeba38a2908ab4b5bd0be3<br/>
*** Element info: {Using=xpath, value=//div[@id=&apos;stepValue&apos;]}</b>
                </a>
                <br/>
                <div class="stackTrace" id="exception-3">
                        java.base/jdk.internal.reflect.NativeConstructorAccessorImpl.newInstance0(Native Method)<br/>
                        java.base/jdk.internal.reflect.NativeConstructorAccessorImpl.newInstance(NativeConstructorAccessorImpl.java:62)<br/>
                        java.base/jdk.internal.reflect.DelegatingConstructorAccessorImpl.newInstance(DelegatingConstructorAccessorImpl.java:45)<br/>
                        java.base/java.lang.reflect.Constructor.newInstance(Constructor.java:490)<br/>
                        org.openqa.selenium.remote.http.W3CHttpResponseCodec.createException(W3CHttpResponseCodec.java:187)<br/>
                        org.openqa.selenium.remote.http.W3CHttpResponseCodec.decode(W3CHttpResponseCodec.java:122)<br/>
                        org.openqa.selenium.remote.http.W3CHttpResponseCodec.decode(W3CHttpResponseCodec.java:49)<br/>
                        org.openqa.selenium.remote.HttpCommandExecutor.execute(HttpCommandExecutor.java:158)<br/>
                        org.openqa.selenium.remote.service.DriverCommandExecutor.execute(DriverCommandExecutor.java:83)<br/>
                        org.openqa.selenium.remote.RemoteWebDriver.execute(RemoteWebDriver.java:552)<br/>
                        org.openqa.selenium.remote.RemoteWebDriver.findElement(RemoteWebDriver.java:323)<br/>
                        org.openqa.selenium.remote.RemoteWebDriver.findElementByXPath(RemoteWebDriver.java:428)<br/>
                        org.openqa.selenium.By$ByXPath.findElement(By.java:353)<br/>
                        org.openqa.selenium.remote.RemoteWebDriver.findElement(RemoteWebDriver.java:315)<br/>
                        jdk.internal.reflect.GeneratedMethodAccessor5.invoke(Unknown Source)<br/>
                        java.base/jdk.internal.reflect.DelegatingMethodAccessorImpl.invoke(DelegatingMethodAccessorImpl.java:43)<br/>
                        java.base/java.lang.reflect.Method.invoke(Method.java:566)<br/>
                        org.openqa.selenium.support.events.EventFiringWebDriver.lambda$new$1(EventFiringWebDriver.java:105)<br/>
                        com.sun.proxy.$Proxy14.findElement(Unknown Source)<br/>
                        org.openqa.selenium.support.events.EventFiringWebDriver.findElement(EventFiringWebDriver.java:194)<br/>
                        org.openqa.selenium.support.pagefactory.DefaultElementLocator.findElement(DefaultElementLocator.java:69)<br/>
                        org.openqa.selenium.support.pagefactory.AjaxElementLocator.access$001(AjaxElementLocator.java:39)<br/>
                        org.openqa.selenium.support.pagefactory.AjaxElementLocator$SlowLoadingElement.isLoaded(AjaxElementLocator.java:165)<br/>
                        org.openqa.selenium.support.ui.SlowLoadableComponent.get(SlowLoadableComponent.java:61)<br/>
                        org.openqa.selenium.support.pagefactory.AjaxElementLocator.findElement(AjaxElementLocator.java:95)<br/>
                        org.openqa.selenium.support.pagefactory.internal.LocatingElementHandler.invoke(LocatingElementHandler.java:38)<br/>
                        com.sun.proxy.$Proxy21.isDisplayed(Unknown Source)<br/>
                        org.openqa.selenium.support.ui.ExpectedConditions.elementIfVisible(ExpectedConditions.java:314)<br/>
                        org.openqa.selenium.support.ui.ExpectedConditions.access$000(ExpectedConditions.java:43)<br/>
                        org.openqa.selenium.support.ui.ExpectedConditions$10.apply(ExpectedConditions.java:300)<br/>
                        org.openqa.selenium.support.ui.ExpectedConditions$10.apply(ExpectedConditions.java:297)<br/>
                        org.openqa.selenium.support.ui.ExpectedConditions$23.apply(ExpectedConditions.java:670)<br/>
                        org.openqa.selenium.support.ui.ExpectedConditions$23.apply(ExpectedConditions.java:666)<br/>
                        org.openqa.selenium.support.ui.FluentWait.until(FluentWait.java:249)<br/>
                        pages.PageConsinment.clickOnStepValue(PageConsinment.java:194)<br/>
                        pages.TestPageConsinment.clickOnStepValue(TestPageConsinment.java:70)<br/>
                        java.base/jdk.internal.reflect.NativeMethodAccessorImpl.invoke0(Native Method)<br/>
                        java.base/jdk.internal.reflect.NativeMethodAccessorImpl.invoke(NativeMethodAccessorImpl.java:62)<br/>
                        java.base/jdk.internal.reflect.DelegatingMethodAccessorImpl.invoke(DelegatingMethodAccessorImpl.java:43)<br/>
                        java.base/java.lang.reflect.Method.invoke(Method.java:566)<br/>
                        org.testng.internal.MethodInvocationHelper.invokeMethod(MethodInvocationHelper.java:134)<br/>
                        org.testng.internal.TestInvoker.invokeMethod(TestInvoker.java:597)<br/>
                        org.testng.internal.TestInvoker.invokeTestMethod(TestInvoker.java:173)<br/>
                        org.testng.internal.MethodRunner.runInSequence(MethodRunner.java:46)<br/>
                        org.testng.internal.TestInvoker$MethodInvocationAgent.invoke(TestInvoker.java:816)<br/>
                        org.testng.internal.TestInvoker.invokeTestMethods(TestInvoker.java:146)<br/>
                        org.testng.internal.TestMethodWorker.invokeTestMethods(TestMethodWorker.java:146)<br/>
                        org.testng.internal.TestMethodWorker.run(TestMethodWorker.java:128)<br/>
                        java.base/java.util.ArrayList.forEach(ArrayList.java:1540)<br/>
                        org.testng.TestRunner.privateRun(TestRunner.java:766)<br/>
                        org.testng.TestRunner.run(TestRunner.java:587)<br/>
                        org.testng.SuiteRunner.runTest(SuiteRunner.java:384)<br/>
                        org.testng.SuiteRunner.runSequentially(SuiteRunner.java:378)<br/>
                        org.testng.SuiteRunner.privateRun(SuiteRunner.java:337)<br/>
                        org.testng.SuiteRunner.run(SuiteRunner.java:286)<br/>
                        org.testng.SuiteRunnerWorker.runSuite(SuiteRunnerWorker.java:53)<br/>
                        org.testng.SuiteRunnerWorker.run(SuiteRunnerWorker.java:96)<br/>
                        org.testng.TestNG.runSuitesSequentially(TestNG.java:1187)<br/>
                        org.testng.TestNG.runSuitesSequentially(TestNG.java:1182)<br/>
                        org.testng.TestNG.runSuitesLocally(TestNG.java:1109)<br/>
                        org.testng.TestNG.runSuites(TestNG.java:1039)<br/>
                        org.testng.TestNG.run(TestNG.java:1007)<br/>
                        com.intellij.rt.testng.IDEARemoteTestNG.run(IDEARemoteTestNG.java:66)<br/>
                        com.intellij.rt.testng.RemoteTestNGStarter.main(RemoteTestNGStarter.java:110)<br/>
                </div>
        </td>
    </tr>
    <tr>
        <td class="method">
                clickonstepParcel
        </td>
        <td class="duration">
            12.037s
        </td>
        <td class="result">
            <!-- Display the dependencies for skipped test methods -->


            <!-- Show logger output for the test -->

                <a href="javascript:toggleElement('exception-4', 'block')"
                   title="Click to expand/collapse">
                    <b>org.openqa.selenium.WebDriverException: chrome not reachable<br/>
&nbsp; (Session info: chrome=83.0.4103.61)<br/>
Build info: version: &apos;3.141.59&apos;, revision: &apos;e82be7d358&apos;, time: &apos;2018-11-14T08:17:03&apos;<br/>
System info: host: &apos;WJLP-1098&apos;, ip: &apos;192.168.65.1&apos;, os.name: &apos;Windows 10&apos;, os.arch: &apos;amd64&apos;, os.version: &apos;10.0&apos;, java.version: &apos;11.0.7&apos;<br/>
Driver info: org.openqa.selenium.chrome.ChromeDriver<br/>
Capabilities {acceptInsecureCerts: false, browserName: chrome, browserVersion: 83.0.4103.61, chrome: {chromedriverVersion: 83.0.4103.39 (ccbf011cb2d2b..., userDataDir: C:\Users\nasreenk\AppData\L...}, goog:chromeOptions: {debuggerAddress: localhost:60519}, javascriptEnabled: true, networkConnectionEnabled: false, pageLoadStrategy: none, platform: WINDOWS, platformName: WINDOWS, proxy: Proxy(), setWindowRect: true, strictFileInteractability: false, timeouts: {implicit: 0, pageLoad: 300000, script: 30000}, unhandledPromptBehavior: dismiss and notify, webauthn:virtualAuthenticators: true}<br/>
Session ID: 3ff2554af2eeba38a2908ab4b5bd0be3<br/>
*** Element info: {Using=xpath, value=//div[@id=&apos;stepParcels&apos;]}</b>
                </a>
                <br/>
                <div class="stackTrace" id="exception-4">
                        java.base/jdk.internal.reflect.NativeConstructorAccessorImpl.newInstance0(Native Method)<br/>
                        java.base/jdk.internal.reflect.NativeConstructorAccessorImpl.newInstance(NativeConstructorAccessorImpl.java:62)<br/>
                        java.base/jdk.internal.reflect.DelegatingConstructorAccessorImpl.newInstance(DelegatingConstructorAccessorImpl.java:45)<br/>
                        java.base/java.lang.reflect.Constructor.newInstance(Constructor.java:490)<br/>
                        org.openqa.selenium.remote.http.W3CHttpResponseCodec.createException(W3CHttpResponseCodec.java:187)<br/>
                        org.openqa.selenium.remote.http.W3CHttpResponseCodec.decode(W3CHttpResponseCodec.java:122)<br/>
                        org.openqa.selenium.remote.http.W3CHttpResponseCodec.decode(W3CHttpResponseCodec.java:49)<br/>
                        org.openqa.selenium.remote.HttpCommandExecutor.execute(HttpCommandExecutor.java:158)<br/>
                        org.openqa.selenium.remote.service.DriverCommandExecutor.execute(DriverCommandExecutor.java:83)<br/>
                        org.openqa.selenium.remote.RemoteWebDriver.execute(RemoteWebDriver.java:552)<br/>
                        org.openqa.selenium.remote.RemoteWebDriver.findElement(RemoteWebDriver.java:323)<br/>
                        org.openqa.selenium.remote.RemoteWebDriver.findElementByXPath(RemoteWebDriver.java:428)<br/>
                        org.openqa.selenium.By$ByXPath.findElement(By.java:353)<br/>
                        org.openqa.selenium.remote.RemoteWebDriver.findElement(RemoteWebDriver.java:315)<br/>
                        jdk.internal.reflect.GeneratedMethodAccessor5.invoke(Unknown Source)<br/>
                        java.base/jdk.internal.reflect.DelegatingMethodAccessorImpl.invoke(DelegatingMethodAccessorImpl.java:43)<br/>
                        java.base/java.lang.reflect.Method.invoke(Method.java:566)<br/>
                        org.openqa.selenium.support.events.EventFiringWebDriver.lambda$new$1(EventFiringWebDriver.java:105)<br/>
                        com.sun.proxy.$Proxy14.findElement(Unknown Source)<br/>
                        org.openqa.selenium.support.events.EventFiringWebDriver.findElement(EventFiringWebDriver.java:194)<br/>
                        org.openqa.selenium.support.pagefactory.DefaultElementLocator.findElement(DefaultElementLocator.java:69)<br/>
                        org.openqa.selenium.support.pagefactory.AjaxElementLocator.access$001(AjaxElementLocator.java:39)<br/>
                        org.openqa.selenium.support.pagefactory.AjaxElementLocator$SlowLoadingElement.isLoaded(AjaxElementLocator.java:165)<br/>
                        org.openqa.selenium.support.ui.SlowLoadableComponent.get(SlowLoadableComponent.java:51)<br/>
                        org.openqa.selenium.support.pagefactory.AjaxElementLocator.findElement(AjaxElementLocator.java:95)<br/>
                        org.openqa.selenium.support.pagefactory.internal.LocatingElementHandler.invoke(LocatingElementHandler.java:38)<br/>
                        com.sun.proxy.$Proxy21.isDisplayed(Unknown Source)<br/>
                        org.openqa.selenium.support.ui.ExpectedConditions.elementIfVisible(ExpectedConditions.java:314)<br/>
                        org.openqa.selenium.support.ui.ExpectedConditions.access$000(ExpectedConditions.java:43)<br/>
                        org.openqa.selenium.support.ui.ExpectedConditions$10.apply(ExpectedConditions.java:300)<br/>
                        org.openqa.selenium.support.ui.ExpectedConditions$10.apply(ExpectedConditions.java:297)<br/>
                        org.openqa.selenium.support.ui.ExpectedConditions$23.apply(ExpectedConditions.java:670)<br/>
                        org.openqa.selenium.support.ui.ExpectedConditions$23.apply(ExpectedConditions.java:666)<br/>
                        org.openqa.selenium.support.ui.FluentWait.until(FluentWait.java:249)<br/>
                        pages.PageConsinment.clickonStepParcel(PageConsinment.java:245)<br/>
                        pages.TestPageConsinment.clickonstepParcel(TestPageConsinment.java:104)<br/>
                        java.base/jdk.internal.reflect.NativeMethodAccessorImpl.invoke0(Native Method)<br/>
                        java.base/jdk.internal.reflect.NativeMethodAccessorImpl.invoke(NativeMethodAccessorImpl.java:62)<br/>
                        java.base/jdk.internal.reflect.DelegatingMethodAccessorImpl.invoke(DelegatingMethodAccessorImpl.java:43)<br/>
                        java.base/java.lang.reflect.Method.invoke(Method.java:566)<br/>
                        org.testng.internal.MethodInvocationHelper.invokeMethod(MethodInvocationHelper.java:134)<br/>
                        org.testng.internal.TestInvoker.invokeMethod(TestInvoker.java:597)<br/>
                        org.testng.internal.TestInvoker.invokeTestMethod(TestInvoker.java:173)<br/>
                        org.testng.internal.MethodRunner.runInSequence(MethodRunner.java:46)<br/>
                        org.testng.internal.TestInvoker$MethodInvocationAgent.invoke(TestInvoker.java:816)<br/>
                        org.testng.internal.TestInvoker.invokeTestMethods(TestInvoker.java:146)<br/>
                        org.testng.internal.TestMethodWorker.invokeTestMethods(TestMethodWorker.java:146)<br/>
                        org.testng.internal.TestMethodWorker.run(TestMethodWorker.java:128)<br/>
                        java.base/java.util.ArrayList.forEach(ArrayList.java:1540)<br/>
                        org.testng.TestRunner.privateRun(TestRunner.java:766)<br/>
                        org.testng.TestRunner.run(TestRunner.java:587)<br/>
                        org.testng.SuiteRunner.runTest(SuiteRunner.java:384)<br/>
                        org.testng.SuiteRunner.runSequentially(SuiteRunner.java:378)<br/>
                        org.testng.SuiteRunner.privateRun(SuiteRunner.java:337)<br/>
                        org.testng.SuiteRunner.run(SuiteRunner.java:286)<br/>
                        org.testng.SuiteRunnerWorker.runSuite(SuiteRunnerWorker.java:53)<br/>
                        org.testng.SuiteRunnerWorker.run(SuiteRunnerWorker.java:96)<br/>
                        org.testng.TestNG.runSuitesSequentially(TestNG.java:1187)<br/>
                        org.testng.TestNG.runSuitesSequentially(TestNG.java:1182)<br/>
                        org.testng.TestNG.runSuitesLocally(TestNG.java:1109)<br/>
                        org.testng.TestNG.runSuites(TestNG.java:1039)<br/>
                        org.testng.TestNG.run(TestNG.java:1007)<br/>
                        com.intellij.rt.testng.IDEARemoteTestNG.run(IDEARemoteTestNG.java:66)<br/>
                        com.intellij.rt.testng.RemoteTestNGStarter.main(RemoteTestNGStarter.java:110)<br/>
                </div>
        </td>
    </tr>
    <tr>
        <td class="method">
                entertxtNumberOfParcel
        </td>
        <td class="duration">
            12.028s
        </td>
        <td class="result">
            <!-- Display the dependencies for skipped test methods -->


            <!-- Show logger output for the test -->

                <a href="javascript:toggleElement('exception-5', 'block')"
                   title="Click to expand/collapse">
                    <b>org.openqa.selenium.WebDriverException: chrome not reachable<br/>
&nbsp; (Session info: chrome=83.0.4103.61)<br/>
Build info: version: &apos;3.141.59&apos;, revision: &apos;e82be7d358&apos;, time: &apos;2018-11-14T08:17:03&apos;<br/>
System info: host: &apos;WJLP-1098&apos;, ip: &apos;192.168.65.1&apos;, os.name: &apos;Windows 10&apos;, os.arch: &apos;amd64&apos;, os.version: &apos;10.0&apos;, java.version: &apos;11.0.7&apos;<br/>
Driver info: org.openqa.selenium.chrome.ChromeDriver<br/>
Capabilities {acceptInsecureCerts: false, browserName: chrome, browserVersion: 83.0.4103.61, chrome: {chromedriverVersion: 83.0.4103.39 (ccbf011cb2d2b..., userDataDir: C:\Users\nasreenk\AppData\L...}, goog:chromeOptions: {debuggerAddress: localhost:60519}, javascriptEnabled: true, networkConnectionEnabled: false, pageLoadStrategy: none, platform: WINDOWS, platformName: WINDOWS, proxy: Proxy(), setWindowRect: true, strictFileInteractability: false, timeouts: {implicit: 0, pageLoad: 300000, script: 30000}, unhandledPromptBehavior: dismiss and notify, webauthn:virtualAuthenticators: true}<br/>
Session ID: 3ff2554af2eeba38a2908ab4b5bd0be3<br/>
*** Element info: {Using=xpath, value=//input[@id=&apos;NumberOfParcels&apos;]}</b>
                </a>
                <br/>
                <div class="stackTrace" id="exception-5">
                        java.base/jdk.internal.reflect.NativeConstructorAccessorImpl.newInstance0(Native Method)<br/>
                        java.base/jdk.internal.reflect.NativeConstructorAccessorImpl.newInstance(NativeConstructorAccessorImpl.java:62)<br/>
                        java.base/jdk.internal.reflect.DelegatingConstructorAccessorImpl.newInstance(DelegatingConstructorAccessorImpl.java:45)<br/>
                        java.base/java.lang.reflect.Constructor.newInstance(Constructor.java:490)<br/>
                        org.openqa.selenium.remote.http.W3CHttpResponseCodec.createException(W3CHttpResponseCodec.java:187)<br/>
                        org.openqa.selenium.remote.http.W3CHttpResponseCodec.decode(W3CHttpResponseCodec.java:122)<br/>
                        org.openqa.selenium.remote.http.W3CHttpResponseCodec.decode(W3CHttpResponseCodec.java:49)<br/>
                        org.openqa.selenium.remote.HttpCommandExecutor.execute(HttpCommandExecutor.java:158)<br/>
                        org.openqa.selenium.remote.service.DriverCommandExecutor.execute(DriverCommandExecutor.java:83)<br/>
                        org.openqa.selenium.remote.RemoteWebDriver.execute(RemoteWebDriver.java:552)<br/>
                        org.openqa.selenium.remote.RemoteWebDriver.findElement(RemoteWebDriver.java:323)<br/>
                        org.openqa.selenium.remote.RemoteWebDriver.findElementByXPath(RemoteWebDriver.java:428)<br/>
                        org.openqa.selenium.By$ByXPath.findElement(By.java:353)<br/>
                        org.openqa.selenium.remote.RemoteWebDriver.findElement(RemoteWebDriver.java:315)<br/>
                        jdk.internal.reflect.GeneratedMethodAccessor5.invoke(Unknown Source)<br/>
                        java.base/jdk.internal.reflect.DelegatingMethodAccessorImpl.invoke(DelegatingMethodAccessorImpl.java:43)<br/>
                        java.base/java.lang.reflect.Method.invoke(Method.java:566)<br/>
                        org.openqa.selenium.support.events.EventFiringWebDriver.lambda$new$1(EventFiringWebDriver.java:105)<br/>
                        com.sun.proxy.$Proxy14.findElement(Unknown Source)<br/>
                        org.openqa.selenium.support.events.EventFiringWebDriver.findElement(EventFiringWebDriver.java:194)<br/>
                        org.openqa.selenium.support.pagefactory.DefaultElementLocator.findElement(DefaultElementLocator.java:69)<br/>
                        org.openqa.selenium.support.pagefactory.AjaxElementLocator.access$001(AjaxElementLocator.java:39)<br/>
                        org.openqa.selenium.support.pagefactory.AjaxElementLocator$SlowLoadingElement.isLoaded(AjaxElementLocator.java:165)<br/>
                        org.openqa.selenium.support.ui.SlowLoadableComponent.get(SlowLoadableComponent.java:51)<br/>
                        org.openqa.selenium.support.pagefactory.AjaxElementLocator.findElement(AjaxElementLocator.java:95)<br/>
                        org.openqa.selenium.support.pagefactory.internal.LocatingElementHandler.invoke(LocatingElementHandler.java:38)<br/>
                        com.sun.proxy.$Proxy21.isDisplayed(Unknown Source)<br/>
                        org.openqa.selenium.support.ui.ExpectedConditions.elementIfVisible(ExpectedConditions.java:314)<br/>
                        org.openqa.selenium.support.ui.ExpectedConditions.access$000(ExpectedConditions.java:43)<br/>
                        org.openqa.selenium.support.ui.ExpectedConditions$10.apply(ExpectedConditions.java:300)<br/>
                        org.openqa.selenium.support.ui.ExpectedConditions$10.apply(ExpectedConditions.java:297)<br/>
                        org.openqa.selenium.support.ui.ExpectedConditions$23.apply(ExpectedConditions.java:670)<br/>
                        org.openqa.selenium.support.ui.ExpectedConditions$23.apply(ExpectedConditions.java:666)<br/>
                        org.openqa.selenium.support.ui.FluentWait.until(FluentWait.java:249)<br/>
                        pages.PageConsinment.entertxtNumberOfParcel(PageConsinment.java:250)<br/>
                        pages.TestPageConsinment.entertxtNumberOfParcel(TestPageConsinment.java:109)<br/>
                        java.base/jdk.internal.reflect.NativeMethodAccessorImpl.invoke0(Native Method)<br/>
                        java.base/jdk.internal.reflect.NativeMethodAccessorImpl.invoke(NativeMethodAccessorImpl.java:62)<br/>
                        java.base/jdk.internal.reflect.DelegatingMethodAccessorImpl.invoke(DelegatingMethodAccessorImpl.java:43)<br/>
                        java.base/java.lang.reflect.Method.invoke(Method.java:566)<br/>
                        org.testng.internal.MethodInvocationHelper.invokeMethod(MethodInvocationHelper.java:134)<br/>
                        org.testng.internal.TestInvoker.invokeMethod(TestInvoker.java:597)<br/>
                        org.testng.internal.TestInvoker.invokeTestMethod(TestInvoker.java:173)<br/>
                        org.testng.internal.MethodRunner.runInSequence(MethodRunner.java:46)<br/>
                        org.testng.internal.TestInvoker$MethodInvocationAgent.invoke(TestInvoker.java:816)<br/>
                        org.testng.internal.TestInvoker.invokeTestMethods(TestInvoker.java:146)<br/>
                        org.testng.internal.TestMethodWorker.invokeTestMethods(TestMethodWorker.java:146)<br/>
                        org.testng.internal.TestMethodWorker.run(TestMethodWorker.java:128)<br/>
                        java.base/java.util.ArrayList.forEach(ArrayList.java:1540)<br/>
                        org.testng.TestRunner.privateRun(TestRunner.java:766)<br/>
                        org.testng.TestRunner.run(TestRunner.java:587)<br/>
                        org.testng.SuiteRunner.runTest(SuiteRunner.java:384)<br/>
                        org.testng.SuiteRunner.runSequentially(SuiteRunner.java:378)<br/>
                        org.testng.SuiteRunner.privateRun(SuiteRunner.java:337)<br/>
                        org.testng.SuiteRunner.run(SuiteRunner.java:286)<br/>
                        org.testng.SuiteRunnerWorker.runSuite(SuiteRunnerWorker.java:53)<br/>
                        org.testng.SuiteRunnerWorker.run(SuiteRunnerWorker.java:96)<br/>
                        org.testng.TestNG.runSuitesSequentially(TestNG.java:1187)<br/>
                        org.testng.TestNG.runSuitesSequentially(TestNG.java:1182)<br/>
                        org.testng.TestNG.runSuitesLocally(TestNG.java:1109)<br/>
                        org.testng.TestNG.runSuites(TestNG.java:1039)<br/>
                        org.testng.TestNG.run(TestNG.java:1007)<br/>
                        com.intellij.rt.testng.IDEARemoteTestNG.run(IDEARemoteTestNG.java:66)<br/>
                        com.intellij.rt.testng.RemoteTestNGStarter.main(RemoteTestNGStarter.java:110)<br/>
                </div>
        </td>
    </tr>
    <tr>
        <td class="method">
                entertxtSecuritypack
        </td>
        <td class="duration">
            12.046s
        </td>
        <td class="result">
            <!-- Display the dependencies for skipped test methods -->


            <!-- Show logger output for the test -->

                <a href="javascript:toggleElement('exception-6', 'block')"
                   title="Click to expand/collapse">
                    <b>org.openqa.selenium.WebDriverException: chrome not reachable<br/>
&nbsp; (Session info: chrome=83.0.4103.61)<br/>
Build info: version: &apos;3.141.59&apos;, revision: &apos;e82be7d358&apos;, time: &apos;2018-11-14T08:17:03&apos;<br/>
System info: host: &apos;WJLP-1098&apos;, ip: &apos;192.168.65.1&apos;, os.name: &apos;Windows 10&apos;, os.arch: &apos;amd64&apos;, os.version: &apos;10.0&apos;, java.version: &apos;11.0.7&apos;<br/>
Driver info: org.openqa.selenium.chrome.ChromeDriver<br/>
Capabilities {acceptInsecureCerts: false, browserName: chrome, browserVersion: 83.0.4103.61, chrome: {chromedriverVersion: 83.0.4103.39 (ccbf011cb2d2b..., userDataDir: C:\Users\nasreenk\AppData\L...}, goog:chromeOptions: {debuggerAddress: localhost:60519}, javascriptEnabled: true, networkConnectionEnabled: false, pageLoadStrategy: none, platform: WINDOWS, platformName: WINDOWS, proxy: Proxy(), setWindowRect: true, strictFileInteractability: false, timeouts: {implicit: 0, pageLoad: 300000, script: 30000}, unhandledPromptBehavior: dismiss and notify, webauthn:virtualAuthenticators: true}<br/>
Session ID: 3ff2554af2eeba38a2908ab4b5bd0be3<br/>
*** Element info: {Using=xpath, value=//input[@id=&apos;ParcelSecurityPack001&apos;]}</b>
                </a>
                <br/>
                <div class="stackTrace" id="exception-6">
                        java.base/jdk.internal.reflect.NativeConstructorAccessorImpl.newInstance0(Native Method)<br/>
                        java.base/jdk.internal.reflect.NativeConstructorAccessorImpl.newInstance(NativeConstructorAccessorImpl.java:62)<br/>
                        java.base/jdk.internal.reflect.DelegatingConstructorAccessorImpl.newInstance(DelegatingConstructorAccessorImpl.java:45)<br/>
                        java.base/java.lang.reflect.Constructor.newInstance(Constructor.java:490)<br/>
                        org.openqa.selenium.remote.http.W3CHttpResponseCodec.createException(W3CHttpResponseCodec.java:187)<br/>
                        org.openqa.selenium.remote.http.W3CHttpResponseCodec.decode(W3CHttpResponseCodec.java:122)<br/>
                        org.openqa.selenium.remote.http.W3CHttpResponseCodec.decode(W3CHttpResponseCodec.java:49)<br/>
                        org.openqa.selenium.remote.HttpCommandExecutor.execute(HttpCommandExecutor.java:158)<br/>
                        org.openqa.selenium.remote.service.DriverCommandExecutor.execute(DriverCommandExecutor.java:83)<br/>
                        org.openqa.selenium.remote.RemoteWebDriver.execute(RemoteWebDriver.java:552)<br/>
                        org.openqa.selenium.remote.RemoteWebDriver.findElement(RemoteWebDriver.java:323)<br/>
                        org.openqa.selenium.remote.RemoteWebDriver.findElementByXPath(RemoteWebDriver.java:428)<br/>
                        org.openqa.selenium.By$ByXPath.findElement(By.java:353)<br/>
                        org.openqa.selenium.remote.RemoteWebDriver.findElement(RemoteWebDriver.java:315)<br/>
                        jdk.internal.reflect.GeneratedMethodAccessor5.invoke(Unknown Source)<br/>
                        java.base/jdk.internal.reflect.DelegatingMethodAccessorImpl.invoke(DelegatingMethodAccessorImpl.java:43)<br/>
                        java.base/java.lang.reflect.Method.invoke(Method.java:566)<br/>
                        org.openqa.selenium.support.events.EventFiringWebDriver.lambda$new$1(EventFiringWebDriver.java:105)<br/>
                        com.sun.proxy.$Proxy14.findElement(Unknown Source)<br/>
                        org.openqa.selenium.support.events.EventFiringWebDriver.findElement(EventFiringWebDriver.java:194)<br/>
                        org.openqa.selenium.support.pagefactory.DefaultElementLocator.findElement(DefaultElementLocator.java:69)<br/>
                        org.openqa.selenium.support.pagefactory.AjaxElementLocator.access$001(AjaxElementLocator.java:39)<br/>
                        org.openqa.selenium.support.pagefactory.AjaxElementLocator$SlowLoadingElement.isLoaded(AjaxElementLocator.java:165)<br/>
                        org.openqa.selenium.support.ui.SlowLoadableComponent.get(SlowLoadableComponent.java:51)<br/>
                        org.openqa.selenium.support.pagefactory.AjaxElementLocator.findElement(AjaxElementLocator.java:95)<br/>
                        org.openqa.selenium.support.pagefactory.internal.LocatingElementHandler.invoke(LocatingElementHandler.java:38)<br/>
                        com.sun.proxy.$Proxy21.isDisplayed(Unknown Source)<br/>
                        org.openqa.selenium.support.ui.ExpectedConditions.elementIfVisible(ExpectedConditions.java:314)<br/>
                        org.openqa.selenium.support.ui.ExpectedConditions.access$000(ExpectedConditions.java:43)<br/>
                        org.openqa.selenium.support.ui.ExpectedConditions$10.apply(ExpectedConditions.java:300)<br/>
                        org.openqa.selenium.support.ui.ExpectedConditions$10.apply(ExpectedConditions.java:297)<br/>
                        org.openqa.selenium.support.ui.FluentWait.until(FluentWait.java:249)<br/>
                        pages.PageConsinment.clickOnSecurityPack(PageConsinment.java:257)<br/>
                        pages.TestPageConsinment.entertxtSecuritypack(TestPageConsinment.java:116)<br/>
                        java.base/jdk.internal.reflect.NativeMethodAccessorImpl.invoke0(Native Method)<br/>
                        java.base/jdk.internal.reflect.NativeMethodAccessorImpl.invoke(NativeMethodAccessorImpl.java:62)<br/>
                        java.base/jdk.internal.reflect.DelegatingMethodAccessorImpl.invoke(DelegatingMethodAccessorImpl.java:43)<br/>
                        java.base/java.lang.reflect.Method.invoke(Method.java:566)<br/>
                        org.testng.internal.MethodInvocationHelper.invokeMethod(MethodInvocationHelper.java:134)<br/>
                        org.testng.internal.TestInvoker.invokeMethod(TestInvoker.java:597)<br/>
                        org.testng.internal.TestInvoker.invokeTestMethod(TestInvoker.java:173)<br/>
                        org.testng.internal.MethodRunner.runInSequence(MethodRunner.java:46)<br/>
                        org.testng.internal.TestInvoker$MethodInvocationAgent.invoke(TestInvoker.java:816)<br/>
                        org.testng.internal.TestInvoker.invokeTestMethods(TestInvoker.java:146)<br/>
                        org.testng.internal.TestMethodWorker.invokeTestMethods(TestMethodWorker.java:146)<br/>
                        org.testng.internal.TestMethodWorker.run(TestMethodWorker.java:128)<br/>
                        java.base/java.util.ArrayList.forEach(ArrayList.java:1540)<br/>
                        org.testng.TestRunner.privateRun(TestRunner.java:766)<br/>
                        org.testng.TestRunner.run(TestRunner.java:587)<br/>
                        org.testng.SuiteRunner.runTest(SuiteRunner.java:384)<br/>
                        org.testng.SuiteRunner.runSequentially(SuiteRunner.java:378)<br/>
                        org.testng.SuiteRunner.privateRun(SuiteRunner.java:337)<br/>
                        org.testng.SuiteRunner.run(SuiteRunner.java:286)<br/>
                        org.testng.SuiteRunnerWorker.runSuite(SuiteRunnerWorker.java:53)<br/>
                        org.testng.SuiteRunnerWorker.run(SuiteRunnerWorker.java:96)<br/>
                        org.testng.TestNG.runSuitesSequentially(TestNG.java:1187)<br/>
                        org.testng.TestNG.runSuitesSequentially(TestNG.java:1182)<br/>
                        org.testng.TestNG.runSuitesLocally(TestNG.java:1109)<br/>
                        org.testng.TestNG.runSuites(TestNG.java:1039)<br/>
                        org.testng.TestNG.run(TestNG.java:1007)<br/>
                        com.intellij.rt.testng.IDEARemoteTestNG.run(IDEARemoteTestNG.java:66)<br/>
                        com.intellij.rt.testng.RemoteTestNGStarter.main(RemoteTestNGStarter.java:110)<br/>
                </div>
        </td>
    </tr>
    </table>


    <table class="resultsTable" width="100%">
        <tr>
            <th colspan="3" class="header passed">Passed Tests</th>
        </tr>
            <tr>
                <td class="group" colspan="3">pages.LoginPageTest</td>
            </tr>
    <tr>
        <td class="method">
                signIn
        </td>
        <td class="duration">
            1.891s
        </td>
        <td class="result">
            <!-- Display the dependencies for skipped test methods -->

                <i>Method arguments: </i>
                <span class="arguments">
                    {Status=, Message=, Password=Test12345, UserName=anand.maurya@ram.co.za}
                </span>
                <br/>

            <!-- Show logger output for the test -->

        </td>
    </tr>
            <tr>
                <td class="group" colspan="3">pages.TestPageConsinment</td>
            </tr>
    <tr>
        <td class="method">
                commudityValidation
        </td>
        <td class="duration">
            14.342s
        </td>
        <td class="result">
            <!-- Display the dependencies for skipped test methods -->


            <!-- Show logger output for the test -->

        </td>
    </tr>
    <tr>
        <td class="method">
                doStarted
        </td>
        <td class="duration">
            50.752s
        </td>
        <td class="result">
            <!-- Display the dependencies for skipped test methods -->

                <i>Method arguments: </i>
                <span class="arguments">
                    {BilledTo=CELW01, ConsignmentID=UAT31230914}
                </span>
                <br/>

            <!-- Show logger output for the test -->

        </td>
    </tr>
    <tr>
        <td class="method">
                thirdStepReciever
        </td>
        <td class="duration">
            38.912s
        </td>
        <td class="result">
            <!-- Display the dependencies for skipped test methods -->


            <!-- Show logger output for the test -->

        </td>
    </tr>
    </table>

<script type="text/javascript" src="reportng.js"></script>
</body>
