<!doctype html>
<html lang="">
<head>
    <meta charset="UTF-8">
    <meta name="viewport"
          content="width=device-width, user-scalable=no, initial-scale=1.0, maximum-scale=1.0, minimum-scale=1.0">
    <meta http-equiv="X-UA-Compatible" content="ie=edge">
    <title>Test Results Report - SeleniumTestJava</title>

    <link href="reportng.css" rel="stylesheet" type="text/css"/>
</head>
<body>
<div id="meta">
Generated by <a href="http://www.testng.org" target="_blank">TestNG</a> with <a href="https://github.com/testng-team/reportng" target="_blank">ReportNG</a>
at 13:50 IST on Wednesday 27 May 2020
    <br/><span
    id="systemInfo">Nasreenk@WJLP-1098&nbsp;/&nbsp;Java 11.0.7 (Oracle Corporation)&nbsp;/&nbsp;Windows 10 10.0 (amd64)</span>
</div>
<h1>SeleniumTestJava</h1>

<p>
    <a href="index.html">Suites</a>
        &#183; <a href="output.html">Log Output</a>
</p>

<p>Test duration
    : 65.790s</p>


    <table class="resultsTable">
        <tr>
            <th colspan="3" class="header failed">Failed Tests</th>
        </tr>
            <tr>
                <td class="group" colspan="3">pages.TestPageConsignmentNegative</td>
            </tr>
    <tr>
        <td class="method">
                doStarted
        </td>
        <td class="duration">
            40.841s
        </td>
        <td class="result">
            <!-- Display the dependencies for skipped test methods -->

                <i>Method arguments: </i>
                <span class="arguments">
                    {BilledTo=CELW01, ConsignmentID=UAT31230902}
                </span>
                <br/>

            <!-- Show logger output for the test -->

                <a href="javascript:toggleElement('exception-0', 'block')"
                   title="Click to expand/collapse">
                    <b>org.openqa.selenium.json.JsonException: java.lang.reflect.InvocationTargetException<br/>
Build info: version: &apos;3.141.59&apos;, revision: &apos;e82be7d358&apos;, time: &apos;2018-11-14T08:17:03&apos;<br/>
System info: host: &apos;WJLP-1098&apos;, ip: &apos;192.168.65.1&apos;, os.name: &apos;Windows 10&apos;, os.arch: &apos;amd64&apos;, os.version: &apos;10.0&apos;, java.version: &apos;11.0.7&apos;<br/>
Driver info: driver.version: EventFiringWebDriver</b>
                </a>
                <br/>
                <div class="stackTrace" id="exception-0">
                        org.openqa.selenium.json.JsonOutput.convertUsingMethod(JsonOutput.java:332)<br/>
                        org.openqa.selenium.json.JsonOutput.lambda$new$16(JsonOutput.java:155)<br/>
                        org.openqa.selenium.json.JsonOutput.write(JsonOutput.java:264)<br/>
                        org.openqa.selenium.json.JsonOutput.lambda$null$21(JsonOutput.java:168)<br/>
                        java.base/java.util.LinkedHashMap$LinkedValues.forEach(LinkedHashMap.java:608)<br/>
                        org.openqa.selenium.json.JsonOutput.lambda$new$22(JsonOutput.java:168)<br/>
                        org.openqa.selenium.json.JsonOutput.write(JsonOutput.java:264)<br/>
                        org.openqa.selenium.json.JsonOutput.lambda$null$23(JsonOutput.java:177)<br/>
                        com.google.common.collect.SingletonImmutableBiMap.forEach(SingletonImmutableBiMap.java:65)<br/>
                        org.openqa.selenium.json.JsonOutput.lambda$new$24(JsonOutput.java:176)<br/>
                        org.openqa.selenium.json.JsonOutput.write(JsonOutput.java:264)<br/>
                        org.openqa.selenium.json.JsonOutput.write(JsonOutput.java:255)<br/>
                        org.openqa.selenium.json.Json.toJson(Json.java:42)<br/>
                        org.openqa.selenium.remote.http.AbstractHttpCommandCodec.encode(AbstractHttpCommandCodec.java:227)<br/>
                        org.openqa.selenium.remote.http.AbstractHttpCommandCodec.encode(AbstractHttpCommandCodec.java:117)<br/>
                        org.openqa.selenium.remote.HttpCommandExecutor.execute(HttpCommandExecutor.java:152)<br/>
                        org.openqa.selenium.remote.service.DriverCommandExecutor.execute(DriverCommandExecutor.java:83)<br/>
                        org.openqa.selenium.remote.RemoteWebDriver.execute(RemoteWebDriver.java:552)<br/>
                        org.openqa.selenium.remote.RemoteWebDriver.perform(RemoteWebDriver.java:618)<br/>
                        java.base/jdk.internal.reflect.NativeMethodAccessorImpl.invoke0(Native Method)<br/>
                        java.base/jdk.internal.reflect.NativeMethodAccessorImpl.invoke(NativeMethodAccessorImpl.java:62)<br/>
                        java.base/jdk.internal.reflect.DelegatingMethodAccessorImpl.invoke(DelegatingMethodAccessorImpl.java:43)<br/>
                        java.base/java.lang.reflect.Method.invoke(Method.java:566)<br/>
                        org.openqa.selenium.support.events.EventFiringWebDriver.lambda$new$1(EventFiringWebDriver.java:105)<br/>
                        com.sun.proxy.$Proxy11.perform(Unknown Source)<br/>
                        org.openqa.selenium.support.events.EventFiringWebDriver.perform(EventFiringWebDriver.java:360)<br/>
                        org.openqa.selenium.interactions.Actions$BuiltAction.perform(Actions.java:639)<br/>
                        pages.PageDashBoard.clickOnNavBar(PageDashBoard.java:28)<br/>
                        pages.TestPageConsignmentNegative.doStarted(TestPageConsignmentNegative.java:21)<br/>
                        java.base/jdk.internal.reflect.NativeMethodAccessorImpl.invoke0(Native Method)<br/>
                        java.base/jdk.internal.reflect.NativeMethodAccessorImpl.invoke(NativeMethodAccessorImpl.java:62)<br/>
                        java.base/jdk.internal.reflect.DelegatingMethodAccessorImpl.invoke(DelegatingMethodAccessorImpl.java:43)<br/>
                        java.base/java.lang.reflect.Method.invoke(Method.java:566)<br/>
                        org.testng.internal.MethodInvocationHelper.invokeMethod(MethodInvocationHelper.java:134)<br/>
                        org.testng.internal.TestInvoker.invokeMethod(TestInvoker.java:597)<br/>
                        org.testng.internal.TestInvoker.invokeTestMethod(TestInvoker.java:173)<br/>
                        org.testng.internal.MethodRunner.runInSequence(MethodRunner.java:46)<br/>
                        org.testng.internal.TestInvoker$MethodInvocationAgent.invoke(TestInvoker.java:816)<br/>
                        org.testng.internal.TestInvoker.invokeTestMethods(TestInvoker.java:146)<br/>
                        org.testng.internal.TestMethodWorker.invokeTestMethods(TestMethodWorker.java:146)<br/>
                        org.testng.internal.TestMethodWorker.run(TestMethodWorker.java:128)<br/>
                        java.base/java.util.ArrayList.forEach(ArrayList.java:1540)<br/>
                        org.testng.TestRunner.privateRun(TestRunner.java:766)<br/>
                        org.testng.TestRunner.run(TestRunner.java:587)<br/>
                        org.testng.SuiteRunner.runTest(SuiteRunner.java:384)<br/>
                        org.testng.SuiteRunner.runSequentially(SuiteRunner.java:378)<br/>
                        org.testng.SuiteRunner.privateRun(SuiteRunner.java:337)<br/>
                        org.testng.SuiteRunner.run(SuiteRunner.java:286)<br/>
                        org.testng.SuiteRunnerWorker.runSuite(SuiteRunnerWorker.java:53)<br/>
                        org.testng.SuiteRunnerWorker.run(SuiteRunnerWorker.java:96)<br/>
                        org.testng.TestNG.runSuitesSequentially(TestNG.java:1187)<br/>
                        org.testng.TestNG.runSuitesLocally(TestNG.java:1109)<br/>
                        org.testng.TestNG.runSuites(TestNG.java:1039)<br/>
                        org.testng.TestNG.run(TestNG.java:1007)<br/>
                        com.intellij.rt.testng.IDEARemoteTestNG.run(IDEARemoteTestNG.java:66)<br/>
                        com.intellij.rt.testng.RemoteTestNGStarter.main(RemoteTestNGStarter.java:110)<br/>
                        <b>Caused by: </b>
                        <a href="javascript:toggleElement('exception-1', 'block')"
                           title="Click to expand/collapse">
                            java.lang.reflect.InvocationTargetException
                        </a>
                        <br/>
                        <div class="stackTrace" id="exception-1">
                                java.base/jdk.internal.reflect.NativeMethodAccessorImpl.invoke0(Native Method)<br/>
                                java.base/jdk.internal.reflect.NativeMethodAccessorImpl.invoke(NativeMethodAccessorImpl.java:62)<br/>
                                java.base/jdk.internal.reflect.DelegatingMethodAccessorImpl.invoke(DelegatingMethodAccessorImpl.java:43)<br/>
                                java.base/java.lang.reflect.Method.invoke(Method.java:566)<br/>
                                org.openqa.selenium.json.JsonOutput.convertUsingMethod(JsonOutput.java:328)<br/>
                                org.openqa.selenium.json.JsonOutput.lambda$new$16(JsonOutput.java:155)<br/>
                                org.openqa.selenium.json.JsonOutput.write(JsonOutput.java:264)<br/>
                                org.openqa.selenium.json.JsonOutput.lambda$null$21(JsonOutput.java:168)<br/>
                                java.base/java.util.LinkedHashMap$LinkedValues.forEach(LinkedHashMap.java:608)<br/>
                                org.openqa.selenium.json.JsonOutput.lambda$new$22(JsonOutput.java:168)<br/>
                                org.openqa.selenium.json.JsonOutput.write(JsonOutput.java:264)<br/>
                                org.openqa.selenium.json.JsonOutput.lambda$null$23(JsonOutput.java:177)<br/>
                                com.google.common.collect.SingletonImmutableBiMap.forEach(SingletonImmutableBiMap.java:65)<br/>
                                org.openqa.selenium.json.JsonOutput.lambda$new$24(JsonOutput.java:176)<br/>
                                org.openqa.selenium.json.JsonOutput.write(JsonOutput.java:264)<br/>
                                org.openqa.selenium.json.JsonOutput.write(JsonOutput.java:255)<br/>
                                org.openqa.selenium.json.Json.toJson(Json.java:42)<br/>
                                org.openqa.selenium.remote.http.AbstractHttpCommandCodec.encode(AbstractHttpCommandCodec.java:227)<br/>
                                org.openqa.selenium.remote.http.AbstractHttpCommandCodec.encode(AbstractHttpCommandCodec.java:117)<br/>
                                org.openqa.selenium.remote.HttpCommandExecutor.execute(HttpCommandExecutor.java:152)<br/>
                                org.openqa.selenium.remote.service.DriverCommandExecutor.execute(DriverCommandExecutor.java:83)<br/>
                                org.openqa.selenium.remote.RemoteWebDriver.execute(RemoteWebDriver.java:552)<br/>
                                org.openqa.selenium.remote.RemoteWebDriver.perform(RemoteWebDriver.java:618)<br/>
                                java.base/jdk.internal.reflect.NativeMethodAccessorImpl.invoke0(Native Method)<br/>
                                java.base/jdk.internal.reflect.NativeMethodAccessorImpl.invoke(NativeMethodAccessorImpl.java:62)<br/>
                                java.base/jdk.internal.reflect.DelegatingMethodAccessorImpl.invoke(DelegatingMethodAccessorImpl.java:43)<br/>
                                java.base/java.lang.reflect.Method.invoke(Method.java:566)<br/>
                                org.openqa.selenium.support.events.EventFiringWebDriver.lambda$new$1(EventFiringWebDriver.java:105)<br/>
                                com.sun.proxy.$Proxy11.perform(Unknown Source)<br/>
                                org.openqa.selenium.support.events.EventFiringWebDriver.perform(EventFiringWebDriver.java:360)<br/>
                                org.openqa.selenium.interactions.Actions$BuiltAction.perform(Actions.java:639)<br/>
                                pages.PageDashBoard.clickOnNavBar(PageDashBoard.java:28)<br/>
                                pages.TestPageConsignmentNegative.doStarted(TestPageConsignmentNegative.java:21)<br/>
                                java.base/jdk.internal.reflect.NativeMethodAccessorImpl.invoke0(Native Method)<br/>
                                java.base/jdk.internal.reflect.NativeMethodAccessorImpl.invoke(NativeMethodAccessorImpl.java:62)<br/>
                                java.base/jdk.internal.reflect.DelegatingMethodAccessorImpl.invoke(DelegatingMethodAccessorImpl.java:43)<br/>
                                java.base/java.lang.reflect.Method.invoke(Method.java:566)<br/>
                                org.testng.internal.MethodInvocationHelper.invokeMethod(MethodInvocationHelper.java:134)<br/>
                                org.testng.internal.TestInvoker.invokeMethod(TestInvoker.java:597)<br/>
                                org.testng.internal.TestInvoker.invokeTestMethod(TestInvoker.java:173)<br/>
                                org.testng.internal.MethodRunner.runInSequence(MethodRunner.java:46)<br/>
                                org.testng.internal.TestInvoker$MethodInvocationAgent.invoke(TestInvoker.java:816)<br/>
                                org.testng.internal.TestInvoker.invokeTestMethods(TestInvoker.java:146)<br/>
                                org.testng.internal.TestMethodWorker.invokeTestMethods(TestMethodWorker.java:146)<br/>
                                org.testng.internal.TestMethodWorker.run(TestMethodWorker.java:128)<br/>
                                java.base/java.util.ArrayList.forEach(ArrayList.java:1540)<br/>
                                org.testng.TestRunner.privateRun(TestRunner.java:766)<br/>
                                org.testng.TestRunner.run(TestRunner.java:587)<br/>
                                org.testng.SuiteRunner.runTest(SuiteRunner.java:384)<br/>
                                org.testng.SuiteRunner.runSequentially(SuiteRunner.java:378)<br/>
                                org.testng.SuiteRunner.privateRun(SuiteRunner.java:337)<br/>
                                org.testng.SuiteRunner.run(SuiteRunner.java:286)<br/>
                                org.testng.SuiteRunnerWorker.runSuite(SuiteRunnerWorker.java:53)<br/>
                                org.testng.SuiteRunnerWorker.run(SuiteRunnerWorker.java:96)<br/>
                                org.testng.TestNG.runSuitesSequentially(TestNG.java:1187)<br/>
                                org.testng.TestNG.runSuitesLocally(TestNG.java:1109)<br/>
                                org.testng.TestNG.runSuites(TestNG.java:1039)<br/>
                                org.testng.TestNG.run(TestNG.java:1007)<br/>
                                com.intellij.rt.testng.IDEARemoteTestNG.run(IDEARemoteTestNG.java:66)<br/>
                                com.intellij.rt.testng.RemoteTestNGStarter.main(RemoteTestNGStarter.java:110)<br/>
                        </div>
                        <b>Caused by: </b>
                        <a href="javascript:toggleElement('exception-2', 'block')"
                           title="Click to expand/collapse">
                            org.openqa.selenium.NoSuchElementException: Timed out after 40 seconds. Unable to locate the element
                        </a>
                        <br/>
                        <div class="stackTrace" id="exception-2">
                                org.openqa.selenium.support.pagefactory.AjaxElementLocator.findElement(AjaxElementLocator.java:99)<br/>
                                org.openqa.selenium.support.pagefactory.internal.LocatingElementHandler.invoke(LocatingElementHandler.java:38)<br/>
                                com.sun.proxy.$Proxy19.getWrappedElement(Unknown Source)<br/>
                                org.openqa.selenium.interactions.PointerInput$Origin.asArg(PointerInput.java:204)<br/>
                                org.openqa.selenium.interactions.PointerInput$Move.encode(PointerInput.java:155)<br/>
                                org.openqa.selenium.interactions.Sequence.encode(Sequence.java:75)<br/>
                                org.openqa.selenium.interactions.Sequence.toJson(Sequence.java:84)<br/>
                                java.base/jdk.internal.reflect.NativeMethodAccessorImpl.invoke0(Native Method)<br/>
                                java.base/jdk.internal.reflect.NativeMethodAccessorImpl.invoke(NativeMethodAccessorImpl.java:62)<br/>
                                java.base/jdk.internal.reflect.DelegatingMethodAccessorImpl.invoke(DelegatingMethodAccessorImpl.java:43)<br/>
                                java.base/java.lang.reflect.Method.invoke(Method.java:566)<br/>
                                org.openqa.selenium.json.JsonOutput.convertUsingMethod(JsonOutput.java:328)<br/>
                                org.openqa.selenium.json.JsonOutput.lambda$new$16(JsonOutput.java:155)<br/>
                                org.openqa.selenium.json.JsonOutput.write(JsonOutput.java:264)<br/>
                                org.openqa.selenium.json.JsonOutput.lambda$null$21(JsonOutput.java:168)<br/>
                                java.base/java.util.LinkedHashMap$LinkedValues.forEach(LinkedHashMap.java:608)<br/>
                                org.openqa.selenium.json.JsonOutput.lambda$new$22(JsonOutput.java:168)<br/>
                                org.openqa.selenium.json.JsonOutput.write(JsonOutput.java:264)<br/>
                                org.openqa.selenium.json.JsonOutput.lambda$null$23(JsonOutput.java:177)<br/>
                                com.google.common.collect.SingletonImmutableBiMap.forEach(SingletonImmutableBiMap.java:65)<br/>
                                org.openqa.selenium.json.JsonOutput.lambda$new$24(JsonOutput.java:176)<br/>
                                org.openqa.selenium.json.JsonOutput.write(JsonOutput.java:264)<br/>
                                org.openqa.selenium.json.JsonOutput.write(JsonOutput.java:255)<br/>
                                org.openqa.selenium.json.Json.toJson(Json.java:42)<br/>
                                org.openqa.selenium.remote.http.AbstractHttpCommandCodec.encode(AbstractHttpCommandCodec.java:227)<br/>
                                org.openqa.selenium.remote.http.AbstractHttpCommandCodec.encode(AbstractHttpCommandCodec.java:117)<br/>
                                org.openqa.selenium.remote.HttpCommandExecutor.execute(HttpCommandExecutor.java:152)<br/>
                                org.openqa.selenium.remote.service.DriverCommandExecutor.execute(DriverCommandExecutor.java:83)<br/>
                                org.openqa.selenium.remote.RemoteWebDriver.execute(RemoteWebDriver.java:552)<br/>
                                org.openqa.selenium.remote.RemoteWebDriver.perform(RemoteWebDriver.java:618)<br/>
                                java.base/jdk.internal.reflect.NativeMethodAccessorImpl.invoke0(Native Method)<br/>
                                java.base/jdk.internal.reflect.NativeMethodAccessorImpl.invoke(NativeMethodAccessorImpl.java:62)<br/>
                                java.base/jdk.internal.reflect.DelegatingMethodAccessorImpl.invoke(DelegatingMethodAccessorImpl.java:43)<br/>
                                java.base/java.lang.reflect.Method.invoke(Method.java:566)<br/>
                                org.openqa.selenium.support.events.EventFiringWebDriver.lambda$new$1(EventFiringWebDriver.java:105)<br/>
                                com.sun.proxy.$Proxy11.perform(Unknown Source)<br/>
                                org.openqa.selenium.support.events.EventFiringWebDriver.perform(EventFiringWebDriver.java:360)<br/>
                                org.openqa.selenium.interactions.Actions$BuiltAction.perform(Actions.java:639)<br/>
                                pages.PageDashBoard.clickOnNavBar(PageDashBoard.java:28)<br/>
                                pages.TestPageConsignmentNegative.doStarted(TestPageConsignmentNegative.java:21)<br/>
                                java.base/jdk.internal.reflect.NativeMethodAccessorImpl.invoke0(Native Method)<br/>
                                java.base/jdk.internal.reflect.NativeMethodAccessorImpl.invoke(NativeMethodAccessorImpl.java:62)<br/>
                                java.base/jdk.internal.reflect.DelegatingMethodAccessorImpl.invoke(DelegatingMethodAccessorImpl.java:43)<br/>
                                java.base/java.lang.reflect.Method.invoke(Method.java:566)<br/>
                                org.testng.internal.MethodInvocationHelper.invokeMethod(MethodInvocationHelper.java:134)<br/>
                                org.testng.internal.TestInvoker.invokeMethod(TestInvoker.java:597)<br/>
                                org.testng.internal.TestInvoker.invokeTestMethod(TestInvoker.java:173)<br/>
                                org.testng.internal.MethodRunner.runInSequence(MethodRunner.java:46)<br/>
                                org.testng.internal.TestInvoker$MethodInvocationAgent.invoke(TestInvoker.java:816)<br/>
                                org.testng.internal.TestInvoker.invokeTestMethods(TestInvoker.java:146)<br/>
                                org.testng.internal.TestMethodWorker.invokeTestMethods(TestMethodWorker.java:146)<br/>
                                org.testng.internal.TestMethodWorker.run(TestMethodWorker.java:128)<br/>
                                java.base/java.util.ArrayList.forEach(ArrayList.java:1540)<br/>
                                org.testng.TestRunner.privateRun(TestRunner.java:766)<br/>
                                org.testng.TestRunner.run(TestRunner.java:587)<br/>
                                org.testng.SuiteRunner.runTest(SuiteRunner.java:384)<br/>
                                org.testng.SuiteRunner.runSequentially(SuiteRunner.java:378)<br/>
                                org.testng.SuiteRunner.privateRun(SuiteRunner.java:337)<br/>
                                org.testng.SuiteRunner.run(SuiteRunner.java:286)<br/>
                                org.testng.SuiteRunnerWorker.runSuite(SuiteRunnerWorker.java:53)<br/>
                                org.testng.SuiteRunnerWorker.run(SuiteRunnerWorker.java:96)<br/>
                                org.testng.TestNG.runSuitesSequentially(TestNG.java:1187)<br/>
                                org.testng.TestNG.runSuitesLocally(TestNG.java:1109)<br/>
                                org.testng.TestNG.runSuites(TestNG.java:1039)<br/>
                                org.testng.TestNG.run(TestNG.java:1007)<br/>
                                com.intellij.rt.testng.IDEARemoteTestNG.run(IDEARemoteTestNG.java:66)<br/>
                                com.intellij.rt.testng.RemoteTestNGStarter.main(RemoteTestNGStarter.java:110)<br/>
                        </div>
                        <b>Caused by: </b>
                        <a href="javascript:toggleElement('exception-3', 'block')"
                           title="Click to expand/collapse">
                            org.openqa.selenium.NoSuchElementException: no such element: Unable to locate element: {&quot;method&quot;:&quot;xpath&quot;,&quot;selector&quot;:&quot;//div[@class=&apos;navbar-right&apos;]&quot;}<br/>
&nbsp; (Session info: chrome=83.0.4103.61)<br/>
For documentation on this error, please visit: https://www.seleniumhq.org/exceptions/no_such_element.html<br/>
Build info: version: &apos;3.141.59&apos;, revision: &apos;e82be7d358&apos;, time: &apos;2018-11-14T08:17:03&apos;<br/>
System info: host: &apos;WJLP-1098&apos;, ip: &apos;192.168.65.1&apos;, os.name: &apos;Windows 10&apos;, os.arch: &apos;amd64&apos;, os.version: &apos;10.0&apos;, java.version: &apos;11.0.7&apos;<br/>
Driver info: org.openqa.selenium.chrome.ChromeDriver<br/>
Capabilities {acceptInsecureCerts: false, browserName: chrome, browserVersion: 83.0.4103.61, chrome: {chromedriverVersion: 83.0.4103.39 (ccbf011cb2d2b..., userDataDir: C:\Users\nasreenk\AppData\L...}, goog:chromeOptions: {debuggerAddress: localhost:58561}, javascriptEnabled: true, networkConnectionEnabled: false, pageLoadStrategy: none, platform: WINDOWS, platformName: WINDOWS, proxy: Proxy(), setWindowRect: true, strictFileInteractability: false, timeouts: {implicit: 0, pageLoad: 300000, script: 30000}, unhandledPromptBehavior: dismiss and notify, webauthn:virtualAuthenticators: true}<br/>
Session ID: 7d9206651722e61c1f406e7d545824fe<br/>
*** Element info: {Using=xpath, value=//div[@class=&apos;navbar-right&apos;]}
                        </a>
                        <br/>
                        <div class="stackTrace" id="exception-3">
                                jdk.internal.reflect.GeneratedConstructorAccessor15.newInstance(Unknown Source)<br/>
                                java.base/jdk.internal.reflect.DelegatingConstructorAccessorImpl.newInstance(DelegatingConstructorAccessorImpl.java:45)<br/>
                                java.base/java.lang.reflect.Constructor.newInstance(Constructor.java:490)<br/>
                                org.openqa.selenium.remote.http.W3CHttpResponseCodec.createException(W3CHttpResponseCodec.java:187)<br/>
                                org.openqa.selenium.remote.http.W3CHttpResponseCodec.decode(W3CHttpResponseCodec.java:122)<br/>
                                org.openqa.selenium.remote.http.W3CHttpResponseCodec.decode(W3CHttpResponseCodec.java:49)<br/>
                                org.openqa.selenium.remote.HttpCommandExecutor.execute(HttpCommandExecutor.java:158)<br/>
                                org.openqa.selenium.remote.service.DriverCommandExecutor.execute(DriverCommandExecutor.java:83)<br/>
                                org.openqa.selenium.remote.RemoteWebDriver.execute(RemoteWebDriver.java:552)<br/>
                                org.openqa.selenium.remote.RemoteWebDriver.findElement(RemoteWebDriver.java:323)<br/>
                                org.openqa.selenium.remote.RemoteWebDriver.findElementByXPath(RemoteWebDriver.java:428)<br/>
                                org.openqa.selenium.By$ByXPath.findElement(By.java:353)<br/>
                                org.openqa.selenium.remote.RemoteWebDriver.findElement(RemoteWebDriver.java:315)<br/>
                                jdk.internal.reflect.GeneratedMethodAccessor2.invoke(Unknown Source)<br/>
                                java.base/jdk.internal.reflect.DelegatingMethodAccessorImpl.invoke(DelegatingMethodAccessorImpl.java:43)<br/>
                                java.base/java.lang.reflect.Method.invoke(Method.java:566)<br/>
                                org.openqa.selenium.support.events.EventFiringWebDriver.lambda$new$1(EventFiringWebDriver.java:105)<br/>
                                com.sun.proxy.$Proxy11.findElement(Unknown Source)<br/>
                                org.openqa.selenium.support.events.EventFiringWebDriver.findElement(EventFiringWebDriver.java:194)<br/>
                                org.openqa.selenium.support.pagefactory.DefaultElementLocator.findElement(DefaultElementLocator.java:69)<br/>
                                org.openqa.selenium.support.pagefactory.AjaxElementLocator.access$001(AjaxElementLocator.java:39)<br/>
                                org.openqa.selenium.support.pagefactory.AjaxElementLocator$SlowLoadingElement.isLoaded(AjaxElementLocator.java:165)<br/>
                                org.openqa.selenium.support.ui.SlowLoadableComponent.get(SlowLoadableComponent.java:72)<br/>
                                org.openqa.selenium.support.pagefactory.AjaxElementLocator.findElement(AjaxElementLocator.java:95)<br/>
                                org.openqa.selenium.support.pagefactory.internal.LocatingElementHandler.invoke(LocatingElementHandler.java:38)<br/>
                                com.sun.proxy.$Proxy19.getWrappedElement(Unknown Source)<br/>
                                org.openqa.selenium.interactions.PointerInput$Origin.asArg(PointerInput.java:204)<br/>
                                org.openqa.selenium.interactions.PointerInput$Move.encode(PointerInput.java:155)<br/>
                                org.openqa.selenium.interactions.Sequence.encode(Sequence.java:75)<br/>
                                org.openqa.selenium.interactions.Sequence.toJson(Sequence.java:84)<br/>
                                java.base/jdk.internal.reflect.NativeMethodAccessorImpl.invoke0(Native Method)<br/>
                                java.base/jdk.internal.reflect.NativeMethodAccessorImpl.invoke(NativeMethodAccessorImpl.java:62)<br/>
                                java.base/jdk.internal.reflect.DelegatingMethodAccessorImpl.invoke(DelegatingMethodAccessorImpl.java:43)<br/>
                                java.base/java.lang.reflect.Method.invoke(Method.java:566)<br/>
                                org.openqa.selenium.json.JsonOutput.convertUsingMethod(JsonOutput.java:328)<br/>
                                org.openqa.selenium.json.JsonOutput.lambda$new$16(JsonOutput.java:155)<br/>
                                org.openqa.selenium.json.JsonOutput.write(JsonOutput.java:264)<br/>
                                org.openqa.selenium.json.JsonOutput.lambda$null$21(JsonOutput.java:168)<br/>
                                java.base/java.util.LinkedHashMap$LinkedValues.forEach(LinkedHashMap.java:608)<br/>
                                org.openqa.selenium.json.JsonOutput.lambda$new$22(JsonOutput.java:168)<br/>
                                org.openqa.selenium.json.JsonOutput.write(JsonOutput.java:264)<br/>
                                org.openqa.selenium.json.JsonOutput.lambda$null$23(JsonOutput.java:177)<br/>
                                com.google.common.collect.SingletonImmutableBiMap.forEach(SingletonImmutableBiMap.java:65)<br/>
                                org.openqa.selenium.json.JsonOutput.lambda$new$24(JsonOutput.java:176)<br/>
                                org.openqa.selenium.json.JsonOutput.write(JsonOutput.java:264)<br/>
                                org.openqa.selenium.json.JsonOutput.write(JsonOutput.java:255)<br/>
                                org.openqa.selenium.json.Json.toJson(Json.java:42)<br/>
                                org.openqa.selenium.remote.http.AbstractHttpCommandCodec.encode(AbstractHttpCommandCodec.java:227)<br/>
                                org.openqa.selenium.remote.http.AbstractHttpCommandCodec.encode(AbstractHttpCommandCodec.java:117)<br/>
                                org.openqa.selenium.remote.HttpCommandExecutor.execute(HttpCommandExecutor.java:152)<br/>
                                org.openqa.selenium.remote.service.DriverCommandExecutor.execute(DriverCommandExecutor.java:83)<br/>
                                org.openqa.selenium.remote.RemoteWebDriver.execute(RemoteWebDriver.java:552)<br/>
                                org.openqa.selenium.remote.RemoteWebDriver.perform(RemoteWebDriver.java:618)<br/>
                                java.base/jdk.internal.reflect.NativeMethodAccessorImpl.invoke0(Native Method)<br/>
                                java.base/jdk.internal.reflect.NativeMethodAccessorImpl.invoke(NativeMethodAccessorImpl.java:62)<br/>
                                java.base/jdk.internal.reflect.DelegatingMethodAccessorImpl.invoke(DelegatingMethodAccessorImpl.java:43)<br/>
                                java.base/java.lang.reflect.Method.invoke(Method.java:566)<br/>
                                org.openqa.selenium.support.events.EventFiringWebDriver.lambda$new$1(EventFiringWebDriver.java:105)<br/>
                                com.sun.proxy.$Proxy11.perform(Unknown Source)<br/>
                                org.openqa.selenium.support.events.EventFiringWebDriver.perform(EventFiringWebDriver.java:360)<br/>
                                org.openqa.selenium.interactions.Actions$BuiltAction.perform(Actions.java:639)<br/>
                                pages.PageDashBoard.clickOnNavBar(PageDashBoard.java:28)<br/>
                                pages.TestPageConsignmentNegative.doStarted(TestPageConsignmentNegative.java:21)<br/>
                                java.base/jdk.internal.reflect.NativeMethodAccessorImpl.invoke0(Native Method)<br/>
                                java.base/jdk.internal.reflect.NativeMethodAccessorImpl.invoke(NativeMethodAccessorImpl.java:62)<br/>
                                java.base/jdk.internal.reflect.DelegatingMethodAccessorImpl.invoke(DelegatingMethodAccessorImpl.java:43)<br/>
                                java.base/java.lang.reflect.Method.invoke(Method.java:566)<br/>
                                org.testng.internal.MethodInvocationHelper.invokeMethod(MethodInvocationHelper.java:134)<br/>
                                org.testng.internal.TestInvoker.invokeMethod(TestInvoker.java:597)<br/>
                                org.testng.internal.TestInvoker.invokeTestMethod(TestInvoker.java:173)<br/>
                                org.testng.internal.MethodRunner.runInSequence(MethodRunner.java:46)<br/>
                                org.testng.internal.TestInvoker$MethodInvocationAgent.invoke(TestInvoker.java:816)<br/>
                                org.testng.internal.TestInvoker.invokeTestMethods(TestInvoker.java:146)<br/>
                                org.testng.internal.TestMethodWorker.invokeTestMethods(TestMethodWorker.java:146)<br/>
                                org.testng.internal.TestMethodWorker.run(TestMethodWorker.java:128)<br/>
                                java.base/java.util.ArrayList.forEach(ArrayList.java:1540)<br/>
                                org.testng.TestRunner.privateRun(TestRunner.java:766)<br/>
                                org.testng.TestRunner.run(TestRunner.java:587)<br/>
                                org.testng.SuiteRunner.runTest(SuiteRunner.java:384)<br/>
                                org.testng.SuiteRunner.runSequentially(SuiteRunner.java:378)<br/>
                                org.testng.SuiteRunner.privateRun(SuiteRunner.java:337)<br/>
                                org.testng.SuiteRunner.run(SuiteRunner.java:286)<br/>
                                org.testng.SuiteRunnerWorker.runSuite(SuiteRunnerWorker.java:53)<br/>
                                org.testng.SuiteRunnerWorker.run(SuiteRunnerWorker.java:96)<br/>
                                org.testng.TestNG.runSuitesSequentially(TestNG.java:1187)<br/>
                                org.testng.TestNG.runSuitesLocally(TestNG.java:1109)<br/>
                                org.testng.TestNG.runSuites(TestNG.java:1039)<br/>
                                org.testng.TestNG.run(TestNG.java:1007)<br/>
                                com.intellij.rt.testng.IDEARemoteTestNG.run(IDEARemoteTestNG.java:66)<br/>
                                com.intellij.rt.testng.RemoteTestNGStarter.main(RemoteTestNGStarter.java:110)<br/>
                        </div>
                </div>
        </td>
    </tr>
    </table>



<script type="text/javascript" src="reportng.js"></script>
</body>
