<?xml version="1.0" encoding="UTF-8"?>
<testsuite name="SeleniumTestJava"
           tests="1"
           failures="1"
           errors="0"
           skipped="0"
           time="40.841">
    <properties></properties>

            <testcase
                name="doStarted"
                time="40.841"
                classname="pages.TestPageConsignmentNegative">

            <failure type="org.openqa.selenium.json.JsonException" message="java.lang.reflect.InvocationTargetException
Build info: version: &apos;3.141.59&apos;, revision: &apos;e82be7d358&apos;, time: &apos;2018-11-14T08:17:03&apos;
System info: host: &apos;WJLP-1098&apos;, ip: &apos;192.168.65.1&apos;, os.name: &apos;Windows 10&apos;, os.arch: &apos;amd64&apos;, os.version: &apos;10.0&apos;, java.version: &apos;11.0.7&apos;
Driver info: driver.version: EventFiringWebDriver">
                <![CDATA[org.openqa.selenium.json.JsonException: java.lang.reflect.InvocationTargetException
Build info: version: '3.141.59', revision: 'e82be7d358', time: '2018-11-14T08:17:03'
System info: host: 'WJLP-1098', ip: '192.168.65.1', os.name: 'Windows 10', os.arch: 'amd64', os.version: '10.0', java.version: '11.0.7'
Driver info: driver.version: EventFiringWebDriver
                org.openqa.selenium.json.JsonOutput.convertUsingMethod(JsonOutput.java:332)org.openqa.selenium.json.JsonOutput.lambda$new$16(JsonOutput.java:155)org.openqa.selenium.json.JsonOutput.write(JsonOutput.java:264)org.openqa.selenium.json.JsonOutput.lambda$null$21(JsonOutput.java:168)java.base/java.util.LinkedHashMap$LinkedValues.forEach(LinkedHashMap.java:608)org.openqa.selenium.json.JsonOutput.lambda$new$22(JsonOutput.java:168)org.openqa.selenium.json.JsonOutput.write(JsonOutput.java:264)org.openqa.selenium.json.JsonOutput.lambda$null$23(JsonOutput.java:177)com.google.common.collect.SingletonImmutableBiMap.forEach(SingletonImmutableBiMap.java:65)org.openqa.selenium.json.JsonOutput.lambda$new$24(JsonOutput.java:176)org.openqa.selenium.json.JsonOutput.write(JsonOutput.java:264)org.openqa.selenium.json.JsonOutput.write(JsonOutput.java:255)org.openqa.selenium.json.Json.toJson(Json.java:42)org.openqa.selenium.remote.http.AbstractHttpCommandCodec.encode(AbstractHttpCommandCodec.java:227)org.openqa.selenium.remote.http.AbstractHttpCommandCodec.encode(AbstractHttpCommandCodec.java:117)org.openqa.selenium.remote.HttpCommandExecutor.execute(HttpCommandExecutor.java:152)org.openqa.selenium.remote.service.DriverCommandExecutor.execute(DriverCommandExecutor.java:83)org.openqa.selenium.remote.RemoteWebDriver.execute(RemoteWebDriver.java:552)org.openqa.selenium.remote.RemoteWebDriver.perform(RemoteWebDriver.java:618)java.base/jdk.internal.reflect.NativeMethodAccessorImpl.invoke0(Native Method)java.base/jdk.internal.reflect.NativeMethodAccessorImpl.invoke(NativeMethodAccessorImpl.java:62)java.base/jdk.internal.reflect.DelegatingMethodAccessorImpl.invoke(DelegatingMethodAccessorImpl.java:43)java.base/java.lang.reflect.Method.invoke(Method.java:566)org.openqa.selenium.support.events.EventFiringWebDriver.lambda$new$1(EventFiringWebDriver.java:105)com.sun.proxy.$Proxy11.perform(Unknown Source)org.openqa.selenium.support.events.EventFiringWebDriver.perform(EventFiringWebDriver.java:360)org.openqa.selenium.interactions.Actions$BuiltAction.perform(Actions.java:639)pages.PageDashBoard.clickOnNavBar(PageDashBoard.java:28)pages.TestPageConsignmentNegative.doStarted(TestPageConsignmentNegative.java:21)java.base/jdk.internal.reflect.NativeMethodAccessorImpl.invoke0(Native Method)java.base/jdk.internal.reflect.NativeMethodAccessorImpl.invoke(NativeMethodAccessorImpl.java:62)java.base/jdk.internal.reflect.DelegatingMethodAccessorImpl.invoke(DelegatingMethodAccessorImpl.java:43)java.base/java.lang.reflect.Method.invoke(Method.java:566)org.testng.internal.MethodInvocationHelper.invokeMethod(MethodInvocationHelper.java:134)org.testng.internal.TestInvoker.invokeMethod(TestInvoker.java:597)org.testng.internal.TestInvoker.invokeTestMethod(TestInvoker.java:173)org.testng.internal.MethodRunner.runInSequence(MethodRunner.java:46)org.testng.internal.TestInvoker$MethodInvocationAgent.invoke(TestInvoker.java:816)org.testng.internal.TestInvoker.invokeTestMethods(TestInvoker.java:146)org.testng.internal.TestMethodWorker.invokeTestMethods(TestMethodWorker.java:146)org.testng.internal.TestMethodWorker.run(TestMethodWorker.java:128)java.base/java.util.ArrayList.forEach(ArrayList.java:1540)org.testng.TestRunner.privateRun(TestRunner.java:766)org.testng.TestRunner.run(TestRunner.java:587)org.testng.SuiteRunner.runTest(SuiteRunner.java:384)org.testng.SuiteRunner.runSequentially(SuiteRunner.java:378)org.testng.SuiteRunner.privateRun(SuiteRunner.java:337)org.testng.SuiteRunner.run(SuiteRunner.java:286)org.testng.SuiteRunnerWorker.runSuite(SuiteRunnerWorker.java:53)org.testng.SuiteRunnerWorker.run(SuiteRunnerWorker.java:96)org.testng.TestNG.runSuitesSequentially(TestNG.java:1187)org.testng.TestNG.runSuitesLocally(TestNG.java:1109)org.testng.TestNG.runSuites(TestNG.java:1039)org.testng.TestNG.run(TestNG.java:1007)com.intellij.rt.testng.IDEARemoteTestNG.run(IDEARemoteTestNG.java:66)com.intellij.rt.testng.RemoteTestNGStarter.main(RemoteTestNGStarter.java:110)
                    Caused by: java.lang.reflect.InvocationTargetException
                    java.base/jdk.internal.reflect.NativeMethodAccessorImpl.invoke0(Native Method)java.base/jdk.internal.reflect.NativeMethodAccessorImpl.invoke(NativeMethodAccessorImpl.java:62)java.base/jdk.internal.reflect.DelegatingMethodAccessorImpl.invoke(DelegatingMethodAccessorImpl.java:43)java.base/java.lang.reflect.Method.invoke(Method.java:566)org.openqa.selenium.json.JsonOutput.convertUsingMethod(JsonOutput.java:328)org.openqa.selenium.json.JsonOutput.lambda$new$16(JsonOutput.java:155)org.openqa.selenium.json.JsonOutput.write(JsonOutput.java:264)org.openqa.selenium.json.JsonOutput.lambda$null$21(JsonOutput.java:168)java.base/java.util.LinkedHashMap$LinkedValues.forEach(LinkedHashMap.java:608)org.openqa.selenium.json.JsonOutput.lambda$new$22(JsonOutput.java:168)org.openqa.selenium.json.JsonOutput.write(JsonOutput.java:264)org.openqa.selenium.json.JsonOutput.lambda$null$23(JsonOutput.java:177)com.google.common.collect.SingletonImmutableBiMap.forEach(SingletonImmutableBiMap.java:65)org.openqa.selenium.json.JsonOutput.lambda$new$24(JsonOutput.java:176)org.openqa.selenium.json.JsonOutput.write(JsonOutput.java:264)org.openqa.selenium.json.JsonOutput.write(JsonOutput.java:255)org.openqa.selenium.json.Json.toJson(Json.java:42)org.openqa.selenium.remote.http.AbstractHttpCommandCodec.encode(AbstractHttpCommandCodec.java:227)org.openqa.selenium.remote.http.AbstractHttpCommandCodec.encode(AbstractHttpCommandCodec.java:117)org.openqa.selenium.remote.HttpCommandExecutor.execute(HttpCommandExecutor.java:152)org.openqa.selenium.remote.service.DriverCommandExecutor.execute(DriverCommandExecutor.java:83)org.openqa.selenium.remote.RemoteWebDriver.execute(RemoteWebDriver.java:552)org.openqa.selenium.remote.RemoteWebDriver.perform(RemoteWebDriver.java:618)java.base/jdk.internal.reflect.NativeMethodAccessorImpl.invoke0(Native Method)java.base/jdk.internal.reflect.NativeMethodAccessorImpl.invoke(NativeMethodAccessorImpl.java:62)java.base/jdk.internal.reflect.DelegatingMethodAccessorImpl.invoke(DelegatingMethodAccessorImpl.java:43)java.base/java.lang.reflect.Method.invoke(Method.java:566)org.openqa.selenium.support.events.EventFiringWebDriver.lambda$new$1(EventFiringWebDriver.java:105)com.sun.proxy.$Proxy11.perform(Unknown Source)org.openqa.selenium.support.events.EventFiringWebDriver.perform(EventFiringWebDriver.java:360)org.openqa.selenium.interactions.Actions$BuiltAction.perform(Actions.java:639)pages.PageDashBoard.clickOnNavBar(PageDashBoard.java:28)pages.TestPageConsignmentNegative.doStarted(TestPageConsignmentNegative.java:21)java.base/jdk.internal.reflect.NativeMethodAccessorImpl.invoke0(Native Method)java.base/jdk.internal.reflect.NativeMethodAccessorImpl.invoke(NativeMethodAccessorImpl.java:62)java.base/jdk.internal.reflect.DelegatingMethodAccessorImpl.invoke(DelegatingMethodAccessorImpl.java:43)java.base/java.lang.reflect.Method.invoke(Method.java:566)org.testng.internal.MethodInvocationHelper.invokeMethod(MethodInvocationHelper.java:134)org.testng.internal.TestInvoker.invokeMethod(TestInvoker.java:597)org.testng.internal.TestInvoker.invokeTestMethod(TestInvoker.java:173)org.testng.internal.MethodRunner.runInSequence(MethodRunner.java:46)org.testng.internal.TestInvoker$MethodInvocationAgent.invoke(TestInvoker.java:816)org.testng.internal.TestInvoker.invokeTestMethods(TestInvoker.java:146)org.testng.internal.TestMethodWorker.invokeTestMethods(TestMethodWorker.java:146)org.testng.internal.TestMethodWorker.run(TestMethodWorker.java:128)java.base/java.util.ArrayList.forEach(ArrayList.java:1540)org.testng.TestRunner.privateRun(TestRunner.java:766)org.testng.TestRunner.run(TestRunner.java:587)org.testng.SuiteRunner.runTest(SuiteRunner.java:384)org.testng.SuiteRunner.runSequentially(SuiteRunner.java:378)org.testng.SuiteRunner.privateRun(SuiteRunner.java:337)org.testng.SuiteRunner.run(SuiteRunner.java:286)org.testng.SuiteRunnerWorker.runSuite(SuiteRunnerWorker.java:53)org.testng.SuiteRunnerWorker.run(SuiteRunnerWorker.java:96)org.testng.TestNG.runSuitesSequentially(TestNG.java:1187)org.testng.TestNG.runSuitesLocally(TestNG.java:1109)org.testng.TestNG.runSuites(TestNG.java:1039)org.testng.TestNG.run(TestNG.java:1007)com.intellij.rt.testng.IDEARemoteTestNG.run(IDEARemoteTestNG.java:66)com.intellij.rt.testng.RemoteTestNGStarter.main(RemoteTestNGStarter.java:110)
                                    Caused by: org.openqa.selenium.NoSuchElementException: Timed out after 40 seconds. Unable to locate the element
                    org.openqa.selenium.support.pagefactory.AjaxElementLocator.findElement(AjaxElementLocator.java:99)org.openqa.selenium.support.pagefactory.internal.LocatingElementHandler.invoke(LocatingElementHandler.java:38)com.sun.proxy.$Proxy19.getWrappedElement(Unknown Source)org.openqa.selenium.interactions.PointerInput$Origin.asArg(PointerInput.java:204)org.openqa.selenium.interactions.PointerInput$Move.encode(PointerInput.java:155)org.openqa.selenium.interactions.Sequence.encode(Sequence.java:75)org.openqa.selenium.interactions.Sequence.toJson(Sequence.java:84)java.base/jdk.internal.reflect.NativeMethodAccessorImpl.invoke0(Native Method)java.base/jdk.internal.reflect.NativeMethodAccessorImpl.invoke(NativeMethodAccessorImpl.java:62)java.base/jdk.internal.reflect.DelegatingMethodAccessorImpl.invoke(DelegatingMethodAccessorImpl.java:43)java.base/java.lang.reflect.Method.invoke(Method.java:566)org.openqa.selenium.json.JsonOutput.convertUsingMethod(JsonOutput.java:328)org.openqa.selenium.json.JsonOutput.lambda$new$16(JsonOutput.java:155)org.openqa.selenium.json.JsonOutput.write(JsonOutput.java:264)org.openqa.selenium.json.JsonOutput.lambda$null$21(JsonOutput.java:168)java.base/java.util.LinkedHashMap$LinkedValues.forEach(LinkedHashMap.java:608)org.openqa.selenium.json.JsonOutput.lambda$new$22(JsonOutput.java:168)org.openqa.selenium.json.JsonOutput.write(JsonOutput.java:264)org.openqa.selenium.json.JsonOutput.lambda$null$23(JsonOutput.java:177)com.google.common.collect.SingletonImmutableBiMap.forEach(SingletonImmutableBiMap.java:65)org.openqa.selenium.json.JsonOutput.lambda$new$24(JsonOutput.java:176)org.openqa.selenium.json.JsonOutput.write(JsonOutput.java:264)org.openqa.selenium.json.JsonOutput.write(JsonOutput.java:255)org.openqa.selenium.json.Json.toJson(Json.java:42)org.openqa.selenium.remote.http.AbstractHttpCommandCodec.encode(AbstractHttpCommandCodec.java:227)org.openqa.selenium.remote.http.AbstractHttpCommandCodec.encode(AbstractHttpCommandCodec.java:117)org.openqa.selenium.remote.HttpCommandExecutor.execute(HttpCommandExecutor.java:152)org.openqa.selenium.remote.service.DriverCommandExecutor.execute(DriverCommandExecutor.java:83)org.openqa.selenium.remote.RemoteWebDriver.execute(RemoteWebDriver.java:552)org.openqa.selenium.remote.RemoteWebDriver.perform(RemoteWebDriver.java:618)java.base/jdk.internal.reflect.NativeMethodAccessorImpl.invoke0(Native Method)java.base/jdk.internal.reflect.NativeMethodAccessorImpl.invoke(NativeMethodAccessorImpl.java:62)java.base/jdk.internal.reflect.DelegatingMethodAccessorImpl.invoke(DelegatingMethodAccessorImpl.java:43)java.base/java.lang.reflect.Method.invoke(Method.java:566)org.openqa.selenium.support.events.EventFiringWebDriver.lambda$new$1(EventFiringWebDriver.java:105)com.sun.proxy.$Proxy11.perform(Unknown Source)org.openqa.selenium.support.events.EventFiringWebDriver.perform(EventFiringWebDriver.java:360)org.openqa.selenium.interactions.Actions$BuiltAction.perform(Actions.java:639)pages.PageDashBoard.clickOnNavBar(PageDashBoard.java:28)pages.TestPageConsignmentNegative.doStarted(TestPageConsignmentNegative.java:21)java.base/jdk.internal.reflect.NativeMethodAccessorImpl.invoke0(Native Method)java.base/jdk.internal.reflect.NativeMethodAccessorImpl.invoke(NativeMethodAccessorImpl.java:62)java.base/jdk.internal.reflect.DelegatingMethodAccessorImpl.invoke(DelegatingMethodAccessorImpl.java:43)java.base/java.lang.reflect.Method.invoke(Method.java:566)org.testng.internal.MethodInvocationHelper.invokeMethod(MethodInvocationHelper.java:134)org.testng.internal.TestInvoker.invokeMethod(TestInvoker.java:597)org.testng.internal.TestInvoker.invokeTestMethod(TestInvoker.java:173)org.testng.internal.MethodRunner.runInSequence(MethodRunner.java:46)org.testng.internal.TestInvoker$MethodInvocationAgent.invoke(TestInvoker.java:816)org.testng.internal.TestInvoker.invokeTestMethods(TestInvoker.java:146)org.testng.internal.TestMethodWorker.invokeTestMethods(TestMethodWorker.java:146)org.testng.internal.TestMethodWorker.run(TestMethodWorker.java:128)java.base/java.util.ArrayList.forEach(ArrayList.java:1540)org.testng.TestRunner.privateRun(TestRunner.java:766)org.testng.TestRunner.run(TestRunner.java:587)org.testng.SuiteRunner.runTest(SuiteRunner.java:384)org.testng.SuiteRunner.runSequentially(SuiteRunner.java:378)org.testng.SuiteRunner.privateRun(SuiteRunner.java:337)org.testng.SuiteRunner.run(SuiteRunner.java:286)org.testng.SuiteRunnerWorker.runSuite(SuiteRunnerWorker.java:53)org.testng.SuiteRunnerWorker.run(SuiteRunnerWorker.java:96)org.testng.TestNG.runSuitesSequentially(TestNG.java:1187)org.testng.TestNG.runSuitesLocally(TestNG.java:1109)org.testng.TestNG.runSuites(TestNG.java:1039)org.testng.TestNG.run(TestNG.java:1007)com.intellij.rt.testng.IDEARemoteTestNG.run(IDEARemoteTestNG.java:66)com.intellij.rt.testng.RemoteTestNGStarter.main(RemoteTestNGStarter.java:110)
                                    Caused by: org.openqa.selenium.NoSuchElementException: no such element: Unable to locate element: {"method":"xpath","selector":"//div[@class='navbar-right']"}
  (Session info: chrome=83.0.4103.61)
For documentation on this error, please visit: https://www.seleniumhq.org/exceptions/no_such_element.html
Build info: version: '3.141.59', revision: 'e82be7d358', time: '2018-11-14T08:17:03'
System info: host: 'WJLP-1098', ip: '192.168.65.1', os.name: 'Windows 10', os.arch: 'amd64', os.version: '10.0', java.version: '11.0.7'
Driver info: org.openqa.selenium.chrome.ChromeDriver
Capabilities {acceptInsecureCerts: false, browserName: chrome, browserVersion: 83.0.4103.61, chrome: {chromedriverVersion: 83.0.4103.39 (ccbf011cb2d2b..., userDataDir: C:\Users\nasreenk\AppData\L...}, goog:chromeOptions: {debuggerAddress: localhost:58561}, javascriptEnabled: true, networkConnectionEnabled: false, pageLoadStrategy: none, platform: WINDOWS, platformName: WINDOWS, proxy: Proxy(), setWindowRect: true, strictFileInteractability: false, timeouts: {implicit: 0, pageLoad: 300000, script: 30000}, unhandledPromptBehavior: dismiss and notify, webauthn:virtualAuthenticators: true}
Session ID: 7d9206651722e61c1f406e7d545824fe
*** Element info: {Using=xpath, value=//div[@class='navbar-right']}
                    jdk.internal.reflect.GeneratedConstructorAccessor15.newInstance(Unknown Source)java.base/jdk.internal.reflect.DelegatingConstructorAccessorImpl.newInstance(DelegatingConstructorAccessorImpl.java:45)java.base/java.lang.reflect.Constructor.newInstance(Constructor.java:490)org.openqa.selenium.remote.http.W3CHttpResponseCodec.createException(W3CHttpResponseCodec.java:187)org.openqa.selenium.remote.http.W3CHttpResponseCodec.decode(W3CHttpResponseCodec.java:122)org.openqa.selenium.remote.http.W3CHttpResponseCodec.decode(W3CHttpResponseCodec.java:49)org.openqa.selenium.remote.HttpCommandExecutor.execute(HttpCommandExecutor.java:158)org.openqa.selenium.remote.service.DriverCommandExecutor.execute(DriverCommandExecutor.java:83)org.openqa.selenium.remote.RemoteWebDriver.execute(RemoteWebDriver.java:552)org.openqa.selenium.remote.RemoteWebDriver.findElement(RemoteWebDriver.java:323)org.openqa.selenium.remote.RemoteWebDriver.findElementByXPath(RemoteWebDriver.java:428)org.openqa.selenium.By$ByXPath.findElement(By.java:353)org.openqa.selenium.remote.RemoteWebDriver.findElement(RemoteWebDriver.java:315)jdk.internal.reflect.GeneratedMethodAccessor2.invoke(Unknown Source)java.base/jdk.internal.reflect.DelegatingMethodAccessorImpl.invoke(DelegatingMethodAccessorImpl.java:43)java.base/java.lang.reflect.Method.invoke(Method.java:566)org.openqa.selenium.support.events.EventFiringWebDriver.lambda$new$1(EventFiringWebDriver.java:105)com.sun.proxy.$Proxy11.findElement(Unknown Source)org.openqa.selenium.support.events.EventFiringWebDriver.findElement(EventFiringWebDriver.java:194)org.openqa.selenium.support.pagefactory.DefaultElementLocator.findElement(DefaultElementLocator.java:69)org.openqa.selenium.support.pagefactory.AjaxElementLocator.access$001(AjaxElementLocator.java:39)org.openqa.selenium.support.pagefactory.AjaxElementLocator$SlowLoadingElement.isLoaded(AjaxElementLocator.java:165)org.openqa.selenium.support.ui.SlowLoadableComponent.get(SlowLoadableComponent.java:72)org.openqa.selenium.support.pagefactory.AjaxElementLocator.findElement(AjaxElementLocator.java:95)org.openqa.selenium.support.pagefactory.internal.LocatingElementHandler.invoke(LocatingElementHandler.java:38)com.sun.proxy.$Proxy19.getWrappedElement(Unknown Source)org.openqa.selenium.interactions.PointerInput$Origin.asArg(PointerInput.java:204)org.openqa.selenium.interactions.PointerInput$Move.encode(PointerInput.java:155)org.openqa.selenium.interactions.Sequence.encode(Sequence.java:75)org.openqa.selenium.interactions.Sequence.toJson(Sequence.java:84)java.base/jdk.internal.reflect.NativeMethodAccessorImpl.invoke0(Native Method)java.base/jdk.internal.reflect.NativeMethodAccessorImpl.invoke(NativeMethodAccessorImpl.java:62)java.base/jdk.internal.reflect.DelegatingMethodAccessorImpl.invoke(DelegatingMethodAccessorImpl.java:43)java.base/java.lang.reflect.Method.invoke(Method.java:566)org.openqa.selenium.json.JsonOutput.convertUsingMethod(JsonOutput.java:328)org.openqa.selenium.json.JsonOutput.lambda$new$16(JsonOutput.java:155)org.openqa.selenium.json.JsonOutput.write(JsonOutput.java:264)org.openqa.selenium.json.JsonOutput.lambda$null$21(JsonOutput.java:168)java.base/java.util.LinkedHashMap$LinkedValues.forEach(LinkedHashMap.java:608)org.openqa.selenium.json.JsonOutput.lambda$new$22(JsonOutput.java:168)org.openqa.selenium.json.JsonOutput.write(JsonOutput.java:264)org.openqa.selenium.json.JsonOutput.lambda$null$23(JsonOutput.java:177)com.google.common.collect.SingletonImmutableBiMap.forEach(SingletonImmutableBiMap.java:65)org.openqa.selenium.json.JsonOutput.lambda$new$24(JsonOutput.java:176)org.openqa.selenium.json.JsonOutput.write(JsonOutput.java:264)org.openqa.selenium.json.JsonOutput.write(JsonOutput.java:255)org.openqa.selenium.json.Json.toJson(Json.java:42)org.openqa.selenium.remote.http.AbstractHttpCommandCodec.encode(AbstractHttpCommandCodec.java:227)org.openqa.selenium.remote.http.AbstractHttpCommandCodec.encode(AbstractHttpCommandCodec.java:117)org.openqa.selenium.remote.HttpCommandExecutor.execute(HttpCommandExecutor.java:152)org.openqa.selenium.remote.service.DriverCommandExecutor.execute(DriverCommandExecutor.java:83)org.openqa.selenium.remote.RemoteWebDriver.execute(RemoteWebDriver.java:552)org.openqa.selenium.remote.RemoteWebDriver.perform(RemoteWebDriver.java:618)java.base/jdk.internal.reflect.NativeMethodAccessorImpl.invoke0(Native Method)java.base/jdk.internal.reflect.NativeMethodAccessorImpl.invoke(NativeMethodAccessorImpl.java:62)java.base/jdk.internal.reflect.DelegatingMethodAccessorImpl.invoke(DelegatingMethodAccessorImpl.java:43)java.base/java.lang.reflect.Method.invoke(Method.java:566)org.openqa.selenium.support.events.EventFiringWebDriver.lambda$new$1(EventFiringWebDriver.java:105)com.sun.proxy.$Proxy11.perform(Unknown Source)org.openqa.selenium.support.events.EventFiringWebDriver.perform(EventFiringWebDriver.java:360)org.openqa.selenium.interactions.Actions$BuiltAction.perform(Actions.java:639)pages.PageDashBoard.clickOnNavBar(PageDashBoard.java:28)pages.TestPageConsignmentNegative.doStarted(TestPageConsignmentNegative.java:21)java.base/jdk.internal.reflect.NativeMethodAccessorImpl.invoke0(Native Method)java.base/jdk.internal.reflect.NativeMethodAccessorImpl.invoke(NativeMethodAccessorImpl.java:62)java.base/jdk.internal.reflect.DelegatingMethodAccessorImpl.invoke(DelegatingMethodAccessorImpl.java:43)java.base/java.lang.reflect.Method.invoke(Method.java:566)org.testng.internal.MethodInvocationHelper.invokeMethod(MethodInvocationHelper.java:134)org.testng.internal.TestInvoker.invokeMethod(TestInvoker.java:597)org.testng.internal.TestInvoker.invokeTestMethod(TestInvoker.java:173)org.testng.internal.MethodRunner.runInSequence(MethodRunner.java:46)org.testng.internal.TestInvoker$MethodInvocationAgent.invoke(TestInvoker.java:816)org.testng.internal.TestInvoker.invokeTestMethods(TestInvoker.java:146)org.testng.internal.TestMethodWorker.invokeTestMethods(TestMethodWorker.java:146)org.testng.internal.TestMethodWorker.run(TestMethodWorker.java:128)java.base/java.util.ArrayList.forEach(ArrayList.java:1540)org.testng.TestRunner.privateRun(TestRunner.java:766)org.testng.TestRunner.run(TestRunner.java:587)org.testng.SuiteRunner.runTest(SuiteRunner.java:384)org.testng.SuiteRunner.runSequentially(SuiteRunner.java:378)org.testng.SuiteRunner.privateRun(SuiteRunner.java:337)org.testng.SuiteRunner.run(SuiteRunner.java:286)org.testng.SuiteRunnerWorker.runSuite(SuiteRunnerWorker.java:53)org.testng.SuiteRunnerWorker.run(SuiteRunnerWorker.java:96)org.testng.TestNG.runSuitesSequentially(TestNG.java:1187)org.testng.TestNG.runSuitesLocally(TestNG.java:1109)org.testng.TestNG.runSuites(TestNG.java:1039)org.testng.TestNG.run(TestNG.java:1007)com.intellij.rt.testng.IDEARemoteTestNG.run(IDEARemoteTestNG.java:66)com.intellij.rt.testng.RemoteTestNGStarter.main(RemoteTestNGStarter.java:110)
                ]]>
            </failure>
    </testcase>


</testsuite>
