<?xml version="1.0" encoding="UTF-8"?>
<testsuite name="Check login and logout successfully"
           tests="23"
           failures="2"
           errors="0"
           skipped="0"
           time="341.991">
    <properties></properties>

            <testcase
                name="clickOnbuttonAddAnotherInstruction"
                time="1.179"
                classname="pages.TestPageConsinment">

            <failure type="org.openqa.selenium.ElementClickInterceptedException" message="element click intercepted: Element &lt;button type=&quot;button&quot; class=&quot;v-btn v-btn--outline v-btn--depressed theme--light primary--text&quot; id=&quot;AddAnotherInstruction&quot; currentstepper=&quot;stepRequirements&quot; parentgroup=&quot;consign&quot; active-class=&quot;v-btn--active&quot;&gt;...&lt;/button&gt; is not clickable at point (1174, 240). Other element would receive the click: &lt;div class=&quot;v-list__tile__content&quot;&gt;...&lt;/div&gt;
  (Session info: chrome=83.0.4103.106)
Build info: version: &apos;3.141.59&apos;, revision: &apos;e82be7d358&apos;, time: &apos;2018-11-14T08:17:03&apos;
System info: host: &apos;WJLP-1098&apos;, ip: &apos;192.168.65.1&apos;, os.name: &apos;Windows 10&apos;, os.arch: &apos;amd64&apos;, os.version: &apos;10.0&apos;, java.version: &apos;11.0.7&apos;
Driver info: org.openqa.selenium.chrome.ChromeDriver
Capabilities {acceptInsecureCerts: false, browserName: chrome, browserVersion: 83.0.4103.106, chrome: {chromedriverVersion: 83.0.4103.39 (ccbf011cb2d2b..., userDataDir: C:\Users\nasreenk\AppData\L...}, goog:chromeOptions: {debuggerAddress: localhost:57270}, javascriptEnabled: true, networkConnectionEnabled: false, pageLoadStrategy: none, platform: WINDOWS, platformName: WINDOWS, proxy: Proxy(), setWindowRect: true, strictFileInteractability: false, timeouts: {implicit: 0, pageLoad: 300000, script: 30000}, unhandledPromptBehavior: dismiss and notify, webauthn:virtualAuthenticators: true}
Session ID: 4ef2ffc1242c1919677b1eee654ab6c4">
                <![CDATA[org.openqa.selenium.ElementClickInterceptedException: element click intercepted: Element <button type="button" class="v-btn v-btn--outline v-btn--depressed theme--light primary--text" id="AddAnotherInstruction" currentstepper="stepRequirements" parentgroup="consign" active-class="v-btn--active">...</button> is not clickable at point (1174, 240). Other element would receive the click: <div class="v-list__tile__content">...</div>
  (Session info: chrome=83.0.4103.106)
Build info: version: '3.141.59', revision: 'e82be7d358', time: '2018-11-14T08:17:03'
System info: host: 'WJLP-1098', ip: '192.168.65.1', os.name: 'Windows 10', os.arch: 'amd64', os.version: '10.0', java.version: '11.0.7'
Driver info: org.openqa.selenium.chrome.ChromeDriver
Capabilities {acceptInsecureCerts: false, browserName: chrome, browserVersion: 83.0.4103.106, chrome: {chromedriverVersion: 83.0.4103.39 (ccbf011cb2d2b..., userDataDir: C:\Users\nasreenk\AppData\L...}, goog:chromeOptions: {debuggerAddress: localhost:57270}, javascriptEnabled: true, networkConnectionEnabled: false, pageLoadStrategy: none, platform: WINDOWS, platformName: WINDOWS, proxy: Proxy(), setWindowRect: true, strictFileInteractability: false, timeouts: {implicit: 0, pageLoad: 300000, script: 30000}, unhandledPromptBehavior: dismiss and notify, webauthn:virtualAuthenticators: true}
Session ID: 4ef2ffc1242c1919677b1eee654ab6c4
                java.base/jdk.internal.reflect.NativeConstructorAccessorImpl.newInstance0(Native Method)java.base/jdk.internal.reflect.NativeConstructorAccessorImpl.newInstance(NativeConstructorAccessorImpl.java:62)java.base/jdk.internal.reflect.DelegatingConstructorAccessorImpl.newInstance(DelegatingConstructorAccessorImpl.java:45)java.base/java.lang.reflect.Constructor.newInstance(Constructor.java:490)org.openqa.selenium.remote.http.W3CHttpResponseCodec.createException(W3CHttpResponseCodec.java:187)org.openqa.selenium.remote.http.W3CHttpResponseCodec.decode(W3CHttpResponseCodec.java:122)org.openqa.selenium.remote.http.W3CHttpResponseCodec.decode(W3CHttpResponseCodec.java:49)org.openqa.selenium.remote.HttpCommandExecutor.execute(HttpCommandExecutor.java:158)org.openqa.selenium.remote.service.DriverCommandExecutor.execute(DriverCommandExecutor.java:83)org.openqa.selenium.remote.RemoteWebDriver.execute(RemoteWebDriver.java:552)org.openqa.selenium.remote.RemoteWebElement.execute(RemoteWebElement.java:285)org.openqa.selenium.remote.RemoteWebElement.click(RemoteWebElement.java:84)jdk.internal.reflect.GeneratedMethodAccessor9.invoke(Unknown Source)java.base/jdk.internal.reflect.DelegatingMethodAccessorImpl.invoke(DelegatingMethodAccessorImpl.java:43)java.base/java.lang.reflect.Method.invoke(Method.java:566)org.openqa.selenium.support.events.EventFiringWebDriver$EventFiringWebElement.lambda$new$0(EventFiringWebDriver.java:404)com.sun.proxy.$Proxy22.click(Unknown Source)org.openqa.selenium.support.events.EventFiringWebDriver$EventFiringWebElement.click(EventFiringWebDriver.java:417)jdk.internal.reflect.GeneratedMethodAccessor9.invoke(Unknown Source)java.base/jdk.internal.reflect.DelegatingMethodAccessorImpl.invoke(DelegatingMethodAccessorImpl.java:43)java.base/java.lang.reflect.Method.invoke(Method.java:566)org.openqa.selenium.support.pagefactory.internal.LocatingElementHandler.invoke(LocatingElementHandler.java:51)com.sun.proxy.$Proxy21.click(Unknown Source)pages.PageConsinment.clickOnAddAnotherInstruction(PageConsinment.java:400)pages.TestPageConsinment.clickOnbuttonAddAnotherInstruction(TestPageConsinment.java:178)java.base/jdk.internal.reflect.NativeMethodAccessorImpl.invoke0(Native Method)java.base/jdk.internal.reflect.NativeMethodAccessorImpl.invoke(NativeMethodAccessorImpl.java:62)java.base/jdk.internal.reflect.DelegatingMethodAccessorImpl.invoke(DelegatingMethodAccessorImpl.java:43)java.base/java.lang.reflect.Method.invoke(Method.java:566)org.testng.internal.MethodInvocationHelper.invokeMethod(MethodInvocationHelper.java:134)org.testng.internal.TestInvoker.invokeMethod(TestInvoker.java:597)org.testng.internal.TestInvoker.invokeTestMethod(TestInvoker.java:173)org.testng.internal.MethodRunner.runInSequence(MethodRunner.java:46)org.testng.internal.TestInvoker$MethodInvocationAgent.invoke(TestInvoker.java:816)org.testng.internal.TestInvoker.invokeTestMethods(TestInvoker.java:146)org.testng.internal.TestMethodWorker.invokeTestMethods(TestMethodWorker.java:146)org.testng.internal.TestMethodWorker.run(TestMethodWorker.java:128)java.base/java.util.ArrayList.forEach(ArrayList.java:1540)org.testng.TestRunner.privateRun(TestRunner.java:766)org.testng.TestRunner.run(TestRunner.java:587)org.testng.SuiteRunner.runTest(SuiteRunner.java:384)org.testng.SuiteRunner.runSequentially(SuiteRunner.java:378)org.testng.SuiteRunner.privateRun(SuiteRunner.java:337)org.testng.SuiteRunner.run(SuiteRunner.java:286)org.testng.SuiteRunnerWorker.runSuite(SuiteRunnerWorker.java:53)org.testng.SuiteRunnerWorker.run(SuiteRunnerWorker.java:96)org.testng.TestNG.runSuitesSequentially(TestNG.java:1187)org.testng.TestNG.runSuitesSequentially(TestNG.java:1182)org.testng.TestNG.runSuitesLocally(TestNG.java:1109)org.testng.TestNG.runSuites(TestNG.java:1039)org.testng.TestNG.run(TestNG.java:1007)com.intellij.rt.testng.IDEARemoteTestNG.run(IDEARemoteTestNG.java:66)com.intellij.rt.testng.RemoteTestNGStarter.main(RemoteTestNGStarter.java:110)
]]>
            </failure>
    </testcase>
            <testcase
                name="doStartedagain"
                time="42.360"
                classname="pages.TestPageConsinment">

            <failure type="org.openqa.selenium.json.JsonException" message="java.lang.reflect.InvocationTargetException
Build info: version: &apos;3.141.59&apos;, revision: &apos;e82be7d358&apos;, time: &apos;2018-11-14T08:17:03&apos;
System info: host: &apos;WJLP-1098&apos;, ip: &apos;192.168.65.1&apos;, os.name: &apos;Windows 10&apos;, os.arch: &apos;amd64&apos;, os.version: &apos;10.0&apos;, java.version: &apos;11.0.7&apos;
Driver info: driver.version: EventFiringWebDriver">
                <![CDATA[org.openqa.selenium.json.JsonException: java.lang.reflect.InvocationTargetException
Build info: version: '3.141.59', revision: 'e82be7d358', time: '2018-11-14T08:17:03'
System info: host: 'WJLP-1098', ip: '192.168.65.1', os.name: 'Windows 10', os.arch: 'amd64', os.version: '10.0', java.version: '11.0.7'
Driver info: driver.version: EventFiringWebDriver
                org.openqa.selenium.json.JsonOutput.convertUsingMethod(JsonOutput.java:332)org.openqa.selenium.json.JsonOutput.lambda$new$16(JsonOutput.java:155)org.openqa.selenium.json.JsonOutput.write(JsonOutput.java:264)org.openqa.selenium.json.JsonOutput.lambda$null$21(JsonOutput.java:168)java.base/java.util.LinkedHashMap$LinkedValues.forEach(LinkedHashMap.java:608)org.openqa.selenium.json.JsonOutput.lambda$new$22(JsonOutput.java:168)org.openqa.selenium.json.JsonOutput.write(JsonOutput.java:264)org.openqa.selenium.json.JsonOutput.lambda$null$23(JsonOutput.java:177)com.google.common.collect.SingletonImmutableBiMap.forEach(SingletonImmutableBiMap.java:65)org.openqa.selenium.json.JsonOutput.lambda$new$24(JsonOutput.java:176)org.openqa.selenium.json.JsonOutput.write(JsonOutput.java:264)org.openqa.selenium.json.JsonOutput.write(JsonOutput.java:255)org.openqa.selenium.json.Json.toJson(Json.java:42)org.openqa.selenium.remote.http.AbstractHttpCommandCodec.encode(AbstractHttpCommandCodec.java:227)org.openqa.selenium.remote.http.AbstractHttpCommandCodec.encode(AbstractHttpCommandCodec.java:117)org.openqa.selenium.remote.HttpCommandExecutor.execute(HttpCommandExecutor.java:152)org.openqa.selenium.remote.service.DriverCommandExecutor.execute(DriverCommandExecutor.java:83)org.openqa.selenium.remote.RemoteWebDriver.execute(RemoteWebDriver.java:552)org.openqa.selenium.remote.RemoteWebDriver.perform(RemoteWebDriver.java:618)java.base/jdk.internal.reflect.NativeMethodAccessorImpl.invoke0(Native Method)java.base/jdk.internal.reflect.NativeMethodAccessorImpl.invoke(NativeMethodAccessorImpl.java:62)java.base/jdk.internal.reflect.DelegatingMethodAccessorImpl.invoke(DelegatingMethodAccessorImpl.java:43)java.base/java.lang.reflect.Method.invoke(Method.java:566)org.openqa.selenium.support.events.EventFiringWebDriver.lambda$new$1(EventFiringWebDriver.java:105)com.sun.proxy.$Proxy14.perform(Unknown Source)org.openqa.selenium.support.events.EventFiringWebDriver.perform(EventFiringWebDriver.java:360)org.openqa.selenium.interactions.Actions$BuiltAction.perform(Actions.java:639)pages.PageDashBoard.clickOnNavBar(PageDashBoard.java:28)pages.TestPageConsinment.doStartedagain(TestPageConsinment.java:240)java.base/jdk.internal.reflect.NativeMethodAccessorImpl.invoke0(Native Method)java.base/jdk.internal.reflect.NativeMethodAccessorImpl.invoke(NativeMethodAccessorImpl.java:62)java.base/jdk.internal.reflect.DelegatingMethodAccessorImpl.invoke(DelegatingMethodAccessorImpl.java:43)java.base/java.lang.reflect.Method.invoke(Method.java:566)org.testng.internal.MethodInvocationHelper.invokeMethod(MethodInvocationHelper.java:134)org.testng.internal.TestInvoker.invokeMethod(TestInvoker.java:597)org.testng.internal.TestInvoker.invokeTestMethod(TestInvoker.java:173)org.testng.internal.MethodRunner.runInSequence(MethodRunner.java:46)org.testng.internal.TestInvoker$MethodInvocationAgent.invoke(TestInvoker.java:816)org.testng.internal.TestInvoker.invokeTestMethods(TestInvoker.java:146)org.testng.internal.TestMethodWorker.invokeTestMethods(TestMethodWorker.java:146)org.testng.internal.TestMethodWorker.run(TestMethodWorker.java:128)java.base/java.util.ArrayList.forEach(ArrayList.java:1540)org.testng.TestRunner.privateRun(TestRunner.java:766)org.testng.TestRunner.run(TestRunner.java:587)org.testng.SuiteRunner.runTest(SuiteRunner.java:384)org.testng.SuiteRunner.runSequentially(SuiteRunner.java:378)org.testng.SuiteRunner.privateRun(SuiteRunner.java:337)org.testng.SuiteRunner.run(SuiteRunner.java:286)org.testng.SuiteRunnerWorker.runSuite(SuiteRunnerWorker.java:53)org.testng.SuiteRunnerWorker.run(SuiteRunnerWorker.java:96)org.testng.TestNG.runSuitesSequentially(TestNG.java:1187)org.testng.TestNG.runSuitesSequentially(TestNG.java:1182)org.testng.TestNG.runSuitesLocally(TestNG.java:1109)org.testng.TestNG.runSuites(TestNG.java:1039)org.testng.TestNG.run(TestNG.java:1007)com.intellij.rt.testng.IDEARemoteTestNG.run(IDEARemoteTestNG.java:66)com.intellij.rt.testng.RemoteTestNGStarter.main(RemoteTestNGStarter.java:110)
                    Caused by: java.lang.reflect.InvocationTargetException
                    java.base/jdk.internal.reflect.NativeMethodAccessorImpl.invoke0(Native Method)java.base/jdk.internal.reflect.NativeMethodAccessorImpl.invoke(NativeMethodAccessorImpl.java:62)java.base/jdk.internal.reflect.DelegatingMethodAccessorImpl.invoke(DelegatingMethodAccessorImpl.java:43)java.base/java.lang.reflect.Method.invoke(Method.java:566)org.openqa.selenium.json.JsonOutput.convertUsingMethod(JsonOutput.java:328)org.openqa.selenium.json.JsonOutput.lambda$new$16(JsonOutput.java:155)org.openqa.selenium.json.JsonOutput.write(JsonOutput.java:264)org.openqa.selenium.json.JsonOutput.lambda$null$21(JsonOutput.java:168)java.base/java.util.LinkedHashMap$LinkedValues.forEach(LinkedHashMap.java:608)org.openqa.selenium.json.JsonOutput.lambda$new$22(JsonOutput.java:168)org.openqa.selenium.json.JsonOutput.write(JsonOutput.java:264)org.openqa.selenium.json.JsonOutput.lambda$null$23(JsonOutput.java:177)com.google.common.collect.SingletonImmutableBiMap.forEach(SingletonImmutableBiMap.java:65)org.openqa.selenium.json.JsonOutput.lambda$new$24(JsonOutput.java:176)org.openqa.selenium.json.JsonOutput.write(JsonOutput.java:264)org.openqa.selenium.json.JsonOutput.write(JsonOutput.java:255)org.openqa.selenium.json.Json.toJson(Json.java:42)org.openqa.selenium.remote.http.AbstractHttpCommandCodec.encode(AbstractHttpCommandCodec.java:227)org.openqa.selenium.remote.http.AbstractHttpCommandCodec.encode(AbstractHttpCommandCodec.java:117)org.openqa.selenium.remote.HttpCommandExecutor.execute(HttpCommandExecutor.java:152)org.openqa.selenium.remote.service.DriverCommandExecutor.execute(DriverCommandExecutor.java:83)org.openqa.selenium.remote.RemoteWebDriver.execute(RemoteWebDriver.java:552)org.openqa.selenium.remote.RemoteWebDriver.perform(RemoteWebDriver.java:618)java.base/jdk.internal.reflect.NativeMethodAccessorImpl.invoke0(Native Method)java.base/jdk.internal.reflect.NativeMethodAccessorImpl.invoke(NativeMethodAccessorImpl.java:62)java.base/jdk.internal.reflect.DelegatingMethodAccessorImpl.invoke(DelegatingMethodAccessorImpl.java:43)java.base/java.lang.reflect.Method.invoke(Method.java:566)org.openqa.selenium.support.events.EventFiringWebDriver.lambda$new$1(EventFiringWebDriver.java:105)com.sun.proxy.$Proxy14.perform(Unknown Source)org.openqa.selenium.support.events.EventFiringWebDriver.perform(EventFiringWebDriver.java:360)org.openqa.selenium.interactions.Actions$BuiltAction.perform(Actions.java:639)pages.PageDashBoard.clickOnNavBar(PageDashBoard.java:28)pages.TestPageConsinment.doStartedagain(TestPageConsinment.java:240)java.base/jdk.internal.reflect.NativeMethodAccessorImpl.invoke0(Native Method)java.base/jdk.internal.reflect.NativeMethodAccessorImpl.invoke(NativeMethodAccessorImpl.java:62)java.base/jdk.internal.reflect.DelegatingMethodAccessorImpl.invoke(DelegatingMethodAccessorImpl.java:43)java.base/java.lang.reflect.Method.invoke(Method.java:566)org.testng.internal.MethodInvocationHelper.invokeMethod(MethodInvocationHelper.java:134)org.testng.internal.TestInvoker.invokeMethod(TestInvoker.java:597)org.testng.internal.TestInvoker.invokeTestMethod(TestInvoker.java:173)org.testng.internal.MethodRunner.runInSequence(MethodRunner.java:46)org.testng.internal.TestInvoker$MethodInvocationAgent.invoke(TestInvoker.java:816)org.testng.internal.TestInvoker.invokeTestMethods(TestInvoker.java:146)org.testng.internal.TestMethodWorker.invokeTestMethods(TestMethodWorker.java:146)org.testng.internal.TestMethodWorker.run(TestMethodWorker.java:128)java.base/java.util.ArrayList.forEach(ArrayList.java:1540)org.testng.TestRunner.privateRun(TestRunner.java:766)org.testng.TestRunner.run(TestRunner.java:587)org.testng.SuiteRunner.runTest(SuiteRunner.java:384)org.testng.SuiteRunner.runSequentially(SuiteRunner.java:378)org.testng.SuiteRunner.privateRun(SuiteRunner.java:337)org.testng.SuiteRunner.run(SuiteRunner.java:286)org.testng.SuiteRunnerWorker.runSuite(SuiteRunnerWorker.java:53)org.testng.SuiteRunnerWorker.run(SuiteRunnerWorker.java:96)org.testng.TestNG.runSuitesSequentially(TestNG.java:1187)org.testng.TestNG.runSuitesSequentially(TestNG.java:1182)org.testng.TestNG.runSuitesLocally(TestNG.java:1109)org.testng.TestNG.runSuites(TestNG.java:1039)org.testng.TestNG.run(TestNG.java:1007)com.intellij.rt.testng.IDEARemoteTestNG.run(IDEARemoteTestNG.java:66)com.intellij.rt.testng.RemoteTestNGStarter.main(RemoteTestNGStarter.java:110)
                                    Caused by: org.openqa.selenium.NoSuchElementException: Timed out after 40 seconds. Unable to locate the element
                    org.openqa.selenium.support.pagefactory.AjaxElementLocator.findElement(AjaxElementLocator.java:99)org.openqa.selenium.support.pagefactory.internal.LocatingElementHandler.invoke(LocatingElementHandler.java:38)com.sun.proxy.$Proxy21.getWrappedElement(Unknown Source)org.openqa.selenium.interactions.PointerInput$Origin.asArg(PointerInput.java:204)org.openqa.selenium.interactions.PointerInput$Move.encode(PointerInput.java:155)org.openqa.selenium.interactions.Sequence.encode(Sequence.java:75)org.openqa.selenium.interactions.Sequence.toJson(Sequence.java:84)java.base/jdk.internal.reflect.NativeMethodAccessorImpl.invoke0(Native Method)java.base/jdk.internal.reflect.NativeMethodAccessorImpl.invoke(NativeMethodAccessorImpl.java:62)java.base/jdk.internal.reflect.DelegatingMethodAccessorImpl.invoke(DelegatingMethodAccessorImpl.java:43)java.base/java.lang.reflect.Method.invoke(Method.java:566)org.openqa.selenium.json.JsonOutput.convertUsingMethod(JsonOutput.java:328)org.openqa.selenium.json.JsonOutput.lambda$new$16(JsonOutput.java:155)org.openqa.selenium.json.JsonOutput.write(JsonOutput.java:264)org.openqa.selenium.json.JsonOutput.lambda$null$21(JsonOutput.java:168)java.base/java.util.LinkedHashMap$LinkedValues.forEach(LinkedHashMap.java:608)org.openqa.selenium.json.JsonOutput.lambda$new$22(JsonOutput.java:168)org.openqa.selenium.json.JsonOutput.write(JsonOutput.java:264)org.openqa.selenium.json.JsonOutput.lambda$null$23(JsonOutput.java:177)com.google.common.collect.SingletonImmutableBiMap.forEach(SingletonImmutableBiMap.java:65)org.openqa.selenium.json.JsonOutput.lambda$new$24(JsonOutput.java:176)org.openqa.selenium.json.JsonOutput.write(JsonOutput.java:264)org.openqa.selenium.json.JsonOutput.write(JsonOutput.java:255)org.openqa.selenium.json.Json.toJson(Json.java:42)org.openqa.selenium.remote.http.AbstractHttpCommandCodec.encode(AbstractHttpCommandCodec.java:227)org.openqa.selenium.remote.http.AbstractHttpCommandCodec.encode(AbstractHttpCommandCodec.java:117)org.openqa.selenium.remote.HttpCommandExecutor.execute(HttpCommandExecutor.java:152)org.openqa.selenium.remote.service.DriverCommandExecutor.execute(DriverCommandExecutor.java:83)org.openqa.selenium.remote.RemoteWebDriver.execute(RemoteWebDriver.java:552)org.openqa.selenium.remote.RemoteWebDriver.perform(RemoteWebDriver.java:618)java.base/jdk.internal.reflect.NativeMethodAccessorImpl.invoke0(Native Method)java.base/jdk.internal.reflect.NativeMethodAccessorImpl.invoke(NativeMethodAccessorImpl.java:62)java.base/jdk.internal.reflect.DelegatingMethodAccessorImpl.invoke(DelegatingMethodAccessorImpl.java:43)java.base/java.lang.reflect.Method.invoke(Method.java:566)org.openqa.selenium.support.events.EventFiringWebDriver.lambda$new$1(EventFiringWebDriver.java:105)com.sun.proxy.$Proxy14.perform(Unknown Source)org.openqa.selenium.support.events.EventFiringWebDriver.perform(EventFiringWebDriver.java:360)org.openqa.selenium.interactions.Actions$BuiltAction.perform(Actions.java:639)pages.PageDashBoard.clickOnNavBar(PageDashBoard.java:28)pages.TestPageConsinment.doStartedagain(TestPageConsinment.java:240)java.base/jdk.internal.reflect.NativeMethodAccessorImpl.invoke0(Native Method)java.base/jdk.internal.reflect.NativeMethodAccessorImpl.invoke(NativeMethodAccessorImpl.java:62)java.base/jdk.internal.reflect.DelegatingMethodAccessorImpl.invoke(DelegatingMethodAccessorImpl.java:43)java.base/java.lang.reflect.Method.invoke(Method.java:566)org.testng.internal.MethodInvocationHelper.invokeMethod(MethodInvocationHelper.java:134)org.testng.internal.TestInvoker.invokeMethod(TestInvoker.java:597)org.testng.internal.TestInvoker.invokeTestMethod(TestInvoker.java:173)org.testng.internal.MethodRunner.runInSequence(MethodRunner.java:46)org.testng.internal.TestInvoker$MethodInvocationAgent.invoke(TestInvoker.java:816)org.testng.internal.TestInvoker.invokeTestMethods(TestInvoker.java:146)org.testng.internal.TestMethodWorker.invokeTestMethods(TestMethodWorker.java:146)org.testng.internal.TestMethodWorker.run(TestMethodWorker.java:128)java.base/java.util.ArrayList.forEach(ArrayList.java:1540)org.testng.TestRunner.privateRun(TestRunner.java:766)org.testng.TestRunner.run(TestRunner.java:587)org.testng.SuiteRunner.runTest(SuiteRunner.java:384)org.testng.SuiteRunner.runSequentially(SuiteRunner.java:378)org.testng.SuiteRunner.privateRun(SuiteRunner.java:337)org.testng.SuiteRunner.run(SuiteRunner.java:286)org.testng.SuiteRunnerWorker.runSuite(SuiteRunnerWorker.java:53)org.testng.SuiteRunnerWorker.run(SuiteRunnerWorker.java:96)org.testng.TestNG.runSuitesSequentially(TestNG.java:1187)org.testng.TestNG.runSuitesSequentially(TestNG.java:1182)org.testng.TestNG.runSuitesLocally(TestNG.java:1109)org.testng.TestNG.runSuites(TestNG.java:1039)org.testng.TestNG.run(TestNG.java:1007)com.intellij.rt.testng.IDEARemoteTestNG.run(IDEARemoteTestNG.java:66)com.intellij.rt.testng.RemoteTestNGStarter.main(RemoteTestNGStarter.java:110)
                                    Caused by: org.openqa.selenium.NoSuchElementException: no such element: Unable to locate element: {"method":"xpath","selector":"//div[@class='navbar-right']"}
  (Session info: chrome=83.0.4103.106)
For documentation on this error, please visit: https://www.seleniumhq.org/exceptions/no_such_element.html
Build info: version: '3.141.59', revision: 'e82be7d358', time: '2018-11-14T08:17:03'
System info: host: 'WJLP-1098', ip: '192.168.65.1', os.name: 'Windows 10', os.arch: 'amd64', os.version: '10.0', java.version: '11.0.7'
Driver info: org.openqa.selenium.chrome.ChromeDriver
Capabilities {acceptInsecureCerts: false, browserName: chrome, browserVersion: 83.0.4103.106, chrome: {chromedriverVersion: 83.0.4103.39 (ccbf011cb2d2b..., userDataDir: C:\Users\nasreenk\AppData\L...}, goog:chromeOptions: {debuggerAddress: localhost:57270}, javascriptEnabled: true, networkConnectionEnabled: false, pageLoadStrategy: none, platform: WINDOWS, platformName: WINDOWS, proxy: Proxy(), setWindowRect: true, strictFileInteractability: false, timeouts: {implicit: 0, pageLoad: 300000, script: 30000}, unhandledPromptBehavior: dismiss and notify, webauthn:virtualAuthenticators: true}
Session ID: 4ef2ffc1242c1919677b1eee654ab6c4
*** Element info: {Using=xpath, value=//div[@class='navbar-right']}
                    jdk.internal.reflect.GeneratedConstructorAccessor30.newInstance(Unknown Source)java.base/jdk.internal.reflect.DelegatingConstructorAccessorImpl.newInstance(DelegatingConstructorAccessorImpl.java:45)java.base/java.lang.reflect.Constructor.newInstance(Constructor.java:490)org.openqa.selenium.remote.http.W3CHttpResponseCodec.createException(W3CHttpResponseCodec.java:187)org.openqa.selenium.remote.http.W3CHttpResponseCodec.decode(W3CHttpResponseCodec.java:122)org.openqa.selenium.remote.http.W3CHttpResponseCodec.decode(W3CHttpResponseCodec.java:49)org.openqa.selenium.remote.HttpCommandExecutor.execute(HttpCommandExecutor.java:158)org.openqa.selenium.remote.service.DriverCommandExecutor.execute(DriverCommandExecutor.java:83)org.openqa.selenium.remote.RemoteWebDriver.execute(RemoteWebDriver.java:552)org.openqa.selenium.remote.RemoteWebDriver.findElement(RemoteWebDriver.java:323)org.openqa.selenium.remote.RemoteWebDriver.findElementByXPath(RemoteWebDriver.java:428)org.openqa.selenium.By$ByXPath.findElement(By.java:353)org.openqa.selenium.remote.RemoteWebDriver.findElement(RemoteWebDriver.java:315)jdk.internal.reflect.GeneratedMethodAccessor6.invoke(Unknown Source)java.base/jdk.internal.reflect.DelegatingMethodAccessorImpl.invoke(DelegatingMethodAccessorImpl.java:43)java.base/java.lang.reflect.Method.invoke(Method.java:566)org.openqa.selenium.support.events.EventFiringWebDriver.lambda$new$1(EventFiringWebDriver.java:105)com.sun.proxy.$Proxy14.findElement(Unknown Source)org.openqa.selenium.support.events.EventFiringWebDriver.findElement(EventFiringWebDriver.java:194)org.openqa.selenium.support.pagefactory.DefaultElementLocator.findElement(DefaultElementLocator.java:69)org.openqa.selenium.support.pagefactory.AjaxElementLocator.access$001(AjaxElementLocator.java:39)org.openqa.selenium.support.pagefactory.AjaxElementLocator$SlowLoadingElement.isLoaded(AjaxElementLocator.java:165)org.openqa.selenium.support.ui.SlowLoadableComponent.get(SlowLoadableComponent.java:72)org.openqa.selenium.support.pagefactory.AjaxElementLocator.findElement(AjaxElementLocator.java:95)org.openqa.selenium.support.pagefactory.internal.LocatingElementHandler.invoke(LocatingElementHandler.java:38)com.sun.proxy.$Proxy21.getWrappedElement(Unknown Source)org.openqa.selenium.interactions.PointerInput$Origin.asArg(PointerInput.java:204)org.openqa.selenium.interactions.PointerInput$Move.encode(PointerInput.java:155)org.openqa.selenium.interactions.Sequence.encode(Sequence.java:75)org.openqa.selenium.interactions.Sequence.toJson(Sequence.java:84)java.base/jdk.internal.reflect.NativeMethodAccessorImpl.invoke0(Native Method)java.base/jdk.internal.reflect.NativeMethodAccessorImpl.invoke(NativeMethodAccessorImpl.java:62)java.base/jdk.internal.reflect.DelegatingMethodAccessorImpl.invoke(DelegatingMethodAccessorImpl.java:43)java.base/java.lang.reflect.Method.invoke(Method.java:566)org.openqa.selenium.json.JsonOutput.convertUsingMethod(JsonOutput.java:328)org.openqa.selenium.json.JsonOutput.lambda$new$16(JsonOutput.java:155)org.openqa.selenium.json.JsonOutput.write(JsonOutput.java:264)org.openqa.selenium.json.JsonOutput.lambda$null$21(JsonOutput.java:168)java.base/java.util.LinkedHashMap$LinkedValues.forEach(LinkedHashMap.java:608)org.openqa.selenium.json.JsonOutput.lambda$new$22(JsonOutput.java:168)org.openqa.selenium.json.JsonOutput.write(JsonOutput.java:264)org.openqa.selenium.json.JsonOutput.lambda$null$23(JsonOutput.java:177)com.google.common.collect.SingletonImmutableBiMap.forEach(SingletonImmutableBiMap.java:65)org.openqa.selenium.json.JsonOutput.lambda$new$24(JsonOutput.java:176)org.openqa.selenium.json.JsonOutput.write(JsonOutput.java:264)org.openqa.selenium.json.JsonOutput.write(JsonOutput.java:255)org.openqa.selenium.json.Json.toJson(Json.java:42)org.openqa.selenium.remote.http.AbstractHttpCommandCodec.encode(AbstractHttpCommandCodec.java:227)org.openqa.selenium.remote.http.AbstractHttpCommandCodec.encode(AbstractHttpCommandCodec.java:117)org.openqa.selenium.remote.HttpCommandExecutor.execute(HttpCommandExecutor.java:152)org.openqa.selenium.remote.service.DriverCommandExecutor.execute(DriverCommandExecutor.java:83)org.openqa.selenium.remote.RemoteWebDriver.execute(RemoteWebDriver.java:552)org.openqa.selenium.remote.RemoteWebDriver.perform(RemoteWebDriver.java:618)java.base/jdk.internal.reflect.NativeMethodAccessorImpl.invoke0(Native Method)java.base/jdk.internal.reflect.NativeMethodAccessorImpl.invoke(NativeMethodAccessorImpl.java:62)java.base/jdk.internal.reflect.DelegatingMethodAccessorImpl.invoke(DelegatingMethodAccessorImpl.java:43)java.base/java.lang.reflect.Method.invoke(Method.java:566)org.openqa.selenium.support.events.EventFiringWebDriver.lambda$new$1(EventFiringWebDriver.java:105)com.sun.proxy.$Proxy14.perform(Unknown Source)org.openqa.selenium.support.events.EventFiringWebDriver.perform(EventFiringWebDriver.java:360)org.openqa.selenium.interactions.Actions$BuiltAction.perform(Actions.java:639)pages.PageDashBoard.clickOnNavBar(PageDashBoard.java:28)pages.TestPageConsinment.doStartedagain(TestPageConsinment.java:240)java.base/jdk.internal.reflect.NativeMethodAccessorImpl.invoke0(Native Method)java.base/jdk.internal.reflect.NativeMethodAccessorImpl.invoke(NativeMethodAccessorImpl.java:62)java.base/jdk.internal.reflect.DelegatingMethodAccessorImpl.invoke(DelegatingMethodAccessorImpl.java:43)java.base/java.lang.reflect.Method.invoke(Method.java:566)org.testng.internal.MethodInvocationHelper.invokeMethod(MethodInvocationHelper.java:134)org.testng.internal.TestInvoker.invokeMethod(TestInvoker.java:597)org.testng.internal.TestInvoker.invokeTestMethod(TestInvoker.java:173)org.testng.internal.MethodRunner.runInSequence(MethodRunner.java:46)org.testng.internal.TestInvoker$MethodInvocationAgent.invoke(TestInvoker.java:816)org.testng.internal.TestInvoker.invokeTestMethods(TestInvoker.java:146)org.testng.internal.TestMethodWorker.invokeTestMethods(TestMethodWorker.java:146)org.testng.internal.TestMethodWorker.run(TestMethodWorker.java:128)java.base/java.util.ArrayList.forEach(ArrayList.java:1540)org.testng.TestRunner.privateRun(TestRunner.java:766)org.testng.TestRunner.run(TestRunner.java:587)org.testng.SuiteRunner.runTest(SuiteRunner.java:384)org.testng.SuiteRunner.runSequentially(SuiteRunner.java:378)org.testng.SuiteRunner.privateRun(SuiteRunner.java:337)org.testng.SuiteRunner.run(SuiteRunner.java:286)org.testng.SuiteRunnerWorker.runSuite(SuiteRunnerWorker.java:53)org.testng.SuiteRunnerWorker.run(SuiteRunnerWorker.java:96)org.testng.TestNG.runSuitesSequentially(TestNG.java:1187)org.testng.TestNG.runSuitesSequentially(TestNG.java:1182)org.testng.TestNG.runSuitesLocally(TestNG.java:1109)org.testng.TestNG.runSuites(TestNG.java:1039)org.testng.TestNG.run(TestNG.java:1007)com.intellij.rt.testng.IDEARemoteTestNG.run(IDEARemoteTestNG.java:66)com.intellij.rt.testng.RemoteTestNGStarter.main(RemoteTestNGStarter.java:110)
                ]]>
            </failure>
    </testcase>


            <testcase
                name="clickOnResetButton"
                time="5.455"
                classname="pages.TestPageConsinment">
            </testcase>
            <testcase
                name="entertxtNumberOfParcel"
                time="8.659"
                classname="pages.TestPageConsinment">
            </testcase>
            <testcase
                name="clickOnDeleteicon"
                time="5.513"
                classname="pages.TestPageConsinment">
            </testcase>
            <testcase
                name="selectCommudityJwellery"
                time="6.651"
                classname="pages.TestPageConsinment">
            </testcase>
            <testcase
                name="clickonCancelbuttonNewCustomer"
                time="5.250"
                classname="pages.TestPageConsinment">
            </testcase>
            <testcase
                name="thirdStepReciever"
                time="38.716"
                classname="pages.TestPageConsinment">
            </testcase>
            <testcase
                name="clickOnbuttonEditContact"
                time="8.266"
                classname="pages.TestPageConsinment">
            </testcase>
            <testcase
                name="clickonstepParcel"
                time="6.311"
                classname="pages.TestPageConsinment">
            </testcase>
            <testcase
                name="clickOnSecondStepper"
                time="5.339"
                classname="pages.TestPageConsinment">
            </testcase>
            <testcase
                name="clickOnStepServices"
                time="7.589"
                classname="pages.TestPageConsinment">
            </testcase>
            <testcase
                name="clickOnbuttonNewReceiver"
                time="16.165"
                classname="pages.TestPageConsinment">
            </testcase>
            <testcase
                name="validateButtonNewContact"
                time="10.821"
                classname="pages.TestPageConsinment">
            </testcase>
            <testcase
                name="clickOnStepValue"
                time="26.139"
                classname="pages.TestPageConsinment">
            </testcase>
            <testcase
                name="commudityValidation"
                time="14.436"
                classname="pages.TestPageConsinment">
            </testcase>
            <testcase
                name="clickonbuttonNewContactReceiverContact"
                time="8.058"
                classname="pages.TestPageConsinment">
            </testcase>
            <testcase
                name="selectMenufromSenderName"
                time="5.257"
                classname="pages.TestPageConsinment">
            </testcase>
            <testcase
                name="clickOnSenderName"
                time="5.502"
                classname="pages.TestPageConsinment">
            </testcase>
            <testcase
                name="clickOnStepRequirement"
                time="35.826"
                classname="pages.TestPageConsinment">
            </testcase>
            <testcase
                name="entertxtSecuritypack"
                time="9.606"
                classname="pages.TestPageConsinment">
            </testcase>
            <testcase
                name="doStarted"
                time="49.175"
                classname="pages.TestPageConsinment">
            </testcase>
            <testcase
                name="clickONFinaliseButton"
                time="19.718"
                classname="pages.TestPageConsinment">
            </testcase>
</testsuite>
