<?xml version="1.0" encoding="UTF-8"?>
<testsuite name="Check login and logout successfully"
           tests="19"
           failures="7"
           errors="0"
           skipped="0"
           time="270.680">
    <properties></properties>

            <testcase
                name="clickOnStepServices"
                time="12.046"
                classname="pages.TestPageConsinment">

            <failure type="org.openqa.selenium.WebDriverException" message="chrome not reachable
  (Session info: chrome=83.0.4103.97)
Build info: version: &apos;3.141.59&apos;, revision: &apos;e82be7d358&apos;, time: &apos;2018-11-14T08:17:03&apos;
System info: host: &apos;WJLP-1098&apos;, ip: &apos;192.168.65.1&apos;, os.name: &apos;Windows 10&apos;, os.arch: &apos;amd64&apos;, os.version: &apos;10.0&apos;, java.version: &apos;11.0.7&apos;
Driver info: org.openqa.selenium.chrome.ChromeDriver
Capabilities {acceptInsecureCerts: false, browserName: chrome, browserVersion: 83.0.4103.97, chrome: {chromedriverVersion: 83.0.4103.39 (ccbf011cb2d2b..., userDataDir: C:\Users\nasreenk\AppData\L...}, goog:chromeOptions: {debuggerAddress: localhost:52301}, javascriptEnabled: true, networkConnectionEnabled: false, pageLoadStrategy: none, platform: WINDOWS, platformName: WINDOWS, proxy: Proxy(), setWindowRect: true, strictFileInteractability: false, timeouts: {implicit: 0, pageLoad: 300000, script: 30000}, unhandledPromptBehavior: dismiss and notify, webauthn:virtualAuthenticators: true}
Session ID: f23b9378a9c62eec14eec57ff77b3887
*** Element info: {Using=xpath, value=//div[@id=&apos;stepServices&apos;]}">
                <![CDATA[org.openqa.selenium.WebDriverException: chrome not reachable
  (Session info: chrome=83.0.4103.97)
Build info: version: '3.141.59', revision: 'e82be7d358', time: '2018-11-14T08:17:03'
System info: host: 'WJLP-1098', ip: '192.168.65.1', os.name: 'Windows 10', os.arch: 'amd64', os.version: '10.0', java.version: '11.0.7'
Driver info: org.openqa.selenium.chrome.ChromeDriver
Capabilities {acceptInsecureCerts: false, browserName: chrome, browserVersion: 83.0.4103.97, chrome: {chromedriverVersion: 83.0.4103.39 (ccbf011cb2d2b..., userDataDir: C:\Users\nasreenk\AppData\L...}, goog:chromeOptions: {debuggerAddress: localhost:52301}, javascriptEnabled: true, networkConnectionEnabled: false, pageLoadStrategy: none, platform: WINDOWS, platformName: WINDOWS, proxy: Proxy(), setWindowRect: true, strictFileInteractability: false, timeouts: {implicit: 0, pageLoad: 300000, script: 30000}, unhandledPromptBehavior: dismiss and notify, webauthn:virtualAuthenticators: true}
Session ID: f23b9378a9c62eec14eec57ff77b3887
*** Element info: {Using=xpath, value=//div[@id='stepServices']}
                java.base/jdk.internal.reflect.NativeConstructorAccessorImpl.newInstance0(Native Method)java.base/jdk.internal.reflect.NativeConstructorAccessorImpl.newInstance(NativeConstructorAccessorImpl.java:62)java.base/jdk.internal.reflect.DelegatingConstructorAccessorImpl.newInstance(DelegatingConstructorAccessorImpl.java:45)java.base/java.lang.reflect.Constructor.newInstance(Constructor.java:490)org.openqa.selenium.remote.http.W3CHttpResponseCodec.createException(W3CHttpResponseCodec.java:187)org.openqa.selenium.remote.http.W3CHttpResponseCodec.decode(W3CHttpResponseCodec.java:122)org.openqa.selenium.remote.http.W3CHttpResponseCodec.decode(W3CHttpResponseCodec.java:49)org.openqa.selenium.remote.HttpCommandExecutor.execute(HttpCommandExecutor.java:158)org.openqa.selenium.remote.service.DriverCommandExecutor.execute(DriverCommandExecutor.java:83)org.openqa.selenium.remote.RemoteWebDriver.execute(RemoteWebDriver.java:552)org.openqa.selenium.remote.RemoteWebDriver.findElement(RemoteWebDriver.java:323)org.openqa.selenium.remote.RemoteWebDriver.findElementByXPath(RemoteWebDriver.java:428)org.openqa.selenium.By$ByXPath.findElement(By.java:353)org.openqa.selenium.remote.RemoteWebDriver.findElement(RemoteWebDriver.java:315)jdk.internal.reflect.GeneratedMethodAccessor5.invoke(Unknown Source)java.base/jdk.internal.reflect.DelegatingMethodAccessorImpl.invoke(DelegatingMethodAccessorImpl.java:43)java.base/java.lang.reflect.Method.invoke(Method.java:566)org.openqa.selenium.support.events.EventFiringWebDriver.lambda$new$1(EventFiringWebDriver.java:105)com.sun.proxy.$Proxy12.findElement(Unknown Source)org.openqa.selenium.support.events.EventFiringWebDriver.findElement(EventFiringWebDriver.java:194)org.openqa.selenium.support.pagefactory.DefaultElementLocator.findElement(DefaultElementLocator.java:69)org.openqa.selenium.support.pagefactory.AjaxElementLocator.access$001(AjaxElementLocator.java:39)org.openqa.selenium.support.pagefactory.AjaxElementLocator$SlowLoadingElement.isLoaded(AjaxElementLocator.java:165)org.openqa.selenium.support.ui.SlowLoadableComponent.get(SlowLoadableComponent.java:51)org.openqa.selenium.support.pagefactory.AjaxElementLocator.findElement(AjaxElementLocator.java:95)org.openqa.selenium.support.pagefactory.internal.LocatingElementHandler.invoke(LocatingElementHandler.java:38)com.sun.proxy.$Proxy19.isDisplayed(Unknown Source)org.openqa.selenium.support.ui.ExpectedConditions.elementIfVisible(ExpectedConditions.java:314)org.openqa.selenium.support.ui.ExpectedConditions.access$000(ExpectedConditions.java:43)org.openqa.selenium.support.ui.ExpectedConditions$10.apply(ExpectedConditions.java:300)org.openqa.selenium.support.ui.ExpectedConditions$10.apply(ExpectedConditions.java:297)org.openqa.selenium.support.ui.ExpectedConditions$23.apply(ExpectedConditions.java:670)org.openqa.selenium.support.ui.ExpectedConditions$23.apply(ExpectedConditions.java:666)org.openqa.selenium.support.ui.FluentWait.until(FluentWait.java:249)pages.PageConsinment.clickonstepServices(PageConsinment.java:343)pages.TestPageConsinment.clickOnStepServices(TestPageConsinment.java:163)java.base/jdk.internal.reflect.NativeMethodAccessorImpl.invoke0(Native Method)java.base/jdk.internal.reflect.NativeMethodAccessorImpl.invoke(NativeMethodAccessorImpl.java:62)java.base/jdk.internal.reflect.DelegatingMethodAccessorImpl.invoke(DelegatingMethodAccessorImpl.java:43)java.base/java.lang.reflect.Method.invoke(Method.java:566)org.testng.internal.MethodInvocationHelper.invokeMethod(MethodInvocationHelper.java:134)org.testng.internal.TestInvoker.invokeMethod(TestInvoker.java:597)org.testng.internal.TestInvoker.invokeTestMethod(TestInvoker.java:173)org.testng.internal.MethodRunner.runInSequence(MethodRunner.java:46)org.testng.internal.TestInvoker$MethodInvocationAgent.invoke(TestInvoker.java:816)org.testng.internal.TestInvoker.invokeTestMethods(TestInvoker.java:146)org.testng.internal.TestMethodWorker.invokeTestMethods(TestMethodWorker.java:146)org.testng.internal.TestMethodWorker.run(TestMethodWorker.java:128)java.base/java.util.ArrayList.forEach(ArrayList.java:1540)org.testng.TestRunner.privateRun(TestRunner.java:766)org.testng.TestRunner.run(TestRunner.java:587)org.testng.SuiteRunner.runTest(SuiteRunner.java:384)org.testng.SuiteRunner.runSequentially(SuiteRunner.java:378)org.testng.SuiteRunner.privateRun(SuiteRunner.java:337)org.testng.SuiteRunner.run(SuiteRunner.java:286)org.testng.SuiteRunnerWorker.runSuite(SuiteRunnerWorker.java:53)org.testng.SuiteRunnerWorker.run(SuiteRunnerWorker.java:96)org.testng.TestNG.runSuitesSequentially(TestNG.java:1187)org.testng.TestNG.runSuitesSequentially(TestNG.java:1182)org.testng.TestNG.runSuitesLocally(TestNG.java:1109)org.testng.TestNG.runSuites(TestNG.java:1039)org.testng.TestNG.run(TestNG.java:1007)org.apache.maven.surefire.testng.TestNGExecutor.run(TestNGExecutor.java:283)org.apache.maven.surefire.testng.TestNGXmlTestSuite.execute(TestNGXmlTestSuite.java:75)org.apache.maven.surefire.testng.TestNGProvider.invoke(TestNGProvider.java:120)org.apache.maven.surefire.booter.ForkedBooter.runSuitesInProcess(ForkedBooter.java:377)org.apache.maven.surefire.booter.ForkedBooter.execute(ForkedBooter.java:138)org.apache.maven.surefire.booter.ForkedBooter.run(ForkedBooter.java:465)org.apache.maven.surefire.booter.ForkedBooter.main(ForkedBooter.java:451)
]]>
            </failure>
    </testcase>
            <testcase
                name="clickOnStepValue"
                time="18.517"
                classname="pages.TestPageConsinment">

            <failure type="org.openqa.selenium.WebDriverException" message="chrome not reachable
  (Session info: chrome=83.0.4103.97)
Build info: version: &apos;3.141.59&apos;, revision: &apos;e82be7d358&apos;, time: &apos;2018-11-14T08:17:03&apos;
System info: host: &apos;WJLP-1098&apos;, ip: &apos;192.168.65.1&apos;, os.name: &apos;Windows 10&apos;, os.arch: &apos;amd64&apos;, os.version: &apos;10.0&apos;, java.version: &apos;11.0.7&apos;
Driver info: org.openqa.selenium.chrome.ChromeDriver
Capabilities {acceptInsecureCerts: false, browserName: chrome, browserVersion: 83.0.4103.97, chrome: {chromedriverVersion: 83.0.4103.39 (ccbf011cb2d2b..., userDataDir: C:\Users\nasreenk\AppData\L...}, goog:chromeOptions: {debuggerAddress: localhost:52301}, javascriptEnabled: true, networkConnectionEnabled: false, pageLoadStrategy: none, platform: WINDOWS, platformName: WINDOWS, proxy: Proxy(), setWindowRect: true, strictFileInteractability: false, timeouts: {implicit: 0, pageLoad: 300000, script: 30000}, unhandledPromptBehavior: dismiss and notify, webauthn:virtualAuthenticators: true}
Session ID: f23b9378a9c62eec14eec57ff77b3887
*** Element info: {Using=xpath, value=//div[@class=&apos;v-text-field__slot&apos;]//input[@id=&apos;ValueForCarriage&apos;]}">
                <![CDATA[org.openqa.selenium.WebDriverException: chrome not reachable
  (Session info: chrome=83.0.4103.97)
Build info: version: '3.141.59', revision: 'e82be7d358', time: '2018-11-14T08:17:03'
System info: host: 'WJLP-1098', ip: '192.168.65.1', os.name: 'Windows 10', os.arch: 'amd64', os.version: '10.0', java.version: '11.0.7'
Driver info: org.openqa.selenium.chrome.ChromeDriver
Capabilities {acceptInsecureCerts: false, browserName: chrome, browserVersion: 83.0.4103.97, chrome: {chromedriverVersion: 83.0.4103.39 (ccbf011cb2d2b..., userDataDir: C:\Users\nasreenk\AppData\L...}, goog:chromeOptions: {debuggerAddress: localhost:52301}, javascriptEnabled: true, networkConnectionEnabled: false, pageLoadStrategy: none, platform: WINDOWS, platformName: WINDOWS, proxy: Proxy(), setWindowRect: true, strictFileInteractability: false, timeouts: {implicit: 0, pageLoad: 300000, script: 30000}, unhandledPromptBehavior: dismiss and notify, webauthn:virtualAuthenticators: true}
Session ID: f23b9378a9c62eec14eec57ff77b3887
*** Element info: {Using=xpath, value=//div[@class='v-text-field__slot']//input[@id='ValueForCarriage']}
                java.base/jdk.internal.reflect.NativeConstructorAccessorImpl.newInstance0(Native Method)java.base/jdk.internal.reflect.NativeConstructorAccessorImpl.newInstance(NativeConstructorAccessorImpl.java:62)java.base/jdk.internal.reflect.DelegatingConstructorAccessorImpl.newInstance(DelegatingConstructorAccessorImpl.java:45)java.base/java.lang.reflect.Constructor.newInstance(Constructor.java:490)org.openqa.selenium.remote.http.W3CHttpResponseCodec.createException(W3CHttpResponseCodec.java:187)org.openqa.selenium.remote.http.W3CHttpResponseCodec.decode(W3CHttpResponseCodec.java:122)org.openqa.selenium.remote.http.W3CHttpResponseCodec.decode(W3CHttpResponseCodec.java:49)org.openqa.selenium.remote.HttpCommandExecutor.execute(HttpCommandExecutor.java:158)org.openqa.selenium.remote.service.DriverCommandExecutor.execute(DriverCommandExecutor.java:83)org.openqa.selenium.remote.RemoteWebDriver.execute(RemoteWebDriver.java:552)org.openqa.selenium.remote.RemoteWebDriver.findElement(RemoteWebDriver.java:323)org.openqa.selenium.remote.RemoteWebDriver.findElementByXPath(RemoteWebDriver.java:428)org.openqa.selenium.By$ByXPath.findElement(By.java:353)org.openqa.selenium.remote.RemoteWebDriver.findElement(RemoteWebDriver.java:315)jdk.internal.reflect.GeneratedMethodAccessor5.invoke(Unknown Source)java.base/jdk.internal.reflect.DelegatingMethodAccessorImpl.invoke(DelegatingMethodAccessorImpl.java:43)java.base/java.lang.reflect.Method.invoke(Method.java:566)org.openqa.selenium.support.events.EventFiringWebDriver.lambda$new$1(EventFiringWebDriver.java:105)com.sun.proxy.$Proxy12.findElement(Unknown Source)org.openqa.selenium.support.events.EventFiringWebDriver.findElement(EventFiringWebDriver.java:194)org.openqa.selenium.support.pagefactory.DefaultElementLocator.findElement(DefaultElementLocator.java:69)org.openqa.selenium.support.pagefactory.AjaxElementLocator.access$001(AjaxElementLocator.java:39)org.openqa.selenium.support.pagefactory.AjaxElementLocator$SlowLoadingElement.isLoaded(AjaxElementLocator.java:165)org.openqa.selenium.support.ui.SlowLoadableComponent.get(SlowLoadableComponent.java:51)org.openqa.selenium.support.pagefactory.AjaxElementLocator.findElement(AjaxElementLocator.java:95)org.openqa.selenium.support.pagefactory.internal.LocatingElementHandler.invoke(LocatingElementHandler.java:38)com.sun.proxy.$Proxy19.isDisplayed(Unknown Source)org.openqa.selenium.support.ui.ExpectedConditions.elementIfVisible(ExpectedConditions.java:314)org.openqa.selenium.support.ui.ExpectedConditions.access$000(ExpectedConditions.java:43)org.openqa.selenium.support.ui.ExpectedConditions$10.apply(ExpectedConditions.java:300)org.openqa.selenium.support.ui.ExpectedConditions$10.apply(ExpectedConditions.java:297)org.openqa.selenium.support.ui.ExpectedConditions$23.apply(ExpectedConditions.java:670)org.openqa.selenium.support.ui.ExpectedConditions$23.apply(ExpectedConditions.java:666)org.openqa.selenium.support.ui.FluentWait.until(FluentWait.java:249)pages.PageConsinment.entertxtStepValue(PageConsinment.java:305)pages.TestPageConsinment.clickOnStepValue(TestPageConsinment.java:138)java.base/jdk.internal.reflect.NativeMethodAccessorImpl.invoke0(Native Method)java.base/jdk.internal.reflect.NativeMethodAccessorImpl.invoke(NativeMethodAccessorImpl.java:62)java.base/jdk.internal.reflect.DelegatingMethodAccessorImpl.invoke(DelegatingMethodAccessorImpl.java:43)java.base/java.lang.reflect.Method.invoke(Method.java:566)org.testng.internal.MethodInvocationHelper.invokeMethod(MethodInvocationHelper.java:134)org.testng.internal.TestInvoker.invokeMethod(TestInvoker.java:597)org.testng.internal.TestInvoker.invokeTestMethod(TestInvoker.java:173)org.testng.internal.MethodRunner.runInSequence(MethodRunner.java:46)org.testng.internal.TestInvoker$MethodInvocationAgent.invoke(TestInvoker.java:816)org.testng.internal.TestInvoker.invokeTestMethods(TestInvoker.java:146)org.testng.internal.TestMethodWorker.invokeTestMethods(TestMethodWorker.java:146)org.testng.internal.TestMethodWorker.run(TestMethodWorker.java:128)java.base/java.util.ArrayList.forEach(ArrayList.java:1540)org.testng.TestRunner.privateRun(TestRunner.java:766)org.testng.TestRunner.run(TestRunner.java:587)org.testng.SuiteRunner.runTest(SuiteRunner.java:384)org.testng.SuiteRunner.runSequentially(SuiteRunner.java:378)org.testng.SuiteRunner.privateRun(SuiteRunner.java:337)org.testng.SuiteRunner.run(SuiteRunner.java:286)org.testng.SuiteRunnerWorker.runSuite(SuiteRunnerWorker.java:53)org.testng.SuiteRunnerWorker.run(SuiteRunnerWorker.java:96)org.testng.TestNG.runSuitesSequentially(TestNG.java:1187)org.testng.TestNG.runSuitesSequentially(TestNG.java:1182)org.testng.TestNG.runSuitesLocally(TestNG.java:1109)org.testng.TestNG.runSuites(TestNG.java:1039)org.testng.TestNG.run(TestNG.java:1007)org.apache.maven.surefire.testng.TestNGExecutor.run(TestNGExecutor.java:283)org.apache.maven.surefire.testng.TestNGXmlTestSuite.execute(TestNGXmlTestSuite.java:75)org.apache.maven.surefire.testng.TestNGProvider.invoke(TestNGProvider.java:120)org.apache.maven.surefire.booter.ForkedBooter.runSuitesInProcess(ForkedBooter.java:377)org.apache.maven.surefire.booter.ForkedBooter.execute(ForkedBooter.java:138)org.apache.maven.surefire.booter.ForkedBooter.run(ForkedBooter.java:465)org.apache.maven.surefire.booter.ForkedBooter.main(ForkedBooter.java:451)
]]>
            </failure>
    </testcase>
            <testcase
                name="clickOnStepRequirement"
                time="12.054"
                classname="pages.TestPageConsinment">

            <failure type="org.openqa.selenium.WebDriverException" message="chrome not reachable
  (Session info: chrome=83.0.4103.97)
Build info: version: &apos;3.141.59&apos;, revision: &apos;e82be7d358&apos;, time: &apos;2018-11-14T08:17:03&apos;
System info: host: &apos;WJLP-1098&apos;, ip: &apos;192.168.65.1&apos;, os.name: &apos;Windows 10&apos;, os.arch: &apos;amd64&apos;, os.version: &apos;10.0&apos;, java.version: &apos;11.0.7&apos;
Driver info: org.openqa.selenium.chrome.ChromeDriver
Capabilities {acceptInsecureCerts: false, browserName: chrome, browserVersion: 83.0.4103.97, chrome: {chromedriverVersion: 83.0.4103.39 (ccbf011cb2d2b..., userDataDir: C:\Users\nasreenk\AppData\L...}, goog:chromeOptions: {debuggerAddress: localhost:52301}, javascriptEnabled: true, networkConnectionEnabled: false, pageLoadStrategy: none, platform: WINDOWS, platformName: WINDOWS, proxy: Proxy(), setWindowRect: true, strictFileInteractability: false, timeouts: {implicit: 0, pageLoad: 300000, script: 30000}, unhandledPromptBehavior: dismiss and notify, webauthn:virtualAuthenticators: true}
Session ID: f23b9378a9c62eec14eec57ff77b3887
*** Element info: {Using=xpath, value=//div[@id=&apos;stepRequirements&apos;]}">
                <![CDATA[org.openqa.selenium.WebDriverException: chrome not reachable
  (Session info: chrome=83.0.4103.97)
Build info: version: '3.141.59', revision: 'e82be7d358', time: '2018-11-14T08:17:03'
System info: host: 'WJLP-1098', ip: '192.168.65.1', os.name: 'Windows 10', os.arch: 'amd64', os.version: '10.0', java.version: '11.0.7'
Driver info: org.openqa.selenium.chrome.ChromeDriver
Capabilities {acceptInsecureCerts: false, browserName: chrome, browserVersion: 83.0.4103.97, chrome: {chromedriverVersion: 83.0.4103.39 (ccbf011cb2d2b..., userDataDir: C:\Users\nasreenk\AppData\L...}, goog:chromeOptions: {debuggerAddress: localhost:52301}, javascriptEnabled: true, networkConnectionEnabled: false, pageLoadStrategy: none, platform: WINDOWS, platformName: WINDOWS, proxy: Proxy(), setWindowRect: true, strictFileInteractability: false, timeouts: {implicit: 0, pageLoad: 300000, script: 30000}, unhandledPromptBehavior: dismiss and notify, webauthn:virtualAuthenticators: true}
Session ID: f23b9378a9c62eec14eec57ff77b3887
*** Element info: {Using=xpath, value=//div[@id='stepRequirements']}
                java.base/jdk.internal.reflect.NativeConstructorAccessorImpl.newInstance0(Native Method)java.base/jdk.internal.reflect.NativeConstructorAccessorImpl.newInstance(NativeConstructorAccessorImpl.java:62)java.base/jdk.internal.reflect.DelegatingConstructorAccessorImpl.newInstance(DelegatingConstructorAccessorImpl.java:45)java.base/java.lang.reflect.Constructor.newInstance(Constructor.java:490)org.openqa.selenium.remote.http.W3CHttpResponseCodec.createException(W3CHttpResponseCodec.java:187)org.openqa.selenium.remote.http.W3CHttpResponseCodec.decode(W3CHttpResponseCodec.java:122)org.openqa.selenium.remote.http.W3CHttpResponseCodec.decode(W3CHttpResponseCodec.java:49)org.openqa.selenium.remote.HttpCommandExecutor.execute(HttpCommandExecutor.java:158)org.openqa.selenium.remote.service.DriverCommandExecutor.execute(DriverCommandExecutor.java:83)org.openqa.selenium.remote.RemoteWebDriver.execute(RemoteWebDriver.java:552)org.openqa.selenium.remote.RemoteWebDriver.findElement(RemoteWebDriver.java:323)org.openqa.selenium.remote.RemoteWebDriver.findElementByXPath(RemoteWebDriver.java:428)org.openqa.selenium.By$ByXPath.findElement(By.java:353)org.openqa.selenium.remote.RemoteWebDriver.findElement(RemoteWebDriver.java:315)jdk.internal.reflect.GeneratedMethodAccessor5.invoke(Unknown Source)java.base/jdk.internal.reflect.DelegatingMethodAccessorImpl.invoke(DelegatingMethodAccessorImpl.java:43)java.base/java.lang.reflect.Method.invoke(Method.java:566)org.openqa.selenium.support.events.EventFiringWebDriver.lambda$new$1(EventFiringWebDriver.java:105)com.sun.proxy.$Proxy12.findElement(Unknown Source)org.openqa.selenium.support.events.EventFiringWebDriver.findElement(EventFiringWebDriver.java:194)org.openqa.selenium.support.pagefactory.DefaultElementLocator.findElement(DefaultElementLocator.java:69)org.openqa.selenium.support.pagefactory.AjaxElementLocator.access$001(AjaxElementLocator.java:39)org.openqa.selenium.support.pagefactory.AjaxElementLocator$SlowLoadingElement.isLoaded(AjaxElementLocator.java:165)org.openqa.selenium.support.ui.SlowLoadableComponent.get(SlowLoadableComponent.java:51)org.openqa.selenium.support.pagefactory.AjaxElementLocator.findElement(AjaxElementLocator.java:95)org.openqa.selenium.support.pagefactory.internal.LocatingElementHandler.invoke(LocatingElementHandler.java:38)com.sun.proxy.$Proxy19.isDisplayed(Unknown Source)org.openqa.selenium.support.ui.ExpectedConditions.elementIfVisible(ExpectedConditions.java:314)org.openqa.selenium.support.ui.ExpectedConditions.access$000(ExpectedConditions.java:43)org.openqa.selenium.support.ui.ExpectedConditions$10.apply(ExpectedConditions.java:300)org.openqa.selenium.support.ui.ExpectedConditions$10.apply(ExpectedConditions.java:297)org.openqa.selenium.support.ui.ExpectedConditions$23.apply(ExpectedConditions.java:670)org.openqa.selenium.support.ui.ExpectedConditions$23.apply(ExpectedConditions.java:666)org.openqa.selenium.support.ui.FluentWait.until(FluentWait.java:249)pages.PageConsinment.clickOnStepRequirement(PageConsinment.java:314)pages.TestPageConsinment.clickOnStepRequirement(TestPageConsinment.java:147)java.base/jdk.internal.reflect.NativeMethodAccessorImpl.invoke0(Native Method)java.base/jdk.internal.reflect.NativeMethodAccessorImpl.invoke(NativeMethodAccessorImpl.java:62)java.base/jdk.internal.reflect.DelegatingMethodAccessorImpl.invoke(DelegatingMethodAccessorImpl.java:43)java.base/java.lang.reflect.Method.invoke(Method.java:566)org.testng.internal.MethodInvocationHelper.invokeMethod(MethodInvocationHelper.java:134)org.testng.internal.TestInvoker.invokeMethod(TestInvoker.java:597)org.testng.internal.TestInvoker.invokeTestMethod(TestInvoker.java:173)org.testng.internal.MethodRunner.runInSequence(MethodRunner.java:46)org.testng.internal.TestInvoker$MethodInvocationAgent.invoke(TestInvoker.java:816)org.testng.internal.TestInvoker.invokeTestMethods(TestInvoker.java:146)org.testng.internal.TestMethodWorker.invokeTestMethods(TestMethodWorker.java:146)org.testng.internal.TestMethodWorker.run(TestMethodWorker.java:128)java.base/java.util.ArrayList.forEach(ArrayList.java:1540)org.testng.TestRunner.privateRun(TestRunner.java:766)org.testng.TestRunner.run(TestRunner.java:587)org.testng.SuiteRunner.runTest(SuiteRunner.java:384)org.testng.SuiteRunner.runSequentially(SuiteRunner.java:378)org.testng.SuiteRunner.privateRun(SuiteRunner.java:337)org.testng.SuiteRunner.run(SuiteRunner.java:286)org.testng.SuiteRunnerWorker.runSuite(SuiteRunnerWorker.java:53)org.testng.SuiteRunnerWorker.run(SuiteRunnerWorker.java:96)org.testng.TestNG.runSuitesSequentially(TestNG.java:1187)org.testng.TestNG.runSuitesSequentially(TestNG.java:1182)org.testng.TestNG.runSuitesLocally(TestNG.java:1109)org.testng.TestNG.runSuites(TestNG.java:1039)org.testng.TestNG.run(TestNG.java:1007)org.apache.maven.surefire.testng.TestNGExecutor.run(TestNGExecutor.java:283)org.apache.maven.surefire.testng.TestNGXmlTestSuite.execute(TestNGXmlTestSuite.java:75)org.apache.maven.surefire.testng.TestNGProvider.invoke(TestNGProvider.java:120)org.apache.maven.surefire.booter.ForkedBooter.runSuitesInProcess(ForkedBooter.java:377)org.apache.maven.surefire.booter.ForkedBooter.execute(ForkedBooter.java:138)org.apache.maven.surefire.booter.ForkedBooter.run(ForkedBooter.java:465)org.apache.maven.surefire.booter.ForkedBooter.main(ForkedBooter.java:451)
]]>
            </failure>
    </testcase>
            <testcase
                name="entertxtNumberOfParcel"
                time="12.034"
                classname="pages.TestPageConsinment">

            <failure type="org.openqa.selenium.WebDriverException" message="chrome not reachable
  (Session info: chrome=83.0.4103.97)
Build info: version: &apos;3.141.59&apos;, revision: &apos;e82be7d358&apos;, time: &apos;2018-11-14T08:17:03&apos;
System info: host: &apos;WJLP-1098&apos;, ip: &apos;192.168.65.1&apos;, os.name: &apos;Windows 10&apos;, os.arch: &apos;amd64&apos;, os.version: &apos;10.0&apos;, java.version: &apos;11.0.7&apos;
Driver info: org.openqa.selenium.chrome.ChromeDriver
Capabilities {acceptInsecureCerts: false, browserName: chrome, browserVersion: 83.0.4103.97, chrome: {chromedriverVersion: 83.0.4103.39 (ccbf011cb2d2b..., userDataDir: C:\Users\nasreenk\AppData\L...}, goog:chromeOptions: {debuggerAddress: localhost:52301}, javascriptEnabled: true, networkConnectionEnabled: false, pageLoadStrategy: none, platform: WINDOWS, platformName: WINDOWS, proxy: Proxy(), setWindowRect: true, strictFileInteractability: false, timeouts: {implicit: 0, pageLoad: 300000, script: 30000}, unhandledPromptBehavior: dismiss and notify, webauthn:virtualAuthenticators: true}
Session ID: f23b9378a9c62eec14eec57ff77b3887
*** Element info: {Using=xpath, value=//input[@id=&apos;NumberOfParcels&apos;]}">
                <![CDATA[org.openqa.selenium.WebDriverException: chrome not reachable
  (Session info: chrome=83.0.4103.97)
Build info: version: '3.141.59', revision: 'e82be7d358', time: '2018-11-14T08:17:03'
System info: host: 'WJLP-1098', ip: '192.168.65.1', os.name: 'Windows 10', os.arch: 'amd64', os.version: '10.0', java.version: '11.0.7'
Driver info: org.openqa.selenium.chrome.ChromeDriver
Capabilities {acceptInsecureCerts: false, browserName: chrome, browserVersion: 83.0.4103.97, chrome: {chromedriverVersion: 83.0.4103.39 (ccbf011cb2d2b..., userDataDir: C:\Users\nasreenk\AppData\L...}, goog:chromeOptions: {debuggerAddress: localhost:52301}, javascriptEnabled: true, networkConnectionEnabled: false, pageLoadStrategy: none, platform: WINDOWS, platformName: WINDOWS, proxy: Proxy(), setWindowRect: true, strictFileInteractability: false, timeouts: {implicit: 0, pageLoad: 300000, script: 30000}, unhandledPromptBehavior: dismiss and notify, webauthn:virtualAuthenticators: true}
Session ID: f23b9378a9c62eec14eec57ff77b3887
*** Element info: {Using=xpath, value=//input[@id='NumberOfParcels']}
                java.base/jdk.internal.reflect.NativeConstructorAccessorImpl.newInstance0(Native Method)java.base/jdk.internal.reflect.NativeConstructorAccessorImpl.newInstance(NativeConstructorAccessorImpl.java:62)java.base/jdk.internal.reflect.DelegatingConstructorAccessorImpl.newInstance(DelegatingConstructorAccessorImpl.java:45)java.base/java.lang.reflect.Constructor.newInstance(Constructor.java:490)org.openqa.selenium.remote.http.W3CHttpResponseCodec.createException(W3CHttpResponseCodec.java:187)org.openqa.selenium.remote.http.W3CHttpResponseCodec.decode(W3CHttpResponseCodec.java:122)org.openqa.selenium.remote.http.W3CHttpResponseCodec.decode(W3CHttpResponseCodec.java:49)org.openqa.selenium.remote.HttpCommandExecutor.execute(HttpCommandExecutor.java:158)org.openqa.selenium.remote.service.DriverCommandExecutor.execute(DriverCommandExecutor.java:83)org.openqa.selenium.remote.RemoteWebDriver.execute(RemoteWebDriver.java:552)org.openqa.selenium.remote.RemoteWebDriver.findElement(RemoteWebDriver.java:323)org.openqa.selenium.remote.RemoteWebDriver.findElementByXPath(RemoteWebDriver.java:428)org.openqa.selenium.By$ByXPath.findElement(By.java:353)org.openqa.selenium.remote.RemoteWebDriver.findElement(RemoteWebDriver.java:315)jdk.internal.reflect.GeneratedMethodAccessor5.invoke(Unknown Source)java.base/jdk.internal.reflect.DelegatingMethodAccessorImpl.invoke(DelegatingMethodAccessorImpl.java:43)java.base/java.lang.reflect.Method.invoke(Method.java:566)org.openqa.selenium.support.events.EventFiringWebDriver.lambda$new$1(EventFiringWebDriver.java:105)com.sun.proxy.$Proxy12.findElement(Unknown Source)org.openqa.selenium.support.events.EventFiringWebDriver.findElement(EventFiringWebDriver.java:194)org.openqa.selenium.support.pagefactory.DefaultElementLocator.findElement(DefaultElementLocator.java:69)org.openqa.selenium.support.pagefactory.AjaxElementLocator.access$001(AjaxElementLocator.java:39)org.openqa.selenium.support.pagefactory.AjaxElementLocator$SlowLoadingElement.isLoaded(AjaxElementLocator.java:165)org.openqa.selenium.support.ui.SlowLoadableComponent.get(SlowLoadableComponent.java:51)org.openqa.selenium.support.pagefactory.AjaxElementLocator.findElement(AjaxElementLocator.java:95)org.openqa.selenium.support.pagefactory.internal.LocatingElementHandler.invoke(LocatingElementHandler.java:38)com.sun.proxy.$Proxy19.isDisplayed(Unknown Source)org.openqa.selenium.support.ui.ExpectedConditions.elementIfVisible(ExpectedConditions.java:314)org.openqa.selenium.support.ui.ExpectedConditions.access$000(ExpectedConditions.java:43)org.openqa.selenium.support.ui.ExpectedConditions$10.apply(ExpectedConditions.java:300)org.openqa.selenium.support.ui.ExpectedConditions$10.apply(ExpectedConditions.java:297)org.openqa.selenium.support.ui.ExpectedConditions$23.apply(ExpectedConditions.java:670)org.openqa.selenium.support.ui.ExpectedConditions$23.apply(ExpectedConditions.java:666)org.openqa.selenium.support.ui.FluentWait.until(FluentWait.java:249)pages.PageConsinment.entertxtNumberOfParcel(PageConsinment.java:355)pages.TestPageConsinment.entertxtNumberOfParcel(TestPageConsinment.java:175)java.base/jdk.internal.reflect.NativeMethodAccessorImpl.invoke0(Native Method)java.base/jdk.internal.reflect.NativeMethodAccessorImpl.invoke(NativeMethodAccessorImpl.java:62)java.base/jdk.internal.reflect.DelegatingMethodAccessorImpl.invoke(DelegatingMethodAccessorImpl.java:43)java.base/java.lang.reflect.Method.invoke(Method.java:566)org.testng.internal.MethodInvocationHelper.invokeMethod(MethodInvocationHelper.java:134)org.testng.internal.TestInvoker.invokeMethod(TestInvoker.java:597)org.testng.internal.TestInvoker.invokeTestMethod(TestInvoker.java:173)org.testng.internal.MethodRunner.runInSequence(MethodRunner.java:46)org.testng.internal.TestInvoker$MethodInvocationAgent.invoke(TestInvoker.java:816)org.testng.internal.TestInvoker.invokeTestMethods(TestInvoker.java:146)org.testng.internal.TestMethodWorker.invokeTestMethods(TestMethodWorker.java:146)org.testng.internal.TestMethodWorker.run(TestMethodWorker.java:128)java.base/java.util.ArrayList.forEach(ArrayList.java:1540)org.testng.TestRunner.privateRun(TestRunner.java:766)org.testng.TestRunner.run(TestRunner.java:587)org.testng.SuiteRunner.runTest(SuiteRunner.java:384)org.testng.SuiteRunner.runSequentially(SuiteRunner.java:378)org.testng.SuiteRunner.privateRun(SuiteRunner.java:337)org.testng.SuiteRunner.run(SuiteRunner.java:286)org.testng.SuiteRunnerWorker.runSuite(SuiteRunnerWorker.java:53)org.testng.SuiteRunnerWorker.run(SuiteRunnerWorker.java:96)org.testng.TestNG.runSuitesSequentially(TestNG.java:1187)org.testng.TestNG.runSuitesSequentially(TestNG.java:1182)org.testng.TestNG.runSuitesLocally(TestNG.java:1109)org.testng.TestNG.runSuites(TestNG.java:1039)org.testng.TestNG.run(TestNG.java:1007)org.apache.maven.surefire.testng.TestNGExecutor.run(TestNGExecutor.java:283)org.apache.maven.surefire.testng.TestNGXmlTestSuite.execute(TestNGXmlTestSuite.java:75)org.apache.maven.surefire.testng.TestNGProvider.invoke(TestNGProvider.java:120)org.apache.maven.surefire.booter.ForkedBooter.runSuitesInProcess(ForkedBooter.java:377)org.apache.maven.surefire.booter.ForkedBooter.execute(ForkedBooter.java:138)org.apache.maven.surefire.booter.ForkedBooter.run(ForkedBooter.java:465)org.apache.maven.surefire.booter.ForkedBooter.main(ForkedBooter.java:451)
]]>
            </failure>
    </testcase>
            <testcase
                name="entertxtSecuritypack"
                time="12.041"
                classname="pages.TestPageConsinment">

            <failure type="org.openqa.selenium.WebDriverException" message="chrome not reachable
  (Session info: chrome=83.0.4103.97)
Build info: version: &apos;3.141.59&apos;, revision: &apos;e82be7d358&apos;, time: &apos;2018-11-14T08:17:03&apos;
System info: host: &apos;WJLP-1098&apos;, ip: &apos;192.168.65.1&apos;, os.name: &apos;Windows 10&apos;, os.arch: &apos;amd64&apos;, os.version: &apos;10.0&apos;, java.version: &apos;11.0.7&apos;
Driver info: org.openqa.selenium.chrome.ChromeDriver
Capabilities {acceptInsecureCerts: false, browserName: chrome, browserVersion: 83.0.4103.97, chrome: {chromedriverVersion: 83.0.4103.39 (ccbf011cb2d2b..., userDataDir: C:\Users\nasreenk\AppData\L...}, goog:chromeOptions: {debuggerAddress: localhost:52301}, javascriptEnabled: true, networkConnectionEnabled: false, pageLoadStrategy: none, platform: WINDOWS, platformName: WINDOWS, proxy: Proxy(), setWindowRect: true, strictFileInteractability: false, timeouts: {implicit: 0, pageLoad: 300000, script: 30000}, unhandledPromptBehavior: dismiss and notify, webauthn:virtualAuthenticators: true}
Session ID: f23b9378a9c62eec14eec57ff77b3887
*** Element info: {Using=xpath, value=//input[@id=&apos;ParcelSecurityPack001&apos;]}">
                <![CDATA[org.openqa.selenium.WebDriverException: chrome not reachable
  (Session info: chrome=83.0.4103.97)
Build info: version: '3.141.59', revision: 'e82be7d358', time: '2018-11-14T08:17:03'
System info: host: 'WJLP-1098', ip: '192.168.65.1', os.name: 'Windows 10', os.arch: 'amd64', os.version: '10.0', java.version: '11.0.7'
Driver info: org.openqa.selenium.chrome.ChromeDriver
Capabilities {acceptInsecureCerts: false, browserName: chrome, browserVersion: 83.0.4103.97, chrome: {chromedriverVersion: 83.0.4103.39 (ccbf011cb2d2b..., userDataDir: C:\Users\nasreenk\AppData\L...}, goog:chromeOptions: {debuggerAddress: localhost:52301}, javascriptEnabled: true, networkConnectionEnabled: false, pageLoadStrategy: none, platform: WINDOWS, platformName: WINDOWS, proxy: Proxy(), setWindowRect: true, strictFileInteractability: false, timeouts: {implicit: 0, pageLoad: 300000, script: 30000}, unhandledPromptBehavior: dismiss and notify, webauthn:virtualAuthenticators: true}
Session ID: f23b9378a9c62eec14eec57ff77b3887
*** Element info: {Using=xpath, value=//input[@id='ParcelSecurityPack001']}
                java.base/jdk.internal.reflect.NativeConstructorAccessorImpl.newInstance0(Native Method)java.base/jdk.internal.reflect.NativeConstructorAccessorImpl.newInstance(NativeConstructorAccessorImpl.java:62)java.base/jdk.internal.reflect.DelegatingConstructorAccessorImpl.newInstance(DelegatingConstructorAccessorImpl.java:45)java.base/java.lang.reflect.Constructor.newInstance(Constructor.java:490)org.openqa.selenium.remote.http.W3CHttpResponseCodec.createException(W3CHttpResponseCodec.java:187)org.openqa.selenium.remote.http.W3CHttpResponseCodec.decode(W3CHttpResponseCodec.java:122)org.openqa.selenium.remote.http.W3CHttpResponseCodec.decode(W3CHttpResponseCodec.java:49)org.openqa.selenium.remote.HttpCommandExecutor.execute(HttpCommandExecutor.java:158)org.openqa.selenium.remote.service.DriverCommandExecutor.execute(DriverCommandExecutor.java:83)org.openqa.selenium.remote.RemoteWebDriver.execute(RemoteWebDriver.java:552)org.openqa.selenium.remote.RemoteWebDriver.findElement(RemoteWebDriver.java:323)org.openqa.selenium.remote.RemoteWebDriver.findElementByXPath(RemoteWebDriver.java:428)org.openqa.selenium.By$ByXPath.findElement(By.java:353)org.openqa.selenium.remote.RemoteWebDriver.findElement(RemoteWebDriver.java:315)jdk.internal.reflect.GeneratedMethodAccessor5.invoke(Unknown Source)java.base/jdk.internal.reflect.DelegatingMethodAccessorImpl.invoke(DelegatingMethodAccessorImpl.java:43)java.base/java.lang.reflect.Method.invoke(Method.java:566)org.openqa.selenium.support.events.EventFiringWebDriver.lambda$new$1(EventFiringWebDriver.java:105)com.sun.proxy.$Proxy12.findElement(Unknown Source)org.openqa.selenium.support.events.EventFiringWebDriver.findElement(EventFiringWebDriver.java:194)org.openqa.selenium.support.pagefactory.DefaultElementLocator.findElement(DefaultElementLocator.java:69)org.openqa.selenium.support.pagefactory.AjaxElementLocator.access$001(AjaxElementLocator.java:39)org.openqa.selenium.support.pagefactory.AjaxElementLocator$SlowLoadingElement.isLoaded(AjaxElementLocator.java:165)org.openqa.selenium.support.ui.SlowLoadableComponent.get(SlowLoadableComponent.java:51)org.openqa.selenium.support.pagefactory.AjaxElementLocator.findElement(AjaxElementLocator.java:95)org.openqa.selenium.support.pagefactory.internal.LocatingElementHandler.invoke(LocatingElementHandler.java:38)com.sun.proxy.$Proxy19.isDisplayed(Unknown Source)org.openqa.selenium.support.ui.ExpectedConditions.elementIfVisible(ExpectedConditions.java:314)org.openqa.selenium.support.ui.ExpectedConditions.access$000(ExpectedConditions.java:43)org.openqa.selenium.support.ui.ExpectedConditions$10.apply(ExpectedConditions.java:300)org.openqa.selenium.support.ui.ExpectedConditions$10.apply(ExpectedConditions.java:297)org.openqa.selenium.support.ui.FluentWait.until(FluentWait.java:249)pages.PageConsinment.clickOnSecurityPack(PageConsinment.java:362)pages.TestPageConsinment.entertxtSecuritypack(TestPageConsinment.java:182)java.base/jdk.internal.reflect.NativeMethodAccessorImpl.invoke0(Native Method)java.base/jdk.internal.reflect.NativeMethodAccessorImpl.invoke(NativeMethodAccessorImpl.java:62)java.base/jdk.internal.reflect.DelegatingMethodAccessorImpl.invoke(DelegatingMethodAccessorImpl.java:43)java.base/java.lang.reflect.Method.invoke(Method.java:566)org.testng.internal.MethodInvocationHelper.invokeMethod(MethodInvocationHelper.java:134)org.testng.internal.TestInvoker.invokeMethod(TestInvoker.java:597)org.testng.internal.TestInvoker.invokeTestMethod(TestInvoker.java:173)org.testng.internal.MethodRunner.runInSequence(MethodRunner.java:46)org.testng.internal.TestInvoker$MethodInvocationAgent.invoke(TestInvoker.java:816)org.testng.internal.TestInvoker.invokeTestMethods(TestInvoker.java:146)org.testng.internal.TestMethodWorker.invokeTestMethods(TestMethodWorker.java:146)org.testng.internal.TestMethodWorker.run(TestMethodWorker.java:128)java.base/java.util.ArrayList.forEach(ArrayList.java:1540)org.testng.TestRunner.privateRun(TestRunner.java:766)org.testng.TestRunner.run(TestRunner.java:587)org.testng.SuiteRunner.runTest(SuiteRunner.java:384)org.testng.SuiteRunner.runSequentially(SuiteRunner.java:378)org.testng.SuiteRunner.privateRun(SuiteRunner.java:337)org.testng.SuiteRunner.run(SuiteRunner.java:286)org.testng.SuiteRunnerWorker.runSuite(SuiteRunnerWorker.java:53)org.testng.SuiteRunnerWorker.run(SuiteRunnerWorker.java:96)org.testng.TestNG.runSuitesSequentially(TestNG.java:1187)org.testng.TestNG.runSuitesSequentially(TestNG.java:1182)org.testng.TestNG.runSuitesLocally(TestNG.java:1109)org.testng.TestNG.runSuites(TestNG.java:1039)org.testng.TestNG.run(TestNG.java:1007)org.apache.maven.surefire.testng.TestNGExecutor.run(TestNGExecutor.java:283)org.apache.maven.surefire.testng.TestNGXmlTestSuite.execute(TestNGXmlTestSuite.java:75)org.apache.maven.surefire.testng.TestNGProvider.invoke(TestNGProvider.java:120)org.apache.maven.surefire.booter.ForkedBooter.runSuitesInProcess(ForkedBooter.java:377)org.apache.maven.surefire.booter.ForkedBooter.execute(ForkedBooter.java:138)org.apache.maven.surefire.booter.ForkedBooter.run(ForkedBooter.java:465)org.apache.maven.surefire.booter.ForkedBooter.main(ForkedBooter.java:451)
]]>
            </failure>
    </testcase>
            <testcase
                name="clickONFinaliseButton"
                time="12.041"
                classname="pages.TestPageConsinment">

            <failure type="org.openqa.selenium.WebDriverException" message="chrome not reachable
  (Session info: chrome=83.0.4103.97)
Build info: version: &apos;3.141.59&apos;, revision: &apos;e82be7d358&apos;, time: &apos;2018-11-14T08:17:03&apos;
System info: host: &apos;WJLP-1098&apos;, ip: &apos;192.168.65.1&apos;, os.name: &apos;Windows 10&apos;, os.arch: &apos;amd64&apos;, os.version: &apos;10.0&apos;, java.version: &apos;11.0.7&apos;
Driver info: org.openqa.selenium.chrome.ChromeDriver
Capabilities {acceptInsecureCerts: false, browserName: chrome, browserVersion: 83.0.4103.97, chrome: {chromedriverVersion: 83.0.4103.39 (ccbf011cb2d2b..., userDataDir: C:\Users\nasreenk\AppData\L...}, goog:chromeOptions: {debuggerAddress: localhost:52301}, javascriptEnabled: true, networkConnectionEnabled: false, pageLoadStrategy: none, platform: WINDOWS, platformName: WINDOWS, proxy: Proxy(), setWindowRect: true, strictFileInteractability: false, timeouts: {implicit: 0, pageLoad: 300000, script: 30000}, unhandledPromptBehavior: dismiss and notify, webauthn:virtualAuthenticators: true}
Session ID: f23b9378a9c62eec14eec57ff77b3887
*** Element info: {Using=xpath, value=//button[@id=&apos;FinaliseConsignment&apos;]}">
                <![CDATA[org.openqa.selenium.WebDriverException: chrome not reachable
  (Session info: chrome=83.0.4103.97)
Build info: version: '3.141.59', revision: 'e82be7d358', time: '2018-11-14T08:17:03'
System info: host: 'WJLP-1098', ip: '192.168.65.1', os.name: 'Windows 10', os.arch: 'amd64', os.version: '10.0', java.version: '11.0.7'
Driver info: org.openqa.selenium.chrome.ChromeDriver
Capabilities {acceptInsecureCerts: false, browserName: chrome, browserVersion: 83.0.4103.97, chrome: {chromedriverVersion: 83.0.4103.39 (ccbf011cb2d2b..., userDataDir: C:\Users\nasreenk\AppData\L...}, goog:chromeOptions: {debuggerAddress: localhost:52301}, javascriptEnabled: true, networkConnectionEnabled: false, pageLoadStrategy: none, platform: WINDOWS, platformName: WINDOWS, proxy: Proxy(), setWindowRect: true, strictFileInteractability: false, timeouts: {implicit: 0, pageLoad: 300000, script: 30000}, unhandledPromptBehavior: dismiss and notify, webauthn:virtualAuthenticators: true}
Session ID: f23b9378a9c62eec14eec57ff77b3887
*** Element info: {Using=xpath, value=//button[@id='FinaliseConsignment']}
                java.base/jdk.internal.reflect.NativeConstructorAccessorImpl.newInstance0(Native Method)java.base/jdk.internal.reflect.NativeConstructorAccessorImpl.newInstance(NativeConstructorAccessorImpl.java:62)java.base/jdk.internal.reflect.DelegatingConstructorAccessorImpl.newInstance(DelegatingConstructorAccessorImpl.java:45)java.base/java.lang.reflect.Constructor.newInstance(Constructor.java:490)org.openqa.selenium.remote.http.W3CHttpResponseCodec.createException(W3CHttpResponseCodec.java:187)org.openqa.selenium.remote.http.W3CHttpResponseCodec.decode(W3CHttpResponseCodec.java:122)org.openqa.selenium.remote.http.W3CHttpResponseCodec.decode(W3CHttpResponseCodec.java:49)org.openqa.selenium.remote.HttpCommandExecutor.execute(HttpCommandExecutor.java:158)org.openqa.selenium.remote.service.DriverCommandExecutor.execute(DriverCommandExecutor.java:83)org.openqa.selenium.remote.RemoteWebDriver.execute(RemoteWebDriver.java:552)org.openqa.selenium.remote.RemoteWebDriver.findElement(RemoteWebDriver.java:323)org.openqa.selenium.remote.RemoteWebDriver.findElementByXPath(RemoteWebDriver.java:428)org.openqa.selenium.By$ByXPath.findElement(By.java:353)org.openqa.selenium.remote.RemoteWebDriver.findElement(RemoteWebDriver.java:315)jdk.internal.reflect.GeneratedMethodAccessor5.invoke(Unknown Source)java.base/jdk.internal.reflect.DelegatingMethodAccessorImpl.invoke(DelegatingMethodAccessorImpl.java:43)java.base/java.lang.reflect.Method.invoke(Method.java:566)org.openqa.selenium.support.events.EventFiringWebDriver.lambda$new$1(EventFiringWebDriver.java:105)com.sun.proxy.$Proxy12.findElement(Unknown Source)org.openqa.selenium.support.events.EventFiringWebDriver.findElement(EventFiringWebDriver.java:194)org.openqa.selenium.support.pagefactory.DefaultElementLocator.findElement(DefaultElementLocator.java:69)org.openqa.selenium.support.pagefactory.AjaxElementLocator.access$001(AjaxElementLocator.java:39)org.openqa.selenium.support.pagefactory.AjaxElementLocator$SlowLoadingElement.isLoaded(AjaxElementLocator.java:165)org.openqa.selenium.support.ui.SlowLoadableComponent.get(SlowLoadableComponent.java:51)org.openqa.selenium.support.pagefactory.AjaxElementLocator.findElement(AjaxElementLocator.java:95)org.openqa.selenium.support.pagefactory.internal.LocatingElementHandler.invoke(LocatingElementHandler.java:38)com.sun.proxy.$Proxy19.isDisplayed(Unknown Source)org.openqa.selenium.support.ui.ExpectedConditions.elementIfVisible(ExpectedConditions.java:314)org.openqa.selenium.support.ui.ExpectedConditions.access$000(ExpectedConditions.java:43)org.openqa.selenium.support.ui.ExpectedConditions$10.apply(ExpectedConditions.java:300)org.openqa.selenium.support.ui.ExpectedConditions$10.apply(ExpectedConditions.java:297)org.openqa.selenium.support.ui.ExpectedConditions$23.apply(ExpectedConditions.java:670)org.openqa.selenium.support.ui.ExpectedConditions$23.apply(ExpectedConditions.java:666)org.openqa.selenium.support.ui.FluentWait.until(FluentWait.java:249)pages.PageConsinment.clickOnFinaliseConsignment(PageConsinment.java:382)pages.TestPageConsinment.clickONFinaliseButton(TestPageConsinment.java:194)java.base/jdk.internal.reflect.NativeMethodAccessorImpl.invoke0(Native Method)java.base/jdk.internal.reflect.NativeMethodAccessorImpl.invoke(NativeMethodAccessorImpl.java:62)java.base/jdk.internal.reflect.DelegatingMethodAccessorImpl.invoke(DelegatingMethodAccessorImpl.java:43)java.base/java.lang.reflect.Method.invoke(Method.java:566)org.testng.internal.MethodInvocationHelper.invokeMethod(MethodInvocationHelper.java:134)org.testng.internal.TestInvoker.invokeMethod(TestInvoker.java:597)org.testng.internal.TestInvoker.invokeTestMethod(TestInvoker.java:173)org.testng.internal.MethodRunner.runInSequence(MethodRunner.java:46)org.testng.internal.TestInvoker$MethodInvocationAgent.invoke(TestInvoker.java:816)org.testng.internal.TestInvoker.invokeTestMethods(TestInvoker.java:146)org.testng.internal.TestMethodWorker.invokeTestMethods(TestMethodWorker.java:146)org.testng.internal.TestMethodWorker.run(TestMethodWorker.java:128)java.base/java.util.ArrayList.forEach(ArrayList.java:1540)org.testng.TestRunner.privateRun(TestRunner.java:766)org.testng.TestRunner.run(TestRunner.java:587)org.testng.SuiteRunner.runTest(SuiteRunner.java:384)org.testng.SuiteRunner.runSequentially(SuiteRunner.java:378)org.testng.SuiteRunner.privateRun(SuiteRunner.java:337)org.testng.SuiteRunner.run(SuiteRunner.java:286)org.testng.SuiteRunnerWorker.runSuite(SuiteRunnerWorker.java:53)org.testng.SuiteRunnerWorker.run(SuiteRunnerWorker.java:96)org.testng.TestNG.runSuitesSequentially(TestNG.java:1187)org.testng.TestNG.runSuitesSequentially(TestNG.java:1182)org.testng.TestNG.runSuitesLocally(TestNG.java:1109)org.testng.TestNG.runSuites(TestNG.java:1039)org.testng.TestNG.run(TestNG.java:1007)org.apache.maven.surefire.testng.TestNGExecutor.run(TestNGExecutor.java:283)org.apache.maven.surefire.testng.TestNGXmlTestSuite.execute(TestNGXmlTestSuite.java:75)org.apache.maven.surefire.testng.TestNGProvider.invoke(TestNGProvider.java:120)org.apache.maven.surefire.booter.ForkedBooter.runSuitesInProcess(ForkedBooter.java:377)org.apache.maven.surefire.booter.ForkedBooter.execute(ForkedBooter.java:138)org.apache.maven.surefire.booter.ForkedBooter.run(ForkedBooter.java:465)org.apache.maven.surefire.booter.ForkedBooter.main(ForkedBooter.java:451)
]]>
            </failure>
    </testcase>
            <testcase
                name="clickonstepParcel"
                time="12.032"
                classname="pages.TestPageConsinment">

            <failure type="org.openqa.selenium.WebDriverException" message="chrome not reachable
  (Session info: chrome=83.0.4103.97)
Build info: version: &apos;3.141.59&apos;, revision: &apos;e82be7d358&apos;, time: &apos;2018-11-14T08:17:03&apos;
System info: host: &apos;WJLP-1098&apos;, ip: &apos;192.168.65.1&apos;, os.name: &apos;Windows 10&apos;, os.arch: &apos;amd64&apos;, os.version: &apos;10.0&apos;, java.version: &apos;11.0.7&apos;
Driver info: org.openqa.selenium.chrome.ChromeDriver
Capabilities {acceptInsecureCerts: false, browserName: chrome, browserVersion: 83.0.4103.97, chrome: {chromedriverVersion: 83.0.4103.39 (ccbf011cb2d2b..., userDataDir: C:\Users\nasreenk\AppData\L...}, goog:chromeOptions: {debuggerAddress: localhost:52301}, javascriptEnabled: true, networkConnectionEnabled: false, pageLoadStrategy: none, platform: WINDOWS, platformName: WINDOWS, proxy: Proxy(), setWindowRect: true, strictFileInteractability: false, timeouts: {implicit: 0, pageLoad: 300000, script: 30000}, unhandledPromptBehavior: dismiss and notify, webauthn:virtualAuthenticators: true}
Session ID: f23b9378a9c62eec14eec57ff77b3887
*** Element info: {Using=xpath, value=//div[@id=&apos;stepParcels&apos;]}">
                <![CDATA[org.openqa.selenium.WebDriverException: chrome not reachable
  (Session info: chrome=83.0.4103.97)
Build info: version: '3.141.59', revision: 'e82be7d358', time: '2018-11-14T08:17:03'
System info: host: 'WJLP-1098', ip: '192.168.65.1', os.name: 'Windows 10', os.arch: 'amd64', os.version: '10.0', java.version: '11.0.7'
Driver info: org.openqa.selenium.chrome.ChromeDriver
Capabilities {acceptInsecureCerts: false, browserName: chrome, browserVersion: 83.0.4103.97, chrome: {chromedriverVersion: 83.0.4103.39 (ccbf011cb2d2b..., userDataDir: C:\Users\nasreenk\AppData\L...}, goog:chromeOptions: {debuggerAddress: localhost:52301}, javascriptEnabled: true, networkConnectionEnabled: false, pageLoadStrategy: none, platform: WINDOWS, platformName: WINDOWS, proxy: Proxy(), setWindowRect: true, strictFileInteractability: false, timeouts: {implicit: 0, pageLoad: 300000, script: 30000}, unhandledPromptBehavior: dismiss and notify, webauthn:virtualAuthenticators: true}
Session ID: f23b9378a9c62eec14eec57ff77b3887
*** Element info: {Using=xpath, value=//div[@id='stepParcels']}
                java.base/jdk.internal.reflect.NativeConstructorAccessorImpl.newInstance0(Native Method)java.base/jdk.internal.reflect.NativeConstructorAccessorImpl.newInstance(NativeConstructorAccessorImpl.java:62)java.base/jdk.internal.reflect.DelegatingConstructorAccessorImpl.newInstance(DelegatingConstructorAccessorImpl.java:45)java.base/java.lang.reflect.Constructor.newInstance(Constructor.java:490)org.openqa.selenium.remote.http.W3CHttpResponseCodec.createException(W3CHttpResponseCodec.java:187)org.openqa.selenium.remote.http.W3CHttpResponseCodec.decode(W3CHttpResponseCodec.java:122)org.openqa.selenium.remote.http.W3CHttpResponseCodec.decode(W3CHttpResponseCodec.java:49)org.openqa.selenium.remote.HttpCommandExecutor.execute(HttpCommandExecutor.java:158)org.openqa.selenium.remote.service.DriverCommandExecutor.execute(DriverCommandExecutor.java:83)org.openqa.selenium.remote.RemoteWebDriver.execute(RemoteWebDriver.java:552)org.openqa.selenium.remote.RemoteWebDriver.findElement(RemoteWebDriver.java:323)org.openqa.selenium.remote.RemoteWebDriver.findElementByXPath(RemoteWebDriver.java:428)org.openqa.selenium.By$ByXPath.findElement(By.java:353)org.openqa.selenium.remote.RemoteWebDriver.findElement(RemoteWebDriver.java:315)jdk.internal.reflect.GeneratedMethodAccessor5.invoke(Unknown Source)java.base/jdk.internal.reflect.DelegatingMethodAccessorImpl.invoke(DelegatingMethodAccessorImpl.java:43)java.base/java.lang.reflect.Method.invoke(Method.java:566)org.openqa.selenium.support.events.EventFiringWebDriver.lambda$new$1(EventFiringWebDriver.java:105)com.sun.proxy.$Proxy12.findElement(Unknown Source)org.openqa.selenium.support.events.EventFiringWebDriver.findElement(EventFiringWebDriver.java:194)org.openqa.selenium.support.pagefactory.DefaultElementLocator.findElement(DefaultElementLocator.java:69)org.openqa.selenium.support.pagefactory.AjaxElementLocator.access$001(AjaxElementLocator.java:39)org.openqa.selenium.support.pagefactory.AjaxElementLocator$SlowLoadingElement.isLoaded(AjaxElementLocator.java:165)org.openqa.selenium.support.ui.SlowLoadableComponent.get(SlowLoadableComponent.java:51)org.openqa.selenium.support.pagefactory.AjaxElementLocator.findElement(AjaxElementLocator.java:95)org.openqa.selenium.support.pagefactory.internal.LocatingElementHandler.invoke(LocatingElementHandler.java:38)com.sun.proxy.$Proxy19.isDisplayed(Unknown Source)org.openqa.selenium.support.ui.ExpectedConditions.elementIfVisible(ExpectedConditions.java:314)org.openqa.selenium.support.ui.ExpectedConditions.access$000(ExpectedConditions.java:43)org.openqa.selenium.support.ui.ExpectedConditions$10.apply(ExpectedConditions.java:300)org.openqa.selenium.support.ui.ExpectedConditions$10.apply(ExpectedConditions.java:297)org.openqa.selenium.support.ui.ExpectedConditions$23.apply(ExpectedConditions.java:670)org.openqa.selenium.support.ui.ExpectedConditions$23.apply(ExpectedConditions.java:666)org.openqa.selenium.support.ui.FluentWait.until(FluentWait.java:249)pages.PageConsinment.clickonStepParcel(PageConsinment.java:350)pages.TestPageConsinment.clickonstepParcel(TestPageConsinment.java:170)java.base/jdk.internal.reflect.NativeMethodAccessorImpl.invoke0(Native Method)java.base/jdk.internal.reflect.NativeMethodAccessorImpl.invoke(NativeMethodAccessorImpl.java:62)java.base/jdk.internal.reflect.DelegatingMethodAccessorImpl.invoke(DelegatingMethodAccessorImpl.java:43)java.base/java.lang.reflect.Method.invoke(Method.java:566)org.testng.internal.MethodInvocationHelper.invokeMethod(MethodInvocationHelper.java:134)org.testng.internal.TestInvoker.invokeMethod(TestInvoker.java:597)org.testng.internal.TestInvoker.invokeTestMethod(TestInvoker.java:173)org.testng.internal.MethodRunner.runInSequence(MethodRunner.java:46)org.testng.internal.TestInvoker$MethodInvocationAgent.invoke(TestInvoker.java:816)org.testng.internal.TestInvoker.invokeTestMethods(TestInvoker.java:146)org.testng.internal.TestMethodWorker.invokeTestMethods(TestMethodWorker.java:146)org.testng.internal.TestMethodWorker.run(TestMethodWorker.java:128)java.base/java.util.ArrayList.forEach(ArrayList.java:1540)org.testng.TestRunner.privateRun(TestRunner.java:766)org.testng.TestRunner.run(TestRunner.java:587)org.testng.SuiteRunner.runTest(SuiteRunner.java:384)org.testng.SuiteRunner.runSequentially(SuiteRunner.java:378)org.testng.SuiteRunner.privateRun(SuiteRunner.java:337)org.testng.SuiteRunner.run(SuiteRunner.java:286)org.testng.SuiteRunnerWorker.runSuite(SuiteRunnerWorker.java:53)org.testng.SuiteRunnerWorker.run(SuiteRunnerWorker.java:96)org.testng.TestNG.runSuitesSequentially(TestNG.java:1187)org.testng.TestNG.runSuitesSequentially(TestNG.java:1182)org.testng.TestNG.runSuitesLocally(TestNG.java:1109)org.testng.TestNG.runSuites(TestNG.java:1039)org.testng.TestNG.run(TestNG.java:1007)org.apache.maven.surefire.testng.TestNGExecutor.run(TestNGExecutor.java:283)org.apache.maven.surefire.testng.TestNGXmlTestSuite.execute(TestNGXmlTestSuite.java:75)org.apache.maven.surefire.testng.TestNGProvider.invoke(TestNGProvider.java:120)org.apache.maven.surefire.booter.ForkedBooter.runSuitesInProcess(ForkedBooter.java:377)org.apache.maven.surefire.booter.ForkedBooter.execute(ForkedBooter.java:138)org.apache.maven.surefire.booter.ForkedBooter.run(ForkedBooter.java:465)org.apache.maven.surefire.booter.ForkedBooter.main(ForkedBooter.java:451)
]]>
            </failure>
    </testcase>


            <testcase
                name="doStarted"
                time="59.236"
                classname="pages.TestPageConsinment">
            </testcase>
            <testcase
                name="clickOnResetButton"
                time="5.535"
                classname="pages.TestPageConsinment">
            </testcase>
            <testcase
                name="thirdStepReciever"
                time="38.664"
                classname="pages.TestPageConsinment">
            </testcase>
            <testcase
                name="clickOnSenderName"
                time="5.496"
                classname="pages.TestPageConsinment">
            </testcase>
            <testcase
                name="commudityValidation"
                time="14.312"
                classname="pages.TestPageConsinment">
            </testcase>
            <testcase
                name="selectCommudityJwellery"
                time="6.462"
                classname="pages.TestPageConsinment">
            </testcase>
            <testcase
                name="clickOnbuttonEditContact"
                time="7.232"
                classname="pages.TestPageConsinment">
            </testcase>
            <testcase
                name="clickOnSecondStepper"
                time="5.283"
                classname="pages.TestPageConsinment">
            </testcase>
            <testcase
                name="clickOnbuttonNewReceiver"
                time="16.256"
                classname="pages.TestPageConsinment">
            </testcase>
            <testcase
                name="validateButtonNewContact"
                time="10.802"
                classname="pages.TestPageConsinment">
            </testcase>
            <testcase
                name="selectMenufromSenderName"
                time="5.267"
                classname="pages.TestPageConsinment">
            </testcase>
            <testcase
                name="clickonCancelbuttonNewCustomer"
                time="5.370"
                classname="pages.TestPageConsinment">
            </testcase>
</testsuite>
